{"C:\\GentleBaby3000\\src\\components\\Button.tsx": {"path":"C:\\GentleBaby3000\\src\\components\\Button.tsx","statementMap":{"0":{"start":{"line":20,"column":20},"end":{"line":20,"column":61}},"1":{"start":{"line":22,"column":24},"end":{"line":28,"column":3}},"2":{"start":{"line":29,"column":28},"end":{"line":35,"column":3}},"3":{"start":{"line":36,"column":21},"end":{"line":40,"column":3}},"4":{"start":{"line":41,"column":25},"end":{"line":45,"column":3}},"5":{"start":{"line":46,"column":2},"end":{"line":57,"column":4}}},"fnMap":{"0":{"name":"Button","decl":{"start":{"line":12,"column":24},"end":{"line":12,"column":30}},"loc":{"start":{"line":18,"column":16},"end":{"line":58,"column":1}},"line":18}},"branchMap":{"0":{"loc":{"start":{"line":15,"column":2},"end":{"line":15,"column":23}},"type":"default-arg","locations":[{"start":{"line":15,"column":12},"end":{"line":15,"column":23}}],"line":15},"1":{"loc":{"start":{"line":16,"column":2},"end":{"line":16,"column":13}},"type":"default-arg","locations":[{"start":{"line":16,"column":9},"end":{"line":16,"column":13}}],"line":16},"2":{"loc":{"start":{"line":17,"column":2},"end":{"line":17,"column":18}},"type":"default-arg","locations":[{"start":{"line":17,"column":13},"end":{"line":17,"column":18}}],"line":17},"3":{"loc":{"start":{"line":50,"column":79},"end":{"line":50,"column":107}},"type":"cond-expr","locations":[{"start":{"line":50,"column":90},"end":{"line":50,"column":102}},{"start":{"line":50,"column":105},"end":{"line":50,"column":107}}],"line":50}},"s":{"0":0,"1":0,"2":0,"3":0,"4":0,"5":0},"f":{"0":0},"b":{"0":[0],"1":[0],"2":[0],"3":[0,0]}}
,"C:\\GentleBaby3000\\src\\components\\EditProfileForm.tsx": {"path":"C:\\GentleBaby3000\\src\\components\\EditProfileForm.tsx","statementMap":{"0":{"start":{"line":16,"column":55},"end":{"line":93,"column":1}},"1":{"start":{"line":17,"column":273},"end":{"line":17,"column":296}},"2":{"start":{"line":19,"column":2},"end":{"line":92,"column":4}},"3":{"start":{"line":24,"column":34},"end":{"line":24,"column":57}},"4":{"start":{"line":30,"column":34},"end":{"line":30,"column":56}},"5":{"start":{"line":36,"column":34},"end":{"line":36,"column":59}},"6":{"start":{"line":47,"column":38},"end":{"line":47,"column":63}},"7":{"start":{"line":60,"column":67},"end":{"line":60,"column":85}},"8":{"start":{"line":73,"column":38},"end":{"line":73,"column":59}},"9":{"start":{"line":80,"column":38},"end":{"line":80,"column":63}},"10":{"start":{"line":95,"column":15},"end":{"line":115,"column":2}}},"fnMap":{"0":{"name":"(anonymous_0)","decl":{"start":{"line":16,"column":55},"end":{"line":16,"column":56}},"loc":{"start":{"line":16,"column":72},"end":{"line":93,"column":1}},"line":16},"1":{"name":"(anonymous_1)","decl":{"start":{"line":24,"column":22},"end":{"line":24,"column":23}},"loc":{"start":{"line":24,"column":32},"end":{"line":24,"column":59}},"line":24},"2":{"name":"(anonymous_2)","decl":{"start":{"line":30,"column":22},"end":{"line":30,"column":23}},"loc":{"start":{"line":30,"column":32},"end":{"line":30,"column":58}},"line":30},"3":{"name":"(anonymous_3)","decl":{"start":{"line":36,"column":22},"end":{"line":36,"column":23}},"loc":{"start":{"line":36,"column":32},"end":{"line":36,"column":61}},"line":36},"4":{"name":"(anonymous_4)","decl":{"start":{"line":47,"column":26},"end":{"line":47,"column":27}},"loc":{"start":{"line":47,"column":36},"end":{"line":47,"column":65}},"line":47},"5":{"name":"(anonymous_5)","decl":{"start":{"line":60,"column":59},"end":{"line":60,"column":60}},"loc":{"start":{"line":60,"column":65},"end":{"line":60,"column":87}},"line":60},"6":{"name":"(anonymous_6)","decl":{"start":{"line":73,"column":26},"end":{"line":73,"column":27}},"loc":{"start":{"line":73,"column":36},"end":{"line":73,"column":61}},"line":73},"7":{"name":"(anonymous_7)","decl":{"start":{"line":80,"column":26},"end":{"line":80,"column":27}},"loc":{"start":{"line":80,"column":36},"end":{"line":80,"column":65}},"line":80}},"branchMap":{"0":{"loc":{"start":{"line":23,"column":21},"end":{"line":23,"column":48}},"type":"binary-expr","locations":[{"start":{"line":23,"column":21},"end":{"line":23,"column":36}},{"start":{"line":23,"column":40},"end":{"line":23,"column":48}}],"line":23},"1":{"loc":{"start":{"line":29,"column":21},"end":{"line":29,"column":44}},"type":"binary-expr","locations":[{"start":{"line":29,"column":21},"end":{"line":29,"column":35}},{"start":{"line":29,"column":39},"end":{"line":29,"column":44}}],"line":29},"2":{"loc":{"start":{"line":35,"column":21},"end":{"line":35,"column":43}},"type":"binary-expr","locations":[{"start":{"line":35,"column":21},"end":{"line":35,"column":32}},{"start":{"line":35,"column":36},"end":{"line":35,"column":43}}],"line":35},"3":{"loc":{"start":{"line":40,"column":7},"end":{"line":50,"column":12}},"type":"binary-expr","locations":[{"start":{"line":40,"column":7},"end":{"line":40,"column":24}},{"start":{"line":41,"column":9},"end":{"line":50,"column":11}}],"line":40},"4":{"loc":{"start":{"line":52,"column":7},"end":{"line":56,"column":7}},"type":"binary-expr","locations":[{"start":{"line":52,"column":7},"end":{"line":52,"column":23}},{"start":{"line":53,"column":8},"end":{"line":55,"column":15}}],"line":52},"5":{"loc":{"start":{"line":57,"column":7},"end":{"line":64,"column":9}},"type":"binary-expr","locations":[{"start":{"line":57,"column":7},"end":{"line":57,"column":23}},{"start":{"line":58,"column":9},"end":{"line":63,"column":11}}],"line":57},"6":{"loc":{"start":{"line":66,"column":7},"end":{"line":82,"column":12}},"type":"binary-expr","locations":[{"start":{"line":66,"column":7},"end":{"line":66,"column":24}},{"start":{"line":67,"column":9},"end":{"line":82,"column":11}}],"line":66},"7":{"loc":{"start":{"line":85,"column":7},"end":{"line":90,"column":12}},"type":"binary-expr","locations":[{"start":{"line":85,"column":8},"end":{"line":85,"column":24}},{"start":{"line":85,"column":28},"end":{"line":85,"column":45}},{"start":{"line":86,"column":9},"end":{"line":90,"column":11}}],"line":85}},"s":{"0":0,"1":0,"2":0,"3":0,"4":0,"5":0,"6":0,"7":0,"8":0,"9":0,"10":0},"f":{"0":0,"1":0,"2":0,"3":0,"4":0,"5":0,"6":0,"7":0},"b":{"0":[0,0],"1":[0,0],"2":[0,0],"3":[0,0],"4":[0,0],"5":[0,0],"6":[0,0],"7":[0,0,0]}}
,"C:\\GentleBaby3000\\src\\components\\FamilyMember.tsx": {"path":"C:\\GentleBaby3000\\src\\components\\FamilyMember.tsx","statementMap":{"0":{"start":{"line":29,"column":59},"end":{"line":157,"column":1}},"1":{"start":{"line":30,"column":17},"end":{"line":30,"column":28}},"2":{"start":{"line":32,"column":2},"end":{"line":156,"column":4}},"3":{"start":{"line":48,"column":48},"end":{"line":48,"column":76}},"4":{"start":{"line":54,"column":55},"end":{"line":54,"column":87}},"5":{"start":{"line":65,"column":10},"end":{"line":142,"column":17}},"6":{"start":{"line":71,"column":53},"end":{"line":71,"column":57}},"7":{"start":{"line":130,"column":75},"end":{"line":138,"column":16}}},"fnMap":{"0":{"name":"(anonymous_0)","decl":{"start":{"line":29,"column":59},"end":{"line":29,"column":60}},"loc":{"start":{"line":29,"column":82},"end":{"line":157,"column":1}},"line":29},"1":{"name":"(anonymous_1)","decl":{"start":{"line":48,"column":34},"end":{"line":48,"column":35}},"loc":{"start":{"line":48,"column":48},"end":{"line":48,"column":76}},"line":48},"2":{"name":"(anonymous_2)","decl":{"start":{"line":54,"column":34},"end":{"line":54,"column":35}},"loc":{"start":{"line":54,"column":55},"end":{"line":54,"column":87}},"line":54},"3":{"name":"(anonymous_3)","decl":{"start":{"line":64,"column":27},"end":{"line":64,"column":28}},"loc":{"start":{"line":65,"column":10},"end":{"line":142,"column":17}},"line":65},"4":{"name":"(anonymous_4)","decl":{"start":{"line":71,"column":48},"end":{"line":71,"column":49}},"loc":{"start":{"line":71,"column":53},"end":{"line":71,"column":57}},"line":71},"5":{"name":"(anonymous_5)","decl":{"start":{"line":130,"column":69},"end":{"line":130,"column":70}},"loc":{"start":{"line":130,"column":75},"end":{"line":138,"column":16}},"line":130}},"branchMap":{"0":{"loc":{"start":{"line":48,"column":48},"end":{"line":48,"column":76}},"type":"cond-expr","locations":[{"start":{"line":48,"column":59},"end":{"line":48,"column":68}},{"start":{"line":48,"column":71},"end":{"line":48,"column":76}}],"line":48},"1":{"loc":{"start":{"line":90,"column":15},"end":{"line":119,"column":15}},"type":"binary-expr","locations":[{"start":{"line":90,"column":15},"end":{"line":90,"column":28}},{"start":{"line":91,"column":16},"end":{"line":118,"column":23}}],"line":90},"2":{"loc":{"start":{"line":99,"column":25},"end":{"line":99,"column":149}},"type":"cond-expr","locations":[{"start":{"line":99,"column":61},"end":{"line":99,"column":104}},{"start":{"line":99,"column":107},"end":{"line":99,"column":149}}],"line":99},"3":{"loc":{"start":{"line":125,"column":15},"end":{"line":129,"column":15}},"type":"binary-expr","locations":[{"start":{"line":125,"column":15},"end":{"line":125,"column":29}},{"start":{"line":126,"column":16},"end":{"line":128,"column":35}}],"line":125}},"s":{"0":1,"1":4,"2":4,"3":8,"4":8,"5":8,"6":16,"7":1},"f":{"0":4,"1":8,"2":8,"3":8,"4":16,"5":1},"b":{"0":[4,4],"1":[8,4],"2":[0,4],"3":[8,4]},"_coverageSchema":"1a1c01bbd47fc00a2c39e90264f33305004495a9","hash":"1304e9b2a0f5e6c2ca48f7179a14c37378f1b440"}
,"C:\\GentleBaby3000\\src\\components\\ROInput.tsx": {"path":"C:\\GentleBaby3000\\src\\components\\ROInput.tsx","statementMap":{"0":{"start":{"line":13,"column":2},"end":{"line":24,"column":4}},"1":{"start":{"line":27,"column":15},"end":{"line":34,"column":2}}},"fnMap":{"0":{"name":"ROInput","decl":{"start":{"line":4,"column":24},"end":{"line":4,"column":31}},"loc":{"start":{"line":12,"column":3},"end":{"line":25,"column":1}},"line":12}},"branchMap":{"0":{"loc":{"start":{"line":21,"column":22},"end":{"line":21,"column":47}},"type":"binary-expr","locations":[{"start":{"line":21,"column":22},"end":{"line":21,"column":34}},{"start":{"line":21,"column":38},"end":{"line":21,"column":47}}],"line":21}},"s":{"0":0,"1":0},"f":{"0":0},"b":{"0":[0,0]}}
,"C:\\GentleBaby3000\\src\\components\\RoleListe.tsx": {"path":"C:\\GentleBaby3000\\src\\components\\RoleListe.tsx","statementMap":{"0":{"start":{"line":9,"column":24},"end":{"line":24,"column":1}},"1":{"start":{"line":11,"column":2},"end":{"line":22,"column":4}},"2":{"start":{"line":15,"column":8},"end":{"line":19,"column":27}},"3":{"start":{"line":15,"column":71},"end":{"line":15,"column":90}},"4":{"start":{"line":20,"column":28},"end":{"line":20,"column":35}}},"fnMap":{"0":{"name":"(anonymous_0)","decl":{"start":{"line":9,"column":24},"end":{"line":9,"column":25}},"loc":{"start":{"line":9,"column":76},"end":{"line":24,"column":1}},"line":9},"1":{"name":"(anonymous_1)","decl":{"start":{"line":14,"column":18},"end":{"line":14,"column":19}},"loc":{"start":{"line":15,"column":8},"end":{"line":19,"column":27}},"line":15},"2":{"name":"(anonymous_2)","decl":{"start":{"line":15,"column":65},"end":{"line":15,"column":66}},"loc":{"start":{"line":15,"column":71},"end":{"line":15,"column":90}},"line":15},"3":{"name":"(anonymous_3)","decl":{"start":{"line":20,"column":20},"end":{"line":20,"column":21}},"loc":{"start":{"line":20,"column":28},"end":{"line":20,"column":35}},"line":20}},"branchMap":{},"s":{"0":1,"1":3,"2":8,"3":1,"4":10},"f":{"0":3,"1":8,"2":1,"3":10},"b":{},"_coverageSchema":"1a1c01bbd47fc00a2c39e90264f33305004495a9","hash":"2b8a8f4f0eea8826747128b7f04ad6d707299a60"}
,"C:\\GentleBaby3000\\src\\components\\backgroundShapes.tsx": {"path":"C:\\GentleBaby3000\\src\\components\\backgroundShapes.tsx","statementMap":{"0":{"start":{"line":12,"column":26},"end":{"line":12,"column":50}},"1":{"start":{"line":18,"column":58},"end":{"line":103,"column":1}},"2":{"start":{"line":19,"column":20},"end":{"line":19,"column":37}},"3":{"start":{"line":20,"column":20},"end":{"line":20,"column":37}},"4":{"start":{"line":21,"column":20},"end":{"line":21,"column":37}},"5":{"start":{"line":23,"column":2},"end":{"line":27,"column":40}},"6":{"start":{"line":24,"column":4},"end":{"line":24,"column":79}},"7":{"start":{"line":25,"column":4},"end":{"line":25,"column":79}},"8":{"start":{"line":26,"column":4},"end":{"line":26,"column":79}},"9":{"start":{"line":29,"column":25},"end":{"line":35,"column":5}},"10":{"start":{"line":29,"column":49},"end":{"line":35,"column":3}},"11":{"start":{"line":37,"column":25},"end":{"line":43,"column":5}},"12":{"start":{"line":37,"column":49},"end":{"line":43,"column":3}},"13":{"start":{"line":45,"column":25},"end":{"line":50,"column":5}},"14":{"start":{"line":45,"column":49},"end":{"line":50,"column":3}},"15":{"start":{"line":52,"column":25},"end":{"line":58,"column":5}},"16":{"start":{"line":52,"column":49},"end":{"line":58,"column":3}},"17":{"start":{"line":60,"column":2},"end":{"line":102,"column":4}}},"fnMap":{"0":{"name":"(anonymous_0)","decl":{"start":{"line":18,"column":58},"end":{"line":18,"column":59}},"loc":{"start":{"line":18,"column":73},"end":{"line":103,"column":1}},"line":18},"1":{"name":"(anonymous_1)","decl":{"start":{"line":23,"column":12},"end":{"line":23,"column":13}},"loc":{"start":{"line":23,"column":18},"end":{"line":27,"column":3}},"line":23},"2":{"name":"(anonymous_2)","decl":{"start":{"line":29,"column":42},"end":{"line":29,"column":43}},"loc":{"start":{"line":29,"column":49},"end":{"line":35,"column":3}},"line":29},"3":{"name":"(anonymous_3)","decl":{"start":{"line":37,"column":42},"end":{"line":37,"column":43}},"loc":{"start":{"line":37,"column":49},"end":{"line":43,"column":3}},"line":37},"4":{"name":"(anonymous_4)","decl":{"start":{"line":45,"column":42},"end":{"line":45,"column":43}},"loc":{"start":{"line":45,"column":49},"end":{"line":50,"column":3}},"line":45},"5":{"name":"(anonymous_5)","decl":{"start":{"line":52,"column":42},"end":{"line":52,"column":43}},"loc":{"start":{"line":52,"column":49},"end":{"line":58,"column":3}},"line":52}},"branchMap":{},"s":{"0":1,"1":1,"2":1,"3":1,"4":1,"5":1,"6":1,"7":1,"8":1,"9":1,"10":6,"11":1,"12":6,"13":1,"14":6,"15":1,"16":6,"17":1},"f":{"0":1,"1":1,"2":6,"3":6,"4":6,"5":6},"b":{},"_coverageSchema":"1a1c01bbd47fc00a2c39e90264f33305004495a9","hash":"56949fbc6107785e57d56b1f174edc6fcdc728ba"}
,"C:\\GentleBaby3000\\src\\components\\loadingScreen.tsx": {"path":"C:\\GentleBaby3000\\src\\components\\loadingScreen.tsx","statementMap":{"0":{"start":{"line":5,"column":2},"end":{"line":10,"column":4}},"1":{"start":{"line":13,"column":15},"end":{"line":25,"column":2}}},"fnMap":{"0":{"name":"LoadingScreen","decl":{"start":{"line":4,"column":24},"end":{"line":4,"column":37}},"loc":{"start":{"line":4,"column":40},"end":{"line":11,"column":1}},"line":4}},"branchMap":{},"s":{"0":0,"1":0},"f":{"0":0},"b":{}}
,"C:\\GentleBaby3000\\src\\components\\activity\\taskCard.tsx": {"path":"C:\\GentleBaby3000\\src\\components\\activity\\taskCard.tsx","statementMap":{"0":{"start":{"line":13,"column":49},"end":{"line":119,"column":1}},"1":{"start":{"line":20,"column":25},"end":{"line":27,"column":3}},"2":{"start":{"line":21,"column":4},"end":{"line":26,"column":5}},"3":{"start":{"line":22,"column":22},"end":{"line":22,"column":39}},"4":{"start":{"line":23,"column":20},"end":{"line":23,"column":37}},"5":{"start":{"line":24,"column":20},"end":{"line":24,"column":37}},"6":{"start":{"line":25,"column":13},"end":{"line":25,"column":30}},"7":{"start":{"line":29,"column":25},"end":{"line":36,"column":3}},"8":{"start":{"line":30,"column":4},"end":{"line":35,"column":5}},"9":{"start":{"line":31,"column":22},"end":{"line":31,"column":39}},"10":{"start":{"line":32,"column":20},"end":{"line":32,"column":38}},"11":{"start":{"line":33,"column":20},"end":{"line":33,"column":39}},"12":{"start":{"line":34,"column":13},"end":{"line":34,"column":30}},"13":{"start":{"line":38,"column":2},"end":{"line":118,"column":4}},"14":{"start":{"line":73,"column":25},"end":{"line":73,"column":40}},"15":{"start":{"line":83,"column":25},"end":{"line":83,"column":61}},"16":{"start":{"line":93,"column":27},"end":{"line":93,"column":50}},"17":{"start":{"line":101,"column":25},"end":{"line":112,"column":11}},"18":{"start":{"line":109,"column":31},"end":{"line":109,"column":59}},"19":{"start":{"line":121,"column":15},"end":{"line":299,"column":2}}},"fnMap":{"0":{"name":"(anonymous_0)","decl":{"start":{"line":13,"column":49},"end":{"line":13,"column":50}},"loc":{"start":{"line":19,"column":6},"end":{"line":119,"column":1}},"line":19},"1":{"name":"(anonymous_1)","decl":{"start":{"line":20,"column":25},"end":{"line":20,"column":26}},"loc":{"start":{"line":20,"column":53},"end":{"line":27,"column":3}},"line":20},"2":{"name":"(anonymous_2)","decl":{"start":{"line":29,"column":25},"end":{"line":29,"column":26}},"loc":{"start":{"line":29,"column":53},"end":{"line":36,"column":3}},"line":29},"3":{"name":"(anonymous_3)","decl":{"start":{"line":73,"column":19},"end":{"line":73,"column":20}},"loc":{"start":{"line":73,"column":25},"end":{"line":73,"column":40}},"line":73},"4":{"name":"(anonymous_4)","decl":{"start":{"line":83,"column":19},"end":{"line":83,"column":20}},"loc":{"start":{"line":83,"column":25},"end":{"line":83,"column":61}},"line":83},"5":{"name":"(anonymous_5)","decl":{"start":{"line":93,"column":21},"end":{"line":93,"column":22}},"loc":{"start":{"line":93,"column":27},"end":{"line":93,"column":50}},"line":93},"6":{"name":"(anonymous_6)","decl":{"start":{"line":101,"column":19},"end":{"line":101,"column":20}},"loc":{"start":{"line":101,"column":25},"end":{"line":112,"column":11}},"line":101},"7":{"name":"(anonymous_7)","decl":{"start":{"line":109,"column":25},"end":{"line":109,"column":26}},"loc":{"start":{"line":109,"column":31},"end":{"line":109,"column":59}},"line":109}},"branchMap":{"0":{"loc":{"start":{"line":21,"column":4},"end":{"line":26,"column":5}},"type":"switch","locations":[{"start":{"line":22,"column":4},"end":{"line":22,"column":39}},{"start":{"line":23,"column":4},"end":{"line":23,"column":37}},{"start":{"line":24,"column":4},"end":{"line":24,"column":37}},{"start":{"line":25,"column":4},"end":{"line":25,"column":30}}],"line":21},"1":{"loc":{"start":{"line":30,"column":4},"end":{"line":35,"column":5}},"type":"switch","locations":[{"start":{"line":31,"column":4},"end":{"line":31,"column":39}},{"start":{"line":32,"column":4},"end":{"line":32,"column":38}},{"start":{"line":33,"column":4},"end":{"line":33,"column":39}},{"start":{"line":34,"column":4},"end":{"line":34,"column":30}}],"line":30},"2":{"loc":{"start":{"line":39,"column":35},"end":{"line":39,"column":74}},"type":"binary-expr","locations":[{"start":{"line":39,"column":35},"end":{"line":39,"column":47}},{"start":{"line":39,"column":51},"end":{"line":39,"column":74}}],"line":39},"3":{"loc":{"start":{"line":46,"column":15},"end":{"line":46,"column":59}},"type":"binary-expr","locations":[{"start":{"line":46,"column":15},"end":{"line":46,"column":40}},{"start":{"line":46,"column":44},"end":{"line":46,"column":59}}],"line":46},"4":{"loc":{"start":{"line":47,"column":15},"end":{"line":47,"column":57}},"type":"binary-expr","locations":[{"start":{"line":47,"column":15},"end":{"line":47,"column":39}},{"start":{"line":47,"column":43},"end":{"line":47,"column":57}}],"line":47},"5":{"loc":{"start":{"line":48,"column":15},"end":{"line":48,"column":54}},"type":"binary-expr","locations":[{"start":{"line":48,"column":15},"end":{"line":48,"column":36}},{"start":{"line":48,"column":40},"end":{"line":48,"column":54}}],"line":48},"6":{"loc":{"start":{"line":61,"column":9},"end":{"line":63,"column":9}},"type":"binary-expr","locations":[{"start":{"line":61,"column":9},"end":{"line":61,"column":34}},{"start":{"line":62,"column":10},"end":{"line":62,"column":81}}],"line":61},"7":{"loc":{"start":{"line":64,"column":9},"end":{"line":66,"column":9}},"type":"binary-expr","locations":[{"start":{"line":64,"column":9},"end":{"line":64,"column":33}},{"start":{"line":64,"column":37},"end":{"line":64,"column":52}},{"start":{"line":65,"column":10},"end":{"line":65,"column":88}}],"line":64},"8":{"loc":{"start":{"line":81,"column":12},"end":{"line":81,"column":68}},"type":"cond-expr","locations":[{"start":{"line":81,"column":26},"end":{"line":81,"column":46}},{"start":{"line":81,"column":49},"end":{"line":81,"column":68}}],"line":81},"9":{"loc":{"start":{"line":86,"column":13},"end":{"line":86,"column":57}},"type":"cond-expr","locations":[{"start":{"line":86,"column":27},"end":{"line":86,"column":42}},{"start":{"line":86,"column":45},"end":{"line":86,"column":57}}],"line":86},"10":{"loc":{"start":{"line":90,"column":9},"end":{"line":97,"column":9}},"type":"binary-expr","locations":[{"start":{"line":90,"column":9},"end":{"line":90,"column":36}},{"start":{"line":91,"column":10},"end":{"line":96,"column":29}}],"line":90}},"s":{"0":0,"1":0,"2":0,"3":0,"4":0,"5":0,"6":0,"7":0,"8":0,"9":0,"10":0,"11":0,"12":0,"13":0,"14":0,"15":0,"16":0,"17":0,"18":0,"19":0},"f":{"0":0,"1":0,"2":0,"3":0,"4":0,"5":0,"6":0,"7":0},"b":{"0":[0,0,0,0],"1":[0,0,0,0],"2":[0,0],"3":[0,0],"4":[0,0],"5":[0,0],"6":[0,0],"7":[0,0,0],"8":[0,0],"9":[0,0],"10":[0,0]}}
,"C:\\GentleBaby3000\\src\\components\\activity\\taskFilters.tsx": {"path":"C:\\GentleBaby3000\\src\\components\\activity\\taskFilters.tsx","statementMap":{"0":{"start":{"line":11,"column":55},"end":{"line":70,"column":1}},"1":{"start":{"line":17,"column":2},"end":{"line":69,"column":5}},"2":{"start":{"line":22,"column":10},"end":{"line":39,"column":29}},"3":{"start":{"line":28,"column":27},"end":{"line":28,"column":51}},"4":{"start":{"line":48,"column":10},"end":{"line":65,"column":29}},"5":{"start":{"line":54,"column":27},"end":{"line":54,"column":55}},"6":{"start":{"line":72,"column":15},"end":{"line":110,"column":2}}},"fnMap":{"0":{"name":"(anonymous_0)","decl":{"start":{"line":11,"column":55},"end":{"line":11,"column":56}},"loc":{"start":{"line":17,"column":2},"end":{"line":69,"column":5}},"line":17},"1":{"name":"(anonymous_1)","decl":{"start":{"line":21,"column":55},"end":{"line":21,"column":56}},"loc":{"start":{"line":22,"column":10},"end":{"line":39,"column":29}},"line":22},"2":{"name":"(anonymous_2)","decl":{"start":{"line":28,"column":21},"end":{"line":28,"column":22}},"loc":{"start":{"line":28,"column":27},"end":{"line":28,"column":51}},"line":28},"3":{"name":"(anonymous_3)","decl":{"start":{"line":47,"column":56},"end":{"line":47,"column":57}},"loc":{"start":{"line":48,"column":10},"end":{"line":65,"column":29}},"line":48},"4":{"name":"(anonymous_4)","decl":{"start":{"line":54,"column":21},"end":{"line":54,"column":22}},"loc":{"start":{"line":54,"column":27},"end":{"line":54,"column":55}},"line":54}},"branchMap":{"0":{"loc":{"start":{"line":26,"column":14},"end":{"line":26,"column":62}},"type":"binary-expr","locations":[{"start":{"line":26,"column":14},"end":{"line":26,"column":33}},{"start":{"line":26,"column":37},"end":{"line":26,"column":62}}],"line":26},"1":{"loc":{"start":{"line":32,"column":14},"end":{"line":32,"column":66}},"type":"binary-expr","locations":[{"start":{"line":32,"column":14},"end":{"line":32,"column":33}},{"start":{"line":32,"column":37},"end":{"line":32,"column":66}}],"line":32},"2":{"loc":{"start":{"line":34,"column":15},"end":{"line":34,"column":39}},"type":"binary-expr","locations":[{"start":{"line":34,"column":15},"end":{"line":34,"column":29}},{"start":{"line":34,"column":33},"end":{"line":34,"column":39}}],"line":34},"3":{"loc":{"start":{"line":35,"column":15},"end":{"line":35,"column":52}},"type":"binary-expr","locations":[{"start":{"line":35,"column":15},"end":{"line":35,"column":35}},{"start":{"line":35,"column":39},"end":{"line":35,"column":52}}],"line":35},"4":{"loc":{"start":{"line":36,"column":15},"end":{"line":36,"column":51}},"type":"binary-expr","locations":[{"start":{"line":36,"column":15},"end":{"line":36,"column":34}},{"start":{"line":36,"column":38},"end":{"line":36,"column":51}}],"line":36},"5":{"loc":{"start":{"line":37,"column":15},"end":{"line":37,"column":47}},"type":"binary-expr","locations":[{"start":{"line":37,"column":15},"end":{"line":37,"column":31}},{"start":{"line":37,"column":35},"end":{"line":37,"column":47}}],"line":37},"6":{"loc":{"start":{"line":52,"column":14},"end":{"line":52,"column":66}},"type":"binary-expr","locations":[{"start":{"line":52,"column":14},"end":{"line":52,"column":37}},{"start":{"line":52,"column":41},"end":{"line":52,"column":66}}],"line":52},"7":{"loc":{"start":{"line":58,"column":14},"end":{"line":58,"column":70}},"type":"binary-expr","locations":[{"start":{"line":58,"column":14},"end":{"line":58,"column":37}},{"start":{"line":58,"column":41},"end":{"line":58,"column":70}}],"line":58},"8":{"loc":{"start":{"line":60,"column":15},"end":{"line":60,"column":41}},"type":"binary-expr","locations":[{"start":{"line":60,"column":15},"end":{"line":60,"column":31}},{"start":{"line":60,"column":35},"end":{"line":60,"column":41}}],"line":60},"9":{"loc":{"start":{"line":61,"column":15},"end":{"line":61,"column":53}},"type":"binary-expr","locations":[{"start":{"line":61,"column":15},"end":{"line":61,"column":37}},{"start":{"line":61,"column":41},"end":{"line":61,"column":53}}],"line":61},"10":{"loc":{"start":{"line":62,"column":15},"end":{"line":62,"column":52}},"type":"binary-expr","locations":[{"start":{"line":62,"column":15},"end":{"line":62,"column":35}},{"start":{"line":62,"column":39},"end":{"line":62,"column":52}}],"line":62},"11":{"loc":{"start":{"line":63,"column":15},"end":{"line":63,"column":50}},"type":"binary-expr","locations":[{"start":{"line":63,"column":15},"end":{"line":63,"column":35}},{"start":{"line":63,"column":39},"end":{"line":63,"column":50}}],"line":63}},"s":{"0":0,"1":0,"2":0,"3":0,"4":0,"5":0,"6":0},"f":{"0":0,"1":0,"2":0,"3":0,"4":0},"b":{"0":[0,0],"1":[0,0],"2":[0,0],"3":[0,0],"4":[0,0],"5":[0,0],"6":[0,0],"7":[0,0],"8":[0,0],"9":[0,0],"10":[0,0],"11":[0,0]}}
,"C:\\GentleBaby3000\\src\\components\\auth\\protectedRoute.tsx": {"path":"C:\\GentleBaby3000\\src\\components\\auth\\protectedRoute.tsx","statementMap":{},"fnMap":{},"branchMap":{},"s":{},"f":{},"b":{}}
,"C:\\GentleBaby3000\\src\\components\\child\\childForm.tsx": {"path":"C:\\GentleBaby3000\\src\\components\\child\\childForm.tsx","statementMap":{"0":{"start":{"line":34,"column":61},"end":{"line":54,"column":1}},"1":{"start":{"line":37,"column":2},"end":{"line":53,"column":9}},"2":{"start":{"line":56,"column":61},"end":{"line":81,"column":1}},"3":{"start":{"line":57,"column":2},"end":{"line":80,"column":9}},"4":{"start":{"line":61,"column":8},"end":{"line":76,"column":27}},"5":{"start":{"line":68,"column":25},"end":{"line":68,"column":41}},"6":{"start":{"line":83,"column":57},"end":{"line":120,"column":1}},"7":{"start":{"line":84,"column":38},"end":{"line":84,"column":53}},"8":{"start":{"line":86,"column":23},"end":{"line":89,"column":3}},"9":{"start":{"line":87,"column":4},"end":{"line":87,"column":25}},"10":{"start":{"line":88,"column":4},"end":{"line":88,"column":49}},"11":{"start":{"line":88,"column":22},"end":{"line":88,"column":49}},"12":{"start":{"line":91,"column":21},"end":{"line":91,"column":118}},"13":{"start":{"line":91,"column":34},"end":{"line":91,"column":118}},"14":{"start":{"line":93,"column":2},"end":{"line":119,"column":4}},"15":{"start":{"line":102,"column":23},"end":{"line":102,"column":42}},"16":{"start":{"line":122,"column":15},"end":{"line":152,"column":2}}},"fnMap":{"0":{"name":"(anonymous_0)","decl":{"start":{"line":34,"column":61},"end":{"line":34,"column":62}},"loc":{"start":{"line":37,"column":2},"end":{"line":53,"column":9}},"line":37},"1":{"name":"(anonymous_1)","decl":{"start":{"line":56,"column":61},"end":{"line":56,"column":62}},"loc":{"start":{"line":57,"column":2},"end":{"line":80,"column":9}},"line":57},"2":{"name":"(anonymous_2)","decl":{"start":{"line":60,"column":50},"end":{"line":60,"column":51}},"loc":{"start":{"line":61,"column":8},"end":{"line":76,"column":27}},"line":61},"3":{"name":"(anonymous_3)","decl":{"start":{"line":68,"column":19},"end":{"line":68,"column":20}},"loc":{"start":{"line":68,"column":25},"end":{"line":68,"column":41}},"line":68},"4":{"name":"(anonymous_4)","decl":{"start":{"line":83,"column":57},"end":{"line":83,"column":58}},"loc":{"start":{"line":83,"column":105},"end":{"line":120,"column":1}},"line":83},"5":{"name":"(anonymous_5)","decl":{"start":{"line":86,"column":23},"end":{"line":86,"column":24}},"loc":{"start":{"line":86,"column":76},"end":{"line":89,"column":3}},"line":86},"6":{"name":"(anonymous_6)","decl":{"start":{"line":91,"column":21},"end":{"line":91,"column":22}},"loc":{"start":{"line":91,"column":34},"end":{"line":91,"column":118}},"line":91},"7":{"name":"(anonymous_7)","decl":{"start":{"line":102,"column":17},"end":{"line":102,"column":18}},"loc":{"start":{"line":102,"column":23},"end":{"line":102,"column":42}},"line":102}},"branchMap":{"0":{"loc":{"start":{"line":42,"column":8},"end":{"line":42,"column":50}},"type":"binary-expr","locations":[{"start":{"line":42,"column":8},"end":{"line":42,"column":17}},{"start":{"line":42,"column":21},"end":{"line":42,"column":29}},{"start":{"line":42,"column":33},"end":{"line":42,"column":50}}],"line":42},"1":{"loc":{"start":{"line":43,"column":8},"end":{"line":43,"column":69}},"type":"binary-expr","locations":[{"start":{"line":43,"column":8},"end":{"line":43,"column":17}},{"start":{"line":43,"column":21},"end":{"line":43,"column":28}},{"start":{"line":43,"column":32},"end":{"line":43,"column":48}},{"start":{"line":43,"column":52},"end":{"line":43,"column":69}}],"line":43},"2":{"loc":{"start":{"line":51,"column":5},"end":{"line":51,"column":82}},"type":"binary-expr","locations":[{"start":{"line":51,"column":5},"end":{"line":51,"column":14}},{"start":{"line":51,"column":18},"end":{"line":51,"column":26}},{"start":{"line":51,"column":30},"end":{"line":51,"column":82}}],"line":51},"3":{"loc":{"start":{"line":52,"column":5},"end":{"line":52,"column":95}},"type":"binary-expr","locations":[{"start":{"line":52,"column":5},"end":{"line":52,"column":14}},{"start":{"line":52,"column":18},"end":{"line":52,"column":25}},{"start":{"line":52,"column":29},"end":{"line":52,"column":45}},{"start":{"line":52,"column":49},"end":{"line":52,"column":95}}],"line":52},"4":{"loc":{"start":{"line":65,"column":12},"end":{"line":65,"column":62}},"type":"binary-expr","locations":[{"start":{"line":65,"column":12},"end":{"line":65,"column":37}},{"start":{"line":65,"column":41},"end":{"line":65,"column":62}}],"line":65},"5":{"loc":{"start":{"line":66,"column":12},"end":{"line":66,"column":61}},"type":"binary-expr","locations":[{"start":{"line":66,"column":12},"end":{"line":66,"column":21}},{"start":{"line":66,"column":25},"end":{"line":66,"column":33}},{"start":{"line":66,"column":37},"end":{"line":66,"column":61}}],"line":66},"6":{"loc":{"start":{"line":72,"column":12},"end":{"line":72,"column":66}},"type":"binary-expr","locations":[{"start":{"line":72,"column":12},"end":{"line":72,"column":37}},{"start":{"line":72,"column":41},"end":{"line":72,"column":66}}],"line":72},"7":{"loc":{"start":{"line":74,"column":13},"end":{"line":74,"column":83}},"type":"cond-expr","locations":[{"start":{"line":74,"column":33},"end":{"line":74,"column":41}},{"start":{"line":74,"column":44},"end":{"line":74,"column":83}}],"line":74},"8":{"loc":{"start":{"line":74,"column":44},"end":{"line":74,"column":83}},"type":"cond-expr","locations":[{"start":{"line":74,"column":66},"end":{"line":74,"column":73}},{"start":{"line":74,"column":76},"end":{"line":74,"column":83}}],"line":74},"9":{"loc":{"start":{"line":79,"column":5},"end":{"line":79,"column":99}},"type":"binary-expr","locations":[{"start":{"line":79,"column":5},"end":{"line":79,"column":14}},{"start":{"line":79,"column":18},"end":{"line":79,"column":26}},{"start":{"line":79,"column":30},"end":{"line":79,"column":99}}],"line":79},"10":{"loc":{"start":{"line":88,"column":4},"end":{"line":88,"column":49}},"type":"if","locations":[{"start":{"line":88,"column":4},"end":{"line":88,"column":49}},{"start":{},"end":{}}],"line":88},"11":{"loc":{"start":{"line":99,"column":10},"end":{"line":99,"column":52}},"type":"binary-expr","locations":[{"start":{"line":99,"column":10},"end":{"line":99,"column":19}},{"start":{"line":99,"column":23},"end":{"line":99,"column":31}},{"start":{"line":99,"column":35},"end":{"line":99,"column":52}}],"line":99},"12":{"loc":{"start":{"line":100,"column":10},"end":{"line":100,"column":51}},"type":"binary-expr","locations":[{"start":{"line":100,"column":10},"end":{"line":100,"column":19}},{"start":{"line":100,"column":23},"end":{"line":100,"column":30}},{"start":{"line":100,"column":34},"end":{"line":100,"column":51}}],"line":100},"13":{"loc":{"start":{"line":107,"column":7},"end":{"line":115,"column":7}},"type":"binary-expr","locations":[{"start":{"line":107,"column":7},"end":{"line":107,"column":17}},{"start":{"line":108,"column":8},"end":{"line":114,"column":10}}],"line":107},"14":{"loc":{"start":{"line":117,"column":7},"end":{"line":117,"column":108}},"type":"binary-expr","locations":[{"start":{"line":117,"column":7},"end":{"line":117,"column":16}},{"start":{"line":117,"column":20},"end":{"line":117,"column":28}},{"start":{"line":117,"column":32},"end":{"line":117,"column":108}}],"line":117}},"s":{"0":0,"1":0,"2":0,"3":0,"4":0,"5":0,"6":0,"7":0,"8":0,"9":0,"10":0,"11":0,"12":0,"13":0,"14":0,"15":0,"16":0},"f":{"0":0,"1":0,"2":0,"3":0,"4":0,"5":0,"6":0,"7":0},"b":{"0":[0,0,0],"1":[0,0,0,0],"2":[0,0,0],"3":[0,0,0,0],"4":[0,0],"5":[0,0,0],"6":[0,0],"7":[0,0],"8":[0,0],"9":[0,0,0],"10":[0,0],"11":[0,0,0],"12":[0,0,0],"13":[0,0],"14":[0,0,0]}}
,"C:\\GentleBaby3000\\src\\components\\family\\activityCard.tsx": {"path":"C:\\GentleBaby3000\\src\\components\\family\\activityCard.tsx","statementMap":{"0":{"start":{"line":10,"column":57},"end":{"line":27,"column":1}},"1":{"start":{"line":14,"column":2},"end":{"line":26,"column":9}},"2":{"start":{"line":29,"column":15},"end":{"line":79,"column":2}}},"fnMap":{"0":{"name":"(anonymous_0)","decl":{"start":{"line":10,"column":57},"end":{"line":10,"column":58}},"loc":{"start":{"line":14,"column":2},"end":{"line":26,"column":9}},"line":14}},"branchMap":{},"s":{"0":0,"1":0,"2":0},"f":{"0":0},"b":{}}
,"C:\\GentleBaby3000\\src\\components\\family\\welcomeHeader.tsx": {"path":"C:\\GentleBaby3000\\src\\components\\family\\welcomeHeader.tsx","statementMap":{"0":{"start":{"line":9,"column":59},"end":{"line":18,"column":1}},"1":{"start":{"line":13,"column":2},"end":{"line":17,"column":9}},"2":{"start":{"line":20,"column":15},"end":{"line":35,"column":2}}},"fnMap":{"0":{"name":"(anonymous_0)","decl":{"start":{"line":9,"column":59},"end":{"line":9,"column":60}},"loc":{"start":{"line":13,"column":2},"end":{"line":17,"column":9}},"line":13}},"branchMap":{},"s":{"0":0,"1":0,"2":0},"f":{"0":0},"b":{}}
,"C:\\GentleBaby3000\\src\\components\\form\\formLink.tsx": {"path":"C:\\GentleBaby3000\\src\\components\\form\\formLink.tsx","statementMap":{"0":{"start":{"line":11,"column":2},"end":{"line":17,"column":4}},"1":{"start":{"line":20,"column":15},"end":{"line":35,"column":2}}},"fnMap":{"0":{"name":"FormLink","decl":{"start":{"line":10,"column":24},"end":{"line":10,"column":32}},"loc":{"start":{"line":10,"column":82},"end":{"line":18,"column":1}},"line":10}},"branchMap":{},"s":{"0":0,"1":0},"f":{"0":0},"b":{}}
,"C:\\GentleBaby3000\\src\\components\\form\\inputField.tsx": {"path":"C:\\GentleBaby3000\\src\\components\\form\\inputField.tsx","statementMap":{"0":{"start":{"line":10,"column":2},"end":{"line":24,"column":4}},"1":{"start":{"line":27,"column":15},"end":{"line":55,"column":2}}},"fnMap":{"0":{"name":"InputField","decl":{"start":{"line":9,"column":24},"end":{"line":9,"column":34}},"loc":{"start":{"line":9,"column":87},"end":{"line":25,"column":1}},"line":9}},"branchMap":{"0":{"loc":{"start":{"line":16,"column":10},"end":{"line":16,"column":36}},"type":"binary-expr","locations":[{"start":{"line":16,"column":10},"end":{"line":16,"column":15}},{"start":{"line":16,"column":19},"end":{"line":16,"column":36}}],"line":16},"1":{"loc":{"start":{"line":22,"column":7},"end":{"line":22,"column":61}},"type":"binary-expr","locations":[{"start":{"line":22,"column":7},"end":{"line":22,"column":12}},{"start":{"line":22,"column":16},"end":{"line":22,"column":61}}],"line":22}},"s":{"0":0,"1":0},"f":{"0":0},"b":{"0":[0,0],"1":[0,0]}}
,"C:\\GentleBaby3000\\src\\components\\form\\primaryButton.tsx": {"path":"C:\\GentleBaby3000\\src\\components\\form\\primaryButton.tsx","statementMap":{"0":{"start":{"line":17,"column":2},"end":{"line":32,"column":4}},"1":{"start":{"line":35,"column":15},"end":{"line":56,"column":2}}},"fnMap":{"0":{"name":"PrimaryButton","decl":{"start":{"line":11,"column":24},"end":{"line":11,"column":37}},"loc":{"start":{"line":16,"column":23},"end":{"line":33,"column":1}},"line":16}},"branchMap":{"0":{"loc":{"start":{"line":14,"column":2},"end":{"line":14,"column":17}},"type":"default-arg","locations":[{"start":{"line":14,"column":12},"end":{"line":14,"column":17}}],"line":14},"1":{"loc":{"start":{"line":15,"column":2},"end":{"line":15,"column":18}},"type":"default-arg","locations":[{"start":{"line":15,"column":13},"end":{"line":15,"column":18}}],"line":15},"2":{"loc":{"start":{"line":21,"column":8},"end":{"line":21,"column":54}},"type":"binary-expr","locations":[{"start":{"line":21,"column":9},"end":{"line":21,"column":16}},{"start":{"line":21,"column":20},"end":{"line":21,"column":28}},{"start":{"line":21,"column":33},"end":{"line":21,"column":54}}],"line":21},"3":{"loc":{"start":{"line":24,"column":16},"end":{"line":24,"column":35}},"type":"binary-expr","locations":[{"start":{"line":24,"column":16},"end":{"line":24,"column":23}},{"start":{"line":24,"column":27},"end":{"line":24,"column":35}}],"line":24},"4":{"loc":{"start":{"line":26,"column":7},"end":{"line":30,"column":7}},"type":"cond-expr","locations":[{"start":{"line":27,"column":8},"end":{"line":27,"column":55}},{"start":{"line":29,"column":8},"end":{"line":29,"column":54}}],"line":26}},"s":{"0":0,"1":0},"f":{"0":0},"b":{"0":[0],"1":[0],"2":[0,0,0],"3":[0,0],"4":[0,0]}}
,"C:\\GentleBaby3000\\src\\components\\task\\memberSelector.tsx": {"path":"C:\\GentleBaby3000\\src\\components\\task\\memberSelector.tsx","statementMap":{"0":{"start":{"line":14,"column":30},"end":{"line":52,"column":1}},"1":{"start":{"line":15,"column":2},"end":{"line":17,"column":3}},"2":{"start":{"line":16,"column":4},"end":{"line":16,"column":49}},"3":{"start":{"line":19,"column":2},"end":{"line":26,"column":3}},"4":{"start":{"line":20,"column":4},"end":{"line":25,"column":6}},"5":{"start":{"line":28,"column":2},"end":{"line":51,"column":4}},"6":{"start":{"line":32,"column":10},"end":{"line":46,"column":29}},"7":{"start":{"line":38,"column":27},"end":{"line":38,"column":45}},"8":{"start":{"line":54,"column":15},"end":{"line":64,"column":2}}},"fnMap":{"0":{"name":"(anonymous_0)","decl":{"start":{"line":14,"column":30},"end":{"line":14,"column":31}},"loc":{"start":{"line":14,"column":93},"end":{"line":52,"column":1}},"line":14},"1":{"name":"(anonymous_1)","decl":{"start":{"line":31,"column":21},"end":{"line":31,"column":22}},"loc":{"start":{"line":32,"column":10},"end":{"line":46,"column":29}},"line":32},"2":{"name":"(anonymous_2)","decl":{"start":{"line":38,"column":21},"end":{"line":38,"column":22}},"loc":{"start":{"line":38,"column":27},"end":{"line":38,"column":45}},"line":38}},"branchMap":{"0":{"loc":{"start":{"line":15,"column":2},"end":{"line":17,"column":3}},"type":"if","locations":[{"start":{"line":15,"column":2},"end":{"line":17,"column":3}},{"start":{},"end":{}}],"line":15},"1":{"loc":{"start":{"line":19,"column":2},"end":{"line":26,"column":3}},"type":"if","locations":[{"start":{"line":19,"column":2},"end":{"line":26,"column":3}},{"start":{},"end":{}}],"line":19},"2":{"loc":{"start":{"line":36,"column":14},"end":{"line":36,"column":67}},"type":"binary-expr","locations":[{"start":{"line":36,"column":14},"end":{"line":36,"column":44}},{"start":{"line":36,"column":48},"end":{"line":36,"column":67}}],"line":36},"3":{"loc":{"start":{"line":42,"column":14},"end":{"line":42,"column":67}},"type":"binary-expr","locations":[{"start":{"line":42,"column":14},"end":{"line":42,"column":44}},{"start":{"line":42,"column":48},"end":{"line":42,"column":67}}],"line":42},"4":{"loc":{"start":{"line":49,"column":7},"end":{"line":49,"column":57}},"type":"binary-expr","locations":[{"start":{"line":49,"column":7},"end":{"line":49,"column":12}},{"start":{"line":49,"column":16},"end":{"line":49,"column":57}}],"line":49}},"s":{"0":0,"1":0,"2":0,"3":0,"4":0,"5":0,"6":0,"7":0,"8":0},"f":{"0":0,"1":0,"2":0},"b":{"0":[0,0],"1":[0,0],"2":[0,0],"3":[0,0],"4":[0,0]}}
,"C:\\GentleBaby3000\\src\\components\\timeline\\timelineItemCard.tsx": {"path":"C:\\GentleBaby3000\\src\\components\\timeline\\timelineItemCard.tsx","statementMap":{"0":{"start":{"line":12,"column":65},"end":{"line":99,"column":1}},"1":{"start":{"line":17,"column":58},"end":{"line":17,"column":62}},"2":{"start":{"line":19,"column":18},"end":{"line":19,"column":59}},"3":{"start":{"line":20,"column":16},"end":{"line":20,"column":70}},"4":{"start":{"line":22,"column":28},"end":{"line":49,"column":3}},"5":{"start":{"line":23,"column":4},"end":{"line":23,"column":81}},"6":{"start":{"line":23,"column":58},"end":{"line":23,"column":81}},"7":{"start":{"line":26,"column":16},"end":{"line":26,"column":45}},"8":{"start":{"line":28,"column":24},"end":{"line":28,"column":79}},"9":{"start":{"line":31,"column":4},"end":{"line":39,"column":5}},"10":{"start":{"line":32,"column":29},"end":{"line":32,"column":62}},"11":{"start":{"line":33,"column":6},"end":{"line":37,"column":7}},"12":{"start":{"line":34,"column":22},"end":{"line":34,"column":53}},"13":{"start":{"line":35,"column":21},"end":{"line":35,"column":40}},"14":{"start":{"line":36,"column":8},"end":{"line":36,"column":51}},"15":{"start":{"line":38,"column":6},"end":{"line":38,"column":50}},"16":{"start":{"line":41,"column":4},"end":{"line":41,"column":58}},"17":{"start":{"line":41,"column":30},"end":{"line":41,"column":58}},"18":{"start":{"line":43,"column":4},"end":{"line":43,"column":71}},"19":{"start":{"line":43,"column":26},"end":{"line":43,"column":71}},"20":{"start":{"line":44,"column":4},"end":{"line":44,"column":79}},"21":{"start":{"line":44,"column":27},"end":{"line":44,"column":79}},"22":{"start":{"line":46,"column":4},"end":{"line":46,"column":80}},"23":{"start":{"line":46,"column":51},"end":{"line":46,"column":80}},"24":{"start":{"line":48,"column":4},"end":{"line":48,"column":26}},"25":{"start":{"line":51,"column":2},"end":{"line":98,"column":4}},"26":{"start":{"line":54,"column":21},"end":{"line":54,"column":34}},"27":{"start":{"line":101,"column":15},"end":{"line":146,"column":2}}},"fnMap":{"0":{"name":"(anonymous_0)","decl":{"start":{"line":12,"column":65},"end":{"line":12,"column":66}},"loc":{"start":{"line":16,"column":6},"end":{"line":99,"column":1}},"line":16},"1":{"name":"(anonymous_1)","decl":{"start":{"line":22,"column":28},"end":{"line":22,"column":29}},"loc":{"start":{"line":22,"column":34},"end":{"line":49,"column":3}},"line":22},"2":{"name":"(anonymous_2)","decl":{"start":{"line":54,"column":15},"end":{"line":54,"column":16}},"loc":{"start":{"line":54,"column":21},"end":{"line":54,"column":34}},"line":54}},"branchMap":{"0":{"loc":{"start":{"line":23,"column":4},"end":{"line":23,"column":81}},"type":"if","locations":[{"start":{"line":23,"column":4},"end":{"line":23,"column":81}},{"start":{},"end":{}}],"line":23},"1":{"loc":{"start":{"line":23,"column":8},"end":{"line":23,"column":56}},"type":"binary-expr","locations":[{"start":{"line":23,"column":8},"end":{"line":23,"column":22}},{"start":{"line":23,"column":26},"end":{"line":23,"column":56}}],"line":23},"2":{"loc":{"start":{"line":26,"column":16},"end":{"line":26,"column":45}},"type":"binary-expr","locations":[{"start":{"line":26,"column":16},"end":{"line":26,"column":31}},{"start":{"line":26,"column":35},"end":{"line":26,"column":45}}],"line":26},"3":{"loc":{"start":{"line":31,"column":4},"end":{"line":39,"column":5}},"type":"if","locations":[{"start":{"line":31,"column":4},"end":{"line":39,"column":5}},{"start":{},"end":{}}],"line":31},"4":{"loc":{"start":{"line":33,"column":6},"end":{"line":37,"column":7}},"type":"if","locations":[{"start":{"line":33,"column":6},"end":{"line":37,"column":7}},{"start":{},"end":{}}],"line":33},"5":{"loc":{"start":{"line":41,"column":4},"end":{"line":41,"column":58}},"type":"if","locations":[{"start":{"line":41,"column":4},"end":{"line":41,"column":58}},{"start":{},"end":{}}],"line":41},"6":{"loc":{"start":{"line":43,"column":4},"end":{"line":43,"column":71}},"type":"if","locations":[{"start":{"line":43,"column":4},"end":{"line":43,"column":71}},{"start":{},"end":{}}],"line":43},"7":{"loc":{"start":{"line":44,"column":4},"end":{"line":44,"column":79}},"type":"if","locations":[{"start":{"line":44,"column":4},"end":{"line":44,"column":79}},{"start":{},"end":{}}],"line":44},"8":{"loc":{"start":{"line":46,"column":4},"end":{"line":46,"column":80}},"type":"if","locations":[{"start":{"line":46,"column":4},"end":{"line":46,"column":80}},{"start":{},"end":{}}],"line":46},"9":{"loc":{"start":{"line":68,"column":15},"end":{"line":68,"column":58}},"type":"binary-expr","locations":[{"start":{"line":68,"column":15},"end":{"line":68,"column":40}},{"start":{"line":68,"column":44},"end":{"line":68,"column":58}}],"line":68},"10":{"loc":{"start":{"line":69,"column":15},"end":{"line":69,"column":57}},"type":"binary-expr","locations":[{"start":{"line":69,"column":15},"end":{"line":69,"column":39}},{"start":{"line":69,"column":43},"end":{"line":69,"column":57}}],"line":69},"11":{"loc":{"start":{"line":70,"column":15},"end":{"line":70,"column":54}},"type":"binary-expr","locations":[{"start":{"line":70,"column":15},"end":{"line":70,"column":36}},{"start":{"line":70,"column":40},"end":{"line":70,"column":54}}],"line":70},"12":{"loc":{"start":{"line":77,"column":11},"end":{"line":81,"column":11}},"type":"binary-expr","locations":[{"start":{"line":77,"column":11},"end":{"line":77,"column":31}},{"start":{"line":77,"column":35},"end":{"line":77,"column":66}},{"start":{"line":78,"column":12},"end":{"line":80,"column":19}}],"line":77},"13":{"loc":{"start":{"line":83,"column":11},"end":{"line":87,"column":11}},"type":"binary-expr","locations":[{"start":{"line":83,"column":11},"end":{"line":83,"column":31}},{"start":{"line":84,"column":12},"end":{"line":86,"column":19}}],"line":83},"14":{"loc":{"start":{"line":92,"column":7},"end":{"line":96,"column":7}},"type":"binary-expr","locations":[{"start":{"line":92,"column":7},"end":{"line":92,"column":21}},{"start":{"line":92,"column":25},"end":{"line":92,"column":45}},{"start":{"line":93,"column":8},"end":{"line":95,"column":15}}],"line":92}},"s":{"0":1,"1":13,"2":13,"3":13,"4":13,"5":13,"6":1,"7":12,"8":12,"9":12,"10":2,"11":2,"12":1,"13":1,"14":1,"15":1,"16":10,"17":1,"18":9,"19":6,"20":3,"21":1,"22":2,"23":1,"24":1,"25":13,"26":1,"27":1},"f":{"0":13,"1":13,"2":1},"b":{"0":[1,12],"1":[13,13],"2":[12,11],"3":[2,10],"4":[1,1],"5":[1,9],"6":[6,3],"7":[1,2],"8":[1,1],"9":[13,11],"10":[13,1],"11":[13,1],"12":[13,13,13],"13":[13,2],"14":[13,1,1]},"_coverageSchema":"1a1c01bbd47fc00a2c39e90264f33305004495a9","hash":"77ba69d32796facc7247429a99f436e59e1ad2d3"}
,"C:\\GentleBaby3000\\src\\components\\timeline\\weatherTimelineBar.tsx": {"path":"C:\\GentleBaby3000\\src\\components\\timeline\\weatherTimelineBar.tsx","statementMap":{"0":{"start":{"line":11,"column":69},"end":{"line":86,"column":1}},"1":{"start":{"line":18,"column":23},"end":{"line":24,"column":4}},"2":{"start":{"line":19,"column":22},"end":{"line":19,"column":95}},"3":{"start":{"line":23,"column":4},"end":{"line":23,"column":59}},"4":{"start":{"line":26,"column":2},"end":{"line":32,"column":3}},"5":{"start":{"line":27,"column":4},"end":{"line":31,"column":6}},"6":{"start":{"line":34,"column":2},"end":{"line":85,"column":4}},"7":{"start":{"line":47,"column":24},"end":{"line":47,"column":88}},"8":{"start":{"line":48,"column":23},"end":{"line":48,"column":69}},"9":{"start":{"line":51,"column":24},"end":{"line":51,"column":102}},"10":{"start":{"line":53,"column":10},"end":{"line":81,"column":12}},"11":{"start":{"line":61,"column":34},"end":{"line":61,"column":80}},"12":{"start":{"line":61,"column":63},"end":{"line":61,"column":79}},"13":{"start":{"line":62,"column":16},"end":{"line":62,"column":39}},"14":{"start":{"line":88,"column":15},"end":{"line":191,"column":2}}},"fnMap":{"0":{"name":"(anonymous_0)","decl":{"start":{"line":11,"column":69},"end":{"line":11,"column":70}},"loc":{"start":{"line":15,"column":6},"end":{"line":86,"column":1}},"line":15},"1":{"name":"(anonymous_1)","decl":{"start":{"line":18,"column":44},"end":{"line":18,"column":45}},"loc":{"start":{"line":18,"column":52},"end":{"line":24,"column":3}},"line":18},"2":{"name":"(anonymous_2)","decl":{"start":{"line":46,"column":26},"end":{"line":46,"column":27}},"loc":{"start":{"line":46,"column":36},"end":{"line":82,"column":9}},"line":46},"3":{"name":"(anonymous_3)","decl":{"start":{"line":57,"column":23},"end":{"line":57,"column":24}},"loc":{"start":{"line":57,"column":29},"end":{"line":63,"column":15}},"line":57},"4":{"name":"(anonymous_4)","decl":{"start":{"line":61,"column":58},"end":{"line":61,"column":59}},"loc":{"start":{"line":61,"column":63},"end":{"line":61,"column":79}},"line":61}},"branchMap":{"0":{"loc":{"start":{"line":23,"column":11},"end":{"line":23,"column":58}},"type":"binary-expr","locations":[{"start":{"line":23,"column":12},"end":{"line":23,"column":26}},{"start":{"line":23,"column":31},"end":{"line":23,"column":58}}],"line":23},"1":{"loc":{"start":{"line":26,"column":2},"end":{"line":32,"column":3}},"type":"if","locations":[{"start":{"line":26,"column":2},"end":{"line":32,"column":3}},{"start":{},"end":{}}],"line":26},"2":{"loc":{"start":{"line":56,"column":44},"end":{"line":56,"column":69}},"type":"binary-expr","locations":[{"start":{"line":56,"column":44},"end":{"line":56,"column":49}},{"start":{"line":56,"column":53},"end":{"line":56,"column":69}}],"line":56},"3":{"loc":{"start":{"line":74,"column":17},"end":{"line":74,"column":78}},"type":"binary-expr","locations":[{"start":{"line":74,"column":17},"end":{"line":74,"column":42}},{"start":{"line":74,"column":46},"end":{"line":74,"column":78}}],"line":74}},"s":{"0":1,"1":7,"2":12,"3":12,"4":7,"5":2,"6":5,"7":8,"8":8,"9":8,"10":8,"11":2,"12":4,"13":2,"14":1},"f":{"0":7,"1":12,"2":8,"3":2,"4":4},"b":{"0":[12,8],"1":[2,5],"2":[8,1],"3":[8,4]},"_coverageSchema":"1a1c01bbd47fc00a2c39e90264f33305004495a9","hash":"11d424fe610eff6fb68475bd615ba04bb62bc54f"}
,"C:\\GentleBaby3000\\src\\hooks\\useAuthRedirect.ts": {"path":"C:\\GentleBaby3000\\src\\hooks\\useAuthRedirect.ts","statementMap":{"0":{"start":{"line":7,"column":17},"end":{"line":7,"column":28}},"1":{"start":{"line":8,"column":19},"end":{"line":8,"column":32}},"2":{"start":{"line":9,"column":36},"end":{"line":9,"column":50}},"3":{"start":{"line":11,"column":2},"end":{"line":34,"column":25}},"4":{"start":{"line":12,"column":24},"end":{"line":31,"column":6}},"5":{"start":{"line":13,"column":6},"end":{"line":13,"column":26}},"6":{"start":{"line":15,"column":26},"end":{"line":15,"column":48}},"7":{"start":{"line":16,"column":30},"end":{"line":16,"column":55}},"8":{"start":{"line":18,"column":6},"end":{"line":30,"column":7}},"9":{"start":{"line":20,"column":8},"end":{"line":23,"column":9}},"10":{"start":{"line":22,"column":10},"end":{"line":22,"column":36}},"11":{"start":{"line":26,"column":8},"end":{"line":29,"column":9}},"12":{"start":{"line":28,"column":10},"end":{"line":28,"column":30}},"13":{"start":{"line":33,"column":4},"end":{"line":33,"column":23}},"14":{"start":{"line":36,"column":2},"end":{"line":36,"column":23}}},"fnMap":{"0":{"name":"useAuthRedirect","decl":{"start":{"line":6,"column":16},"end":{"line":6,"column":31}},"loc":{"start":{"line":6,"column":34},"end":{"line":37,"column":1}},"line":6},"1":{"name":"(anonymous_1)","decl":{"start":{"line":11,"column":12},"end":{"line":11,"column":13}},"loc":{"start":{"line":11,"column":18},"end":{"line":34,"column":3}},"line":11},"2":{"name":"(anonymous_2)","decl":{"start":{"line":12,"column":49},"end":{"line":12,"column":50}},"loc":{"start":{"line":12,"column":59},"end":{"line":31,"column":5}},"line":12}},"branchMap":{"0":{"loc":{"start":{"line":18,"column":6},"end":{"line":30,"column":7}},"type":"if","locations":[{"start":{"line":18,"column":6},"end":{"line":30,"column":7}},{"start":{"line":24,"column":13},"end":{"line":30,"column":7}}],"line":18},"1":{"loc":{"start":{"line":20,"column":8},"end":{"line":23,"column":9}},"type":"if","locations":[{"start":{"line":20,"column":8},"end":{"line":23,"column":9}},{"start":{},"end":{}}],"line":20},"2":{"loc":{"start":{"line":20,"column":12},"end":{"line":20,"column":42}},"type":"binary-expr","locations":[{"start":{"line":20,"column":12},"end":{"line":20,"column":23}},{"start":{"line":20,"column":27},"end":{"line":20,"column":42}}],"line":20},"3":{"loc":{"start":{"line":26,"column":8},"end":{"line":29,"column":9}},"type":"if","locations":[{"start":{"line":26,"column":8},"end":{"line":29,"column":9}},{"start":{},"end":{}}],"line":26},"4":{"loc":{"start":{"line":26,"column":12},"end":{"line":26,"column":44}},"type":"binary-expr","locations":[{"start":{"line":26,"column":12},"end":{"line":26,"column":24}},{"start":{"line":26,"column":28},"end":{"line":26,"column":44}}],"line":26}},"s":{"0":0,"1":0,"2":0,"3":0,"4":0,"5":0,"6":0,"7":0,"8":0,"9":0,"10":0,"11":0,"12":0,"13":0,"14":0},"f":{"0":0,"1":0,"2":0},"b":{"0":[0,0],"1":[0,0],"2":[0,0],"3":[0,0],"4":[0,0]}}
,"C:\\GentleBaby3000\\src\\hooks\\useChild.ts": {"path":"C:\\GentleBaby3000\\src\\hooks\\useChild.ts","statementMap":{"0":{"start":{"line":5,"column":24},"end":{"line":29,"column":1}},"1":{"start":{"line":6,"column":32},"end":{"line":6,"column":47}},"2":{"start":{"line":7,"column":28},"end":{"line":7,"column":57}},"3":{"start":{"line":9,"column":22},"end":{"line":22,"column":3}},"4":{"start":{"line":10,"column":4},"end":{"line":10,"column":21}},"5":{"start":{"line":11,"column":4},"end":{"line":11,"column":19}},"6":{"start":{"line":12,"column":4},"end":{"line":21,"column":5}},"7":{"start":{"line":13,"column":22},"end":{"line":13,"column":65}},"8":{"start":{"line":14,"column":6},"end":{"line":14,"column":21}},"9":{"start":{"line":16,"column":22},"end":{"line":16,"column":100}},"10":{"start":{"line":17,"column":6},"end":{"line":17,"column":24}},"11":{"start":{"line":18,"column":6},"end":{"line":18,"column":16}},"12":{"start":{"line":20,"column":6},"end":{"line":20,"column":24}},"13":{"start":{"line":24,"column":2},"end":{"line":28,"column":4}}},"fnMap":{"0":{"name":"(anonymous_0)","decl":{"start":{"line":5,"column":24},"end":{"line":5,"column":25}},"loc":{"start":{"line":5,"column":30},"end":{"line":29,"column":1}},"line":5},"1":{"name":"(anonymous_1)","decl":{"start":{"line":9,"column":22},"end":{"line":9,"column":23}},"loc":{"start":{"line":9,"column":81},"end":{"line":22,"column":3}},"line":9}},"branchMap":{"0":{"loc":{"start":{"line":16,"column":22},"end":{"line":16,"column":100}},"type":"cond-expr","locations":[{"start":{"line":16,"column":45},"end":{"line":16,"column":56}},{"start":{"line":16,"column":59},"end":{"line":16,"column":100}}],"line":16}},"s":{"0":1,"1":5,"2":5,"3":5,"4":3,"5":3,"6":3,"7":3,"8":1,"9":2,"10":2,"11":2,"12":3,"13":5},"f":{"0":5,"1":3},"b":{"0":[2,0]},"_coverageSchema":"1a1c01bbd47fc00a2c39e90264f33305004495a9","hash":"bd56e9bf529658e92f841bc9bb3f8aa4cdfa0168"}
,"C:\\GentleBaby3000\\src\\hooks\\useCreateChild.ts": {"path":"C:\\GentleBaby3000\\src\\hooks\\useCreateChild.ts","statementMap":{"0":{"start":{"line":8,"column":34},"end":{"line":90,"column":1}},"1":{"start":{"line":10,"column":27},"end":{"line":10,"column":49}},"2":{"start":{"line":12,"column":17},"end":{"line":12,"column":28}},"3":{"start":{"line":14,"column":35},"end":{"line":14,"column":45}},"4":{"start":{"line":17,"column":36},"end":{"line":17,"column":48}},"5":{"start":{"line":18,"column":34},"end":{"line":18,"column":46}},"6":{"start":{"line":19,"column":36},"end":{"line":19,"column":56}},"7":{"start":{"line":20,"column":46},"end":{"line":20,"column":106}},"8":{"start":{"line":22,"column":32},"end":{"line":27,"column":4}},"9":{"start":{"line":30,"column":27},"end":{"line":30,"column":50}},"10":{"start":{"line":31,"column":26},"end":{"line":31,"column":48}},"11":{"start":{"line":32,"column":27},"end":{"line":32,"column":53}},"12":{"start":{"line":33,"column":24},"end":{"line":33,"column":40}},"13":{"start":{"line":34,"column":22},"end":{"line":34,"column":94}},"14":{"start":{"line":36,"column":21},"end":{"line":38,"column":3}},"15":{"start":{"line":37,"column":4},"end":{"line":37,"column":55}},"16":{"start":{"line":37,"column":26},"end":{"line":37,"column":52}},"17":{"start":{"line":41,"column":21},"end":{"line":75,"column":3}},"18":{"start":{"line":42,"column":4},"end":{"line":42,"column":83}},"19":{"start":{"line":44,"column":4},"end":{"line":44,"column":29}},"20":{"start":{"line":44,"column":22},"end":{"line":44,"column":29}},"21":{"start":{"line":47,"column":4},"end":{"line":50,"column":5}},"22":{"start":{"line":48,"column":6},"end":{"line":48,"column":76}},"23":{"start":{"line":49,"column":6},"end":{"line":49,"column":13}},"24":{"start":{"line":52,"column":4},"end":{"line":74,"column":5}},"25":{"start":{"line":53,"column":44},"end":{"line":58,"column":7}},"26":{"start":{"line":61,"column":6},"end":{"line":61,"column":45}},"27":{"start":{"line":63,"column":6},"end":{"line":69,"column":8}},"28":{"start":{"line":67,"column":39},"end":{"line":67,"column":52}},"29":{"start":{"line":72,"column":27},"end":{"line":72,"column":94}},"30":{"start":{"line":73,"column":6},"end":{"line":73,"column":42}},"31":{"start":{"line":77,"column":2},"end":{"line":89,"column":4}}},"fnMap":{"0":{"name":"(anonymous_0)","decl":{"start":{"line":8,"column":34},"end":{"line":8,"column":35}},"loc":{"start":{"line":8,"column":40},"end":{"line":90,"column":1}},"line":8},"1":{"name":"(anonymous_1)","decl":{"start":{"line":36,"column":21},"end":{"line":36,"column":22}},"loc":{"start":{"line":36,"column":54},"end":{"line":38,"column":3}},"line":36},"2":{"name":"(anonymous_2)","decl":{"start":{"line":37,"column":15},"end":{"line":37,"column":16}},"loc":{"start":{"line":37,"column":26},"end":{"line":37,"column":52}},"line":37},"3":{"name":"(anonymous_3)","decl":{"start":{"line":41,"column":21},"end":{"line":41,"column":22}},"loc":{"start":{"line":41,"column":33},"end":{"line":75,"column":3}},"line":41},"4":{"name":"(anonymous_4)","decl":{"start":{"line":67,"column":33},"end":{"line":67,"column":34}},"loc":{"start":{"line":67,"column":39},"end":{"line":67,"column":52}},"line":67}},"branchMap":{"0":{"loc":{"start":{"line":34,"column":22},"end":{"line":34,"column":94}},"type":"binary-expr","locations":[{"start":{"line":34,"column":22},"end":{"line":34,"column":38}},{"start":{"line":34,"column":42},"end":{"line":34,"column":57}},{"start":{"line":34,"column":61},"end":{"line":34,"column":77}},{"start":{"line":34,"column":81},"end":{"line":34,"column":94}}],"line":34},"1":{"loc":{"start":{"line":44,"column":4},"end":{"line":44,"column":29}},"type":"if","locations":[{"start":{"line":44,"column":4},"end":{"line":44,"column":29}},{"start":{},"end":{}}],"line":44},"2":{"loc":{"start":{"line":47,"column":4},"end":{"line":50,"column":5}},"type":"if","locations":[{"start":{"line":47,"column":4},"end":{"line":50,"column":5}},{"start":{},"end":{}}],"line":47},"3":{"loc":{"start":{"line":47,"column":8},"end":{"line":47,"column":49}},"type":"binary-expr","locations":[{"start":{"line":47,"column":8},"end":{"line":47,"column":17}},{"start":{"line":47,"column":21},"end":{"line":47,"column":49}}],"line":47},"4":{"loc":{"start":{"line":72,"column":27},"end":{"line":72,"column":94}},"type":"cond-expr","locations":[{"start":{"line":72,"column":52},"end":{"line":72,"column":65}},{"start":{"line":72,"column":68},"end":{"line":72,"column":94}}],"line":72}},"s":{"0":1,"1":11,"2":11,"3":11,"4":11,"5":11,"6":11,"7":11,"8":11,"9":11,"10":11,"11":11,"12":11,"13":11,"14":11,"15":1,"16":1,"17":11,"18":2,"19":2,"20":0,"21":2,"22":0,"23":0,"24":2,"25":2,"26":2,"27":1,"28":0,"29":1,"30":1,"31":11},"f":{"0":11,"1":1,"2":1,"3":2,"4":0},"b":{"0":[11,5,5,5],"1":[0,2],"2":[0,2],"3":[2,2],"4":[1,0]},"_coverageSchema":"1a1c01bbd47fc00a2c39e90264f33305004495a9","hash":"65aa0c96d2d8684d824ea111b888291ad0589507"}
,"C:\\GentleBaby3000\\src\\hooks\\useCreateTask.ts": {"path":"C:\\GentleBaby3000\\src\\hooks\\useCreateTask.ts","statementMap":{"0":{"start":{"line":36,"column":29},"end":{"line":250,"column":1}},"1":{"start":{"line":37,"column":17},"end":{"line":37,"column":28}},"2":{"start":{"line":40,"column":34},"end":{"line":40,"column":54}},"3":{"start":{"line":41,"column":34},"end":{"line":41,"column":56}},"4":{"start":{"line":42,"column":54},"end":{"line":42,"column":76}},"5":{"start":{"line":43,"column":34},"end":{"line":43,"column":65}},"6":{"start":{"line":44,"column":34},"end":{"line":44,"column":55}},"7":{"start":{"line":45,"column":44},"end":{"line":45,"column":70}},"8":{"start":{"line":46,"column":38},"end":{"line":46,"column":70}},"9":{"start":{"line":47,"column":34},"end":{"line":47,"column":54}},"10":{"start":{"line":48,"column":38},"end":{"line":48,"column":57}},"11":{"start":{"line":51,"column":30},"end":{"line":51,"column":54}},"12":{"start":{"line":52,"column":48},"end":{"line":52,"column":69}},"13":{"start":{"line":53,"column":32},"end":{"line":53,"column":55}},"14":{"start":{"line":54,"column":42},"end":{"line":54,"column":66}},"15":{"start":{"line":55,"column":46},"end":{"line":55,"column":70}},"16":{"start":{"line":58,"column":2},"end":{"line":92,"column":17}},"17":{"start":{"line":59,"column":31},"end":{"line":89,"column":5}},"18":{"start":{"line":60,"column":6},"end":{"line":60,"column":28}},"19":{"start":{"line":60,"column":21},"end":{"line":60,"column":28}},"20":{"start":{"line":62,"column":6},"end":{"line":88,"column":7}},"21":{"start":{"line":63,"column":8},"end":{"line":63,"column":25}},"22":{"start":{"line":65,"column":28},"end":{"line":65,"column":88}},"23":{"start":{"line":67,"column":8},"end":{"line":69,"column":9}},"24":{"start":{"line":68,"column":10},"end":{"line":68,"column":65}},"25":{"start":{"line":71,"column":35},"end":{"line":71,"column":37}},"26":{"start":{"line":72,"column":8},"end":{"line":80,"column":11}},"27":{"start":{"line":73,"column":23},"end":{"line":73,"column":33}},"28":{"start":{"line":74,"column":10},"end":{"line":79,"column":13}},"29":{"start":{"line":82,"column":8},"end":{"line":82,"column":38}},"30":{"start":{"line":84,"column":8},"end":{"line":84,"column":61}},"31":{"start":{"line":85,"column":8},"end":{"line":85,"column":67}},"32":{"start":{"line":87,"column":8},"end":{"line":87,"column":26}},"33":{"start":{"line":91,"column":4},"end":{"line":91,"column":25}},"34":{"start":{"line":96,"column":23},"end":{"line":104,"column":3}},"35":{"start":{"line":97,"column":4},"end":{"line":101,"column":6}},"36":{"start":{"line":98,"column":6},"end":{"line":100,"column":29}},"37":{"start":{"line":99,"column":28},"end":{"line":99,"column":43}},"38":{"start":{"line":103,"column":4},"end":{"line":103,"column":77}},"39":{"start":{"line":103,"column":24},"end":{"line":103,"column":77}},"40":{"start":{"line":103,"column":43},"end":{"line":103,"column":74}},"41":{"start":{"line":106,"column":23},"end":{"line":130,"column":3}},"42":{"start":{"line":107,"column":34},"end":{"line":107,"column":36}},"43":{"start":{"line":109,"column":4},"end":{"line":109,"column":67}},"44":{"start":{"line":109,"column":26},"end":{"line":109,"column":67}},"45":{"start":{"line":110,"column":4},"end":{"line":110,"column":95}},"46":{"start":{"line":110,"column":41},"end":{"line":110,"column":95}},"47":{"start":{"line":112,"column":4},"end":{"line":117,"column":5}},"48":{"start":{"line":113,"column":26},"end":{"line":113,"column":48}},"49":{"start":{"line":114,"column":6},"end":{"line":116,"column":7}},"50":{"start":{"line":115,"column":8},"end":{"line":115,"column":51}},"51":{"start":{"line":119,"column":4},"end":{"line":126,"column":5}},"52":{"start":{"line":120,"column":20},"end":{"line":120,"column":75}},"53":{"start":{"line":120,"column":51},"end":{"line":120,"column":59}},"54":{"start":{"line":120,"column":73},"end":{"line":120,"column":74}},"55":{"start":{"line":121,"column":24},"end":{"line":121,"column":59}},"56":{"start":{"line":122,"column":27},"end":{"line":122,"column":64}},"57":{"start":{"line":122,"column":45},"end":{"line":122,"column":63}},"58":{"start":{"line":124,"column":6},"end":{"line":125,"column":89}},"59":{"start":{"line":124,"column":30},"end":{"line":124,"column":73}},"60":{"start":{"line":125,"column":11},"end":{"line":125,"column":89}},"61":{"start":{"line":125,"column":40},"end":{"line":125,"column":89}},"62":{"start":{"line":128,"column":4},"end":{"line":128,"column":25}},"63":{"start":{"line":129,"column":4},"end":{"line":129,"column":47}},"64":{"start":{"line":132,"column":34},"end":{"line":171,"column":3}},"65":{"start":{"line":133,"column":16},"end":{"line":133,"column":26}},"66":{"start":{"line":135,"column":4},"end":{"line":143,"column":5}},"67":{"start":{"line":136,"column":26},"end":{"line":136,"column":48}},"68":{"start":{"line":137,"column":23},"end":{"line":137,"column":46}},"69":{"start":{"line":139,"column":6},"end":{"line":141,"column":7}},"70":{"start":{"line":140,"column":8},"end":{"line":140,"column":61}},"71":{"start":{"line":142,"column":6},"end":{"line":142,"column":22}},"72":{"start":{"line":145,"column":4},"end":{"line":168,"column":5}},"73":{"start":{"line":146,"column":20},"end":{"line":146,"column":75}},"74":{"start":{"line":146,"column":51},"end":{"line":146,"column":59}},"75":{"start":{"line":146,"column":73},"end":{"line":146,"column":74}},"76":{"start":{"line":147,"column":20},"end":{"line":147,"column":30}},"77":{"start":{"line":148,"column":29},"end":{"line":148,"column":65}},"78":{"start":{"line":151,"column":6},"end":{"line":151,"column":19}},"79":{"start":{"line":153,"column":6},"end":{"line":160,"column":7}},"80":{"start":{"line":154,"column":8},"end":{"line":159,"column":9}},"81":{"start":{"line":155,"column":35},"end":{"line":155,"column":67}},"82":{"start":{"line":156,"column":27},"end":{"line":156,"column":42}},"83":{"start":{"line":157,"column":10},"end":{"line":157,"column":50}},"84":{"start":{"line":158,"column":10},"end":{"line":158,"column":26}},"85":{"start":{"line":163,"column":31},"end":{"line":163,"column":62}},"86":{"start":{"line":164,"column":23},"end":{"line":164,"column":38}},"87":{"start":{"line":165,"column":6},"end":{"line":165,"column":44}},"88":{"start":{"line":166,"column":6},"end":{"line":166,"column":46}},"89":{"start":{"line":167,"column":6},"end":{"line":167,"column":22}},"90":{"start":{"line":170,"column":4},"end":{"line":170,"column":25}},"91":{"start":{"line":173,"column":17},"end":{"line":225,"column":3}},"92":{"start":{"line":174,"column":4},"end":{"line":177,"column":5}},"93":{"start":{"line":175,"column":6},"end":{"line":175,"column":66}},"94":{"start":{"line":176,"column":6},"end":{"line":176,"column":13}},"95":{"start":{"line":179,"column":4},"end":{"line":182,"column":5}},"96":{"start":{"line":180,"column":6},"end":{"line":180,"column":51}},"97":{"start":{"line":181,"column":6},"end":{"line":181,"column":13}},"98":{"start":{"line":184,"column":4},"end":{"line":224,"column":5}},"99":{"start":{"line":185,"column":6},"end":{"line":185,"column":28}},"100":{"start":{"line":187,"column":45},"end":{"line":197,"column":7}},"101":{"start":{"line":199,"column":6},"end":{"line":202,"column":7}},"102":{"start":{"line":200,"column":8},"end":{"line":200,"column":58}},"103":{"start":{"line":201,"column":8},"end":{"line":201,"column":73}},"104":{"start":{"line":204,"column":6},"end":{"line":206,"column":7}},"105":{"start":{"line":205,"column":8},"end":{"line":205,"column":92}},"106":{"start":{"line":205,"column":67},"end":{"line":205,"column":75}},"107":{"start":{"line":205,"column":89},"end":{"line":205,"column":90}},"108":{"start":{"line":208,"column":6},"end":{"line":212,"column":7}},"109":{"start":{"line":209,"column":8},"end":{"line":209,"column":50}},"110":{"start":{"line":210,"column":8},"end":{"line":210,"column":47}},"111":{"start":{"line":211,"column":8},"end":{"line":211,"column":73}},"112":{"start":{"line":214,"column":6},"end":{"line":214,"column":61}},"113":{"start":{"line":216,"column":6},"end":{"line":218,"column":9}},"114":{"start":{"line":217,"column":37},"end":{"line":217,"column":50}},"115":{"start":{"line":220,"column":6},"end":{"line":220,"column":53}},"116":{"start":{"line":221,"column":6},"end":{"line":221,"column":61}},"117":{"start":{"line":223,"column":6},"end":{"line":223,"column":29}},"118":{"start":{"line":227,"column":23},"end":{"line":232,"column":3}},"119":{"start":{"line":228,"column":4},"end":{"line":228,"column":45}},"120":{"start":{"line":229,"column":4},"end":{"line":231,"column":5}},"121":{"start":{"line":230,"column":6},"end":{"line":230,"column":37}},"122":{"start":{"line":235,"column":27},"end":{"line":240,"column":3}},"123":{"start":{"line":235,"column":114},"end":{"line":240,"column":3}},"124":{"start":{"line":236,"column":4},"end":{"line":236,"column":17}},"125":{"start":{"line":237,"column":4},"end":{"line":239,"column":5}},"126":{"start":{"line":238,"column":6},"end":{"line":238,"column":62}},"127":{"start":{"line":238,"column":25},"end":{"line":238,"column":59}},"128":{"start":{"line":242,"column":2},"end":{"line":249,"column":4}}},"fnMap":{"0":{"name":"(anonymous_0)","decl":{"start":{"line":36,"column":29},"end":{"line":36,"column":30}},"loc":{"start":{"line":36,"column":63},"end":{"line":250,"column":1}},"line":36},"1":{"name":"(anonymous_1)","decl":{"start":{"line":58,"column":12},"end":{"line":58,"column":13}},"loc":{"start":{"line":58,"column":18},"end":{"line":92,"column":3}},"line":58},"2":{"name":"(anonymous_2)","decl":{"start":{"line":59,"column":31},"end":{"line":59,"column":32}},"loc":{"start":{"line":59,"column":43},"end":{"line":89,"column":5}},"line":59},"3":{"name":"(anonymous_3)","decl":{"start":{"line":72,"column":30},"end":{"line":72,"column":31}},"loc":{"start":{"line":72,"column":37},"end":{"line":80,"column":9}},"line":72},"4":{"name":"(anonymous_4)","decl":{"start":{"line":96,"column":23},"end":{"line":96,"column":24}},"loc":{"start":{"line":96,"column":51},"end":{"line":104,"column":3}},"line":96},"5":{"name":"(anonymous_5)","decl":{"start":{"line":97,"column":26},"end":{"line":97,"column":27}},"loc":{"start":{"line":98,"column":6},"end":{"line":100,"column":29}},"line":98},"6":{"name":"(anonymous_6)","decl":{"start":{"line":99,"column":22},"end":{"line":99,"column":23}},"loc":{"start":{"line":99,"column":28},"end":{"line":99,"column":43}},"line":99},"7":{"name":"(anonymous_7)","decl":{"start":{"line":103,"column":34},"end":{"line":103,"column":35}},"loc":{"start":{"line":103,"column":43},"end":{"line":103,"column":74}},"line":103},"8":{"name":"(anonymous_8)","decl":{"start":{"line":106,"column":23},"end":{"line":106,"column":24}},"loc":{"start":{"line":106,"column":38},"end":{"line":130,"column":3}},"line":106},"9":{"name":"(anonymous_9)","decl":{"start":{"line":120,"column":46},"end":{"line":120,"column":47}},"loc":{"start":{"line":120,"column":51},"end":{"line":120,"column":59}},"line":120},"10":{"name":"(anonymous_10)","decl":{"start":{"line":120,"column":68},"end":{"line":120,"column":69}},"loc":{"start":{"line":120,"column":73},"end":{"line":120,"column":74}},"line":120},"11":{"name":"(anonymous_11)","decl":{"start":{"line":122,"column":40},"end":{"line":122,"column":41}},"loc":{"start":{"line":122,"column":45},"end":{"line":122,"column":63}},"line":122},"12":{"name":"(anonymous_12)","decl":{"start":{"line":132,"column":34},"end":{"line":132,"column":35}},"loc":{"start":{"line":132,"column":46},"end":{"line":171,"column":3}},"line":132},"13":{"name":"(anonymous_13)","decl":{"start":{"line":146,"column":46},"end":{"line":146,"column":47}},"loc":{"start":{"line":146,"column":51},"end":{"line":146,"column":59}},"line":146},"14":{"name":"(anonymous_14)","decl":{"start":{"line":146,"column":68},"end":{"line":146,"column":69}},"loc":{"start":{"line":146,"column":73},"end":{"line":146,"column":74}},"line":146},"15":{"name":"(anonymous_15)","decl":{"start":{"line":173,"column":17},"end":{"line":173,"column":18}},"loc":{"start":{"line":173,"column":44},"end":{"line":225,"column":3}},"line":173},"16":{"name":"(anonymous_16)","decl":{"start":{"line":205,"column":62},"end":{"line":205,"column":63}},"loc":{"start":{"line":205,"column":67},"end":{"line":205,"column":75}},"line":205},"17":{"name":"(anonymous_17)","decl":{"start":{"line":205,"column":84},"end":{"line":205,"column":85}},"loc":{"start":{"line":205,"column":89},"end":{"line":205,"column":90}},"line":205},"18":{"name":"(anonymous_18)","decl":{"start":{"line":217,"column":31},"end":{"line":217,"column":32}},"loc":{"start":{"line":217,"column":37},"end":{"line":217,"column":50}},"line":217},"19":{"name":"(anonymous_19)","decl":{"start":{"line":227,"column":23},"end":{"line":227,"column":24}},"loc":{"start":{"line":227,"column":76},"end":{"line":232,"column":3}},"line":227},"20":{"name":"(anonymous_20)","decl":{"start":{"line":235,"column":27},"end":{"line":235,"column":28}},"loc":{"start":{"line":235,"column":114},"end":{"line":240,"column":3}},"line":235},"21":{"name":"(anonymous_21)","decl":{"start":{"line":235,"column":114},"end":{"line":235,"column":115}},"loc":{"start":{"line":235,"column":132},"end":{"line":240,"column":3}},"line":235},"22":{"name":"(anonymous_22)","decl":{"start":{"line":238,"column":16},"end":{"line":238,"column":17}},"loc":{"start":{"line":238,"column":25},"end":{"line":238,"column":59}},"line":238}},"branchMap":{"0":{"loc":{"start":{"line":60,"column":6},"end":{"line":60,"column":28}},"type":"if","locations":[{"start":{"line":60,"column":6},"end":{"line":60,"column":28}},{"start":{},"end":{}}],"line":60},"1":{"loc":{"start":{"line":67,"column":8},"end":{"line":69,"column":9}},"type":"if","locations":[{"start":{"line":67,"column":8},"end":{"line":69,"column":9}},{"start":{},"end":{}}],"line":67},"2":{"loc":{"start":{"line":76,"column":23},"end":{"line":76,"column":88}},"type":"binary-expr","locations":[{"start":{"line":76,"column":23},"end":{"line":76,"column":37}},{"start":{"line":76,"column":41},"end":{"line":76,"column":57}},{"start":{"line":76,"column":61},"end":{"line":76,"column":75}},{"start":{"line":76,"column":79},"end":{"line":76,"column":88}}],"line":76},"3":{"loc":{"start":{"line":77,"column":18},"end":{"line":77,"column":50}},"type":"binary-expr","locations":[{"start":{"line":77,"column":18},"end":{"line":77,"column":27}},{"start":{"line":77,"column":31},"end":{"line":77,"column":44}},{"start":{"line":77,"column":48},"end":{"line":77,"column":50}}],"line":77},"4":{"loc":{"start":{"line":78,"column":19},"end":{"line":78,"column":47}},"type":"binary-expr","locations":[{"start":{"line":78,"column":19},"end":{"line":78,"column":29}},{"start":{"line":78,"column":33},"end":{"line":78,"column":47}}],"line":78},"5":{"loc":{"start":{"line":98,"column":6},"end":{"line":100,"column":29}},"type":"cond-expr","locations":[{"start":{"line":99,"column":10},"end":{"line":99,"column":44}},{"start":{"line":100,"column":10},"end":{"line":100,"column":29}}],"line":98},"6":{"loc":{"start":{"line":103,"column":4},"end":{"line":103,"column":77}},"type":"if","locations":[{"start":{"line":103,"column":4},"end":{"line":103,"column":77}},{"start":{},"end":{}}],"line":103},"7":{"loc":{"start":{"line":109,"column":4},"end":{"line":109,"column":67}},"type":"if","locations":[{"start":{"line":109,"column":4},"end":{"line":109,"column":67}},{"start":{},"end":{}}],"line":109},"8":{"loc":{"start":{"line":110,"column":4},"end":{"line":110,"column":95}},"type":"if","locations":[{"start":{"line":110,"column":4},"end":{"line":110,"column":95}},{"start":{},"end":{}}],"line":110},"9":{"loc":{"start":{"line":112,"column":4},"end":{"line":117,"column":5}},"type":"if","locations":[{"start":{"line":112,"column":4},"end":{"line":117,"column":5}},{"start":{},"end":{}}],"line":112},"10":{"loc":{"start":{"line":114,"column":6},"end":{"line":116,"column":7}},"type":"if","locations":[{"start":{"line":114,"column":6},"end":{"line":116,"column":7}},{"start":{},"end":{}}],"line":114},"11":{"loc":{"start":{"line":114,"column":10},"end":{"line":114,"column":48}},"type":"binary-expr","locations":[{"start":{"line":114,"column":10},"end":{"line":114,"column":28}},{"start":{"line":114,"column":32},"end":{"line":114,"column":48}}],"line":114},"12":{"loc":{"start":{"line":119,"column":4},"end":{"line":126,"column":5}},"type":"if","locations":[{"start":{"line":119,"column":4},"end":{"line":126,"column":5}},{"start":{},"end":{}}],"line":119},"13":{"loc":{"start":{"line":124,"column":6},"end":{"line":125,"column":89}},"type":"if","locations":[{"start":{"line":124,"column":6},"end":{"line":125,"column":89}},{"start":{"line":125,"column":11},"end":{"line":125,"column":89}}],"line":124},"14":{"loc":{"start":{"line":125,"column":11},"end":{"line":125,"column":89}},"type":"if","locations":[{"start":{"line":125,"column":11},"end":{"line":125,"column":89}},{"start":{},"end":{}}],"line":125},"15":{"loc":{"start":{"line":135,"column":4},"end":{"line":143,"column":5}},"type":"if","locations":[{"start":{"line":135,"column":4},"end":{"line":143,"column":5}},{"start":{},"end":{}}],"line":135},"16":{"loc":{"start":{"line":145,"column":4},"end":{"line":168,"column":5}},"type":"if","locations":[{"start":{"line":145,"column":4},"end":{"line":168,"column":5}},{"start":{},"end":{}}],"line":145},"17":{"loc":{"start":{"line":154,"column":8},"end":{"line":159,"column":9}},"type":"if","locations":[{"start":{"line":154,"column":8},"end":{"line":159,"column":9}},{"start":{},"end":{}}],"line":154},"18":{"loc":{"start":{"line":174,"column":4},"end":{"line":177,"column":5}},"type":"if","locations":[{"start":{"line":174,"column":4},"end":{"line":177,"column":5}},{"start":{},"end":{}}],"line":174},"19":{"loc":{"start":{"line":179,"column":4},"end":{"line":182,"column":5}},"type":"if","locations":[{"start":{"line":179,"column":4},"end":{"line":182,"column":5}},{"start":{},"end":{}}],"line":179},"20":{"loc":{"start":{"line":199,"column":6},"end":{"line":202,"column":7}},"type":"if","locations":[{"start":{"line":199,"column":6},"end":{"line":202,"column":7}},{"start":{},"end":{}}],"line":199},"21":{"loc":{"start":{"line":204,"column":6},"end":{"line":206,"column":7}},"type":"if","locations":[{"start":{"line":204,"column":6},"end":{"line":206,"column":7}},{"start":{},"end":{}}],"line":204},"22":{"loc":{"start":{"line":208,"column":6},"end":{"line":212,"column":7}},"type":"if","locations":[{"start":{"line":208,"column":6},"end":{"line":212,"column":7}},{"start":{},"end":{}}],"line":208},"23":{"loc":{"start":{"line":229,"column":4},"end":{"line":231,"column":5}},"type":"if","locations":[{"start":{"line":229,"column":4},"end":{"line":231,"column":5}},{"start":{},"end":{}}],"line":229},"24":{"loc":{"start":{"line":237,"column":4},"end":{"line":239,"column":5}},"type":"if","locations":[{"start":{"line":237,"column":4},"end":{"line":239,"column":5}},{"start":{},"end":{}}],"line":237},"25":{"loc":{"start":{"line":237,"column":8},"end":{"line":237,"column":36}},"type":"binary-expr","locations":[{"start":{"line":237,"column":8},"end":{"line":237,"column":16}},{"start":{"line":237,"column":20},"end":{"line":237,"column":36}}],"line":237}},"s":{"0":0,"1":0,"2":0,"3":0,"4":0,"5":0,"6":0,"7":0,"8":0,"9":0,"10":0,"11":0,"12":0,"13":0,"14":0,"15":0,"16":0,"17":0,"18":0,"19":0,"20":0,"21":0,"22":0,"23":0,"24":0,"25":0,"26":0,"27":0,"28":0,"29":0,"30":0,"31":0,"32":0,"33":0,"34":0,"35":0,"36":0,"37":0,"38":0,"39":0,"40":0,"41":0,"42":0,"43":0,"44":0,"45":0,"46":0,"47":0,"48":0,"49":0,"50":0,"51":0,"52":0,"53":0,"54":0,"55":0,"56":0,"57":0,"58":0,"59":0,
[...]
7,"column":5}},"type":"if","locations":[{"start":{"line":85,"column":4},"end":{"line":87,"column":5}},{"start":{},"end":{}}],"line":85},"17":{"loc":{"start":{"line":85,"column":8},"end":{"line":85,"column":51}},"type":"binary-expr","locations":[{"start":{"line":85,"column":8},"end":{"line":85,"column":29}},{"start":{"line":85,"column":33},"end":{"line":85,"column":51}}],"line":85},"18":{"loc":{"start":{"line":96,"column":4},"end":{"line":96,"column":33}},"type":"default-arg","locations":[{"start":{"line":96,"column":31},"end":{"line":96,"column":33}}],"line":96},"19":{"loc":{"start":{"line":100,"column":4},"end":{"line":100,"column":60}},"type":"if","locations":[{"start":{"line":100,"column":4},"end":{"line":100,"column":60}},{"start":{},"end":{}}],"line":100},"20":{"loc":{"start":{"line":101,"column":4},"end":{"line":101,"column":60}},"type":"if","locations":[{"start":{"line":101,"column":4},"end":{"line":101,"column":60}},{"start":{},"end":{}}],"line":101},"21":{"loc":{"start":{"line":108,"column":4},"end":{"line":108,"column":34}},"type":"default-arg","locations":[{"start":{"line":108,"column":24},"end":{"line":108,"column":34}}],"line":108},"22":{"loc":{"start":{"line":109,"column":4},"end":{"line":109,"column":33}},"type":"default-arg","locations":[{"start":{"line":109,"column":31},"end":{"line":109,"column":33}}],"line":109},"23":{"loc":{"start":{"line":116,"column":6},"end":{"line":116,"column":62}},"type":"if","locations":[{"start":{"line":116,"column":6},"end":{"line":116,"column":62}},{"start":{},"end":{}}],"line":116},"24":{"loc":{"start":{"line":116,"column":10},"end":{"line":116,"column":53}},"type":"binary-expr","locations":[{"start":{"line":116,"column":10},"end":{"line":116,"column":22}},{"start":{"line":116,"column":26},"end":{"line":116,"column":53}}],"line":116},"25":{"loc":{"start":{"line":121,"column":6},"end":{"line":121,"column":31}},"type":"if","locations":[{"start":{"line":121,"column":6},"end":{"line":121,"column":31}},{"start":{},"end":{}}],"line":121},"26":{"loc":{"start":{"line":126,"column":6},"end":{"line":140,"column":7}},"type":"if","locations":[{"start":{"line":126,"column":6},"end":{"line":140,"column":7}},{"start":{},"end":{}}],"line":126},"27":{"loc":{"start":{"line":145,"column":6},"end":{"line":145,"column":70}},"type":"if","locations":[{"start":{"line":145,"column":6},"end":{"line":145,"column":70}},{"start":{},"end":{}}],"line":145},"28":{"loc":{"start":{"line":145,"column":10},"end":{"line":145,"column":58}},"type":"binary-expr","locations":[{"start":{"line":145,"column":10},"end":{"line":145,"column":32}},{"start":{"line":145,"column":36},"end":{"line":145,"column":58}}],"line":145},"29":{"loc":{"start":{"line":146,"column":6},"end":{"line":146,"column":69}},"type":"if","locations":[{"start":{"line":146,"column":6},"end":{"line":146,"column":69}},{"start":{},"end":{}}],"line":146},"30":{"loc":{"start":{"line":146,"column":10},"end":{"line":146,"column":58}},"type":"binary-expr","locations":[{"start":{"line":146,"column":10},"end":{"line":146,"column":32}},{"start":{"line":146,"column":36},"end":{"line":146,"column":58}}],"line":146},"31":{"loc":{"start":{"line":152,"column":6},"end":{"line":155,"column":7}},"type":"if","locations":[{"start":{"line":152,"column":6},"end":{"line":155,"column":7}},{"start":{},"end":{}}],"line":152},"32":{"loc":{"start":{"line":152,"column":10},"end":{"line":152,"column":65}},"type":"binary-expr","locations":[{"start":{"line":152,"column":10},"end":{"line":152,"column":36}},{"start":{"line":152,"column":40},"end":{"line":152,"column":65}}],"line":152},"33":{"loc":{"start":{"line":154,"column":8},"end":{"line":154,"column":57}},"type":"if","locations":[{"start":{"line":154,"column":8},"end":{"line":154,"column":57}},{"start":{},"end":{}}],"line":154},"34":{"loc":{"start":{"line":172,"column":6},"end":{"line":174,"column":7}},"type":"if","locations":[{"start":{"line":172,"column":6},"end":{"line":174,"column":7}},{"start":{},"end":{}}],"line":172},"35":{"loc":{"start":{"line":179,"column":6},"end":{"line":179,"column":57}},"type":"if","locations":[{"start":{"line":179,"column":6},"end":{"line":179,"column":57}},{"start":{},"end":{}}],"line":179},"36":{"loc":{"start":{"line":187,"column":4},"end":{"line":187,"column":55}},"type":"if","locations":[{"start":{"line":187,"column":4},"end":{"line":187,"column":55}},{"start":{},"end":{}}],"line":187},"37":{"loc":{"start":{"line":187,"column":8},"end":{"line":187,"column":38}},"type":"binary-expr","locations":[{"start":{"line":187,"column":8},"end":{"line":187,"column":13}},{"start":{"line":187,"column":17},"end":{"line":187,"column":38}}],"line":187},"38":{"loc":{"start":{"line":202,"column":11},"end":{"line":202,"column":35}},"type":"binary-expr","locations":[{"start":{"line":202,"column":11},"end":{"line":202,"column":25}},{"start":{"line":202,"column":29},"end":{"line":202,"column":35}}],"line":202},"39":{"loc":{"start":{"line":206,"column":4},"end":{"line":206,"column":47}},"type":"if","locations":[{"start":{"line":206,"column":4},"end":{"line":206,"column":47}},{"start":{},"end":{}}],"line":206},"40":{"loc":{"start":{"line":207,"column":4},"end":{"line":207,"column":47}},"type":"if","locations":[{"start":{"line":207,"column":4},"end":{"line":207,"column":47}},{"start":{},"end":{}}],"line":207},"41":{"loc":{"start":{"line":208,"column":4},"end":{"line":208,"column":41}},"type":"if","locations":[{"start":{"line":208,"column":4},"end":{"line":208,"column":41}},{"start":{},"end":{}}],"line":208}},"s":{"0":14,"1":1,"2":13,"3":10,"4":3,"5":1,"6":2,"7":1,"8":1,"9":14,"10":4,"11":10,"12":7,"13":3,"14":2,"15":1,"16":14,"17":3,"18":3,"19":3,"20":6,"21":6,"22":6,"23":6,"24":2,"25":1,"26":1,"27":1,"28":1,"29":1,"30":11,"31":8,"32":3,"33":1,"34":2,"35":12,"36":12,"37":3,"38":9,"39":5,"40":4,"41":6,"42":6,"43":6,"44":11,"45":2,"46":9,"47":9,"48":1,"49":8,"50":8,"51":8,"52":8,"53":8,"54":8,"55":6,"56":6,"57":1,"58":5,"59":3,"60":2,"61":6,"62":8,"63":6,"64":6,"65":4,"66":6,"67":2,"68":2,"69":2,"70":2,"71":2,"72":8,"73":6,"74":2,"75":27,"76":2,"77":25,"78":1,"79":1,"80":22,"81":6,"82":16,"83":1,"84":15,"85":3,"86":12},"f":{"0":14,"1":14,"2":14,"3":12,"4":6,"5":11,"6":6,"7":2,"8":2,"9":8,"10":27,"11":1,"12":22},"b":{"0":[1,13],"1":[10,3],"2":[1,2],"3":[1,1],"4":[2,1,1],"5":[4,10],"6":[14,14],"7":[7,3],"8":[10,10],"9":[2,1],"10":[3,3],"11":[3,11],"12":[14,3,3],"13":[2,4],"14":[8,3],"15":[11,9],"16":[1,2],"17":[3,1],"18":[0],"19":[3,9],"20":[5,4],"21":[0],"22":[3],"23":[2,9],"24":[11,10],"25":[1,8],"26":[8,0],"27":[1,5],"28":[6,1],"29":[3,2],"30":[5,5],"31":[6,2],"32":[8,5],"33":[4,2],"34":[2,0],"35":[6,2],"36":[2,25],"37":[27,27],"38":[1,1],"39":[6,16],"40":[1,15],"41":[3,12]},"_coverageSchema":"1a1c01bbd47fc00a2c39e90264f33305004495a9","hash":"d420fcf5ad6c7815b28da51dafe0e55e1514c9d0"}
,"C:\\GentleBaby3000\\src\\services\\user.ts": {"path":"C:\\GentleBaby3000\\src\\services\\user.ts","statementMap":{"0":{"start":{"line":7,"column":2},"end":{"line":9,"column":22}}},"fnMap":{"0":{"name":"upsertUser","decl":{"start":{"line":4,"column":22},"end":{"line":4,"column":32}},"loc":{"start":{"line":6,"column":3},"end":{"line":10,"column":1}},"line":6}},"branchMap":{},"s":{"0":0},"f":{"0":0},"b":{}}
,"C:\\GentleBaby3000\\src\\styles\\FamilyManagementStyle.ts": {"path":"C:\\GentleBaby3000\\src\\styles\\FamilyManagementStyle.ts","statementMap":{"0":{"start":{"line":3,"column":28},"end":{"line":32,"column":2}}},"fnMap":{},"branchMap":{},"s":{"0":0},"f":{},"b":{}}
,"C:\\GentleBaby3000\\src\\styles\\globalStyles.ts": {"path":"C:\\GentleBaby3000\\src\\styles\\globalStyles.ts","statementMap":{"0":{"start":{"line":3,"column":22},"end":{"line":234,"column":2}}},"fnMap":{},"branchMap":{},"s":{"0":0},"f":{},"b":{}}
,"C:\\GentleBaby3000\\src\\types\\images.d.ts": {"path":"C:\\GentleBaby3000\\src\\types\\images.d.ts","statementMap":{},"fnMap":{},"branchMap":{},"s":{},"f":{},"b":{}}
,"C:\\GentleBaby3000\\src\\utils\\familyUtils.ts": {"path":"C:\\GentleBaby3000\\src\\utils\\familyUtils.ts","statementMap":{"0":{"start":{"line":1,"column":30},"end":{"line":7,"column":1}},"1":{"start":{"line":2,"column":2},"end":{"line":6,"column":3}},"2":{"start":{"line":3,"column":20},"end":{"line":3,"column":37}},"3":{"start":{"line":4,"column":23},"end":{"line":4,"column":40}},"4":{"start":{"line":5,"column":11},"end":{"line":5,"column":28}},"5":{"start":{"line":9,"column":29},"end":{"line":15,"column":1}},"6":{"start":{"line":10,"column":2},"end":{"line":14,"column":3}},"7":{"start":{"line":11,"column":20},"end":{"line":11,"column":38}},"8":{"start":{"line":12,"column":23},"end":{"line":12,"column":43}},"9":{"start":{"line":13,"column":11},"end":{"line":13,"column":28}},"10":{"start":{"line":17,"column":28},"end":{"line":24,"column":1}},"11":{"start":{"line":18,"column":2},"end":{"line":23,"column":3}},"12":{"start":{"line":19,"column":17},"end":{"line":19,"column":34}},"13":{"start":{"line":20,"column":17},"end":{"line":20,"column":34}},"14":{"start":{"line":21,"column":17},"end":{"line":21,"column":34}},"15":{"start":{"line":22,"column":11},"end":{"line":22,"column":28}},"16":{"start":{"line":26,"column":28},"end":{"line":30,"column":1}},"17":{"start":{"line":27,"column":2},"end":{"line":27,"column":34}},"18":{"start":{"line":27,"column":24},"end":{"line":27,"column":34}},"19":{"start":{"line":28,"column":2},"end":{"line":28,"column":46}},"20":{"start":{"line":28,"column":35},"end":{"line":28,"column":46}},"21":{"start":{"line":29,"column":2},"end":{"line":29,"column":52}}},"fnMap":{"0":{"name":"(anonymous_0)","decl":{"start":{"line":1,"column":30},"end":{"line":1,"column":31}},"loc":{"start":{"line":1,"column":50},"end":{"line":7,"column":1}},"line":1},"1":{"name":"(anonymous_1)","decl":{"start":{"line":9,"column":29},"end":{"line":9,"column":30}},"loc":{"start":{"line":9,"column":49},"end":{"line":15,"column":1}},"line":9},"2":{"name":"(anonymous_2)","decl":{"start":{"line":17,"column":28},"end":{"line":17,"column":29}},"loc":{"start":{"line":17,"column":46},"end":{"line":24,"column":1}},"line":17},"3":{"name":"(anonymous_3)","decl":{"start":{"line":26,"column":28},"end":{"line":26,"column":29}},"loc":{"start":{"line":26,"column":45},"end":{"line":30,"column":1}},"line":26}},"branchMap":{"0":{"loc":{"start":{"line":2,"column":2},"end":{"line":6,"column":3}},"type":"switch","locations":[{"start":{"line":3,"column":2},"end":{"line":3,"column":37}},{"start":{"line":4,"column":2},"end":{"line":4,"column":40}},{"start":{"line":5,"column":2},"end":{"line":5,"column":28}}],"line":2},"1":{"loc":{"start":{"line":10,"column":2},"end":{"line":14,"column":3}},"type":"switch","locations":[{"start":{"line":11,"column":2},"end":{"line":11,"column":38}},{"start":{"line":12,"column":2},"end":{"line":12,"column":43}},{"start":{"line":13,"column":2},"end":{"line":13,"column":28}}],"line":10},"2":{"loc":{"start":{"line":18,"column":2},"end":{"line":23,"column":3}},"type":"switch","locations":[{"start":{"line":19,"column":2},"end":{"line":19,"column":34}},{"start":{"line":20,"column":2},"end":{"line":20,"column":34}},{"start":{"line":21,"column":2},"end":{"line":21,"column":34}},{"start":{"line":22,"column":2},"end":{"line":22,"column":28}}],"line":18},"3":{"loc":{"start":{"line":27,"column":2},"end":{"line":27,"column":34}},"type":"if","locations":[{"start":{"line":27,"column":2},"end":{"line":27,"column":34}},{"start":{},"end":{}}],"line":27},"4":{"loc":{"start":{"line":28,"column":2},"end":{"line":28,"column":46}},"type":"if","locations":[{"start":{"line":28,"column":2},"end":{"line":28,"column":46}},{"start":{},"end":{}}],"line":28}},"s":{"0":1,"1":3,"2":1,"3":1,"4":1,"5":1,"6":3,"7":1,"8":1,"9":1,"10":1,"11":4,"12":1,"13":1,"14":1,"15":1,"16":1,"17":4,"18":1,"19":3,"20":1,"21":2},"f":{"0":3,"1":3,"2":4,"3":4},"b":{"0":[1,1,1],"1":[1,1,1],"2":[1,1,1,1],"3":[1,3],"4":[1,2]},"_coverageSchema":"1a1c01bbd47fc00a2c39e90264f33305004495a9","hash":"e08939099235968946fc62d97e587ea818625c9c"}
,"C:\\GentleBaby3000\\src\\utils\\notify.ts": {"path":"C:\\GentleBaby3000\\src\\utils\\notify.ts","statementMap":{"0":{"start":{"line":4,"column":2},"end":{"line":8,"column":3}},"1":{"start":{"line":5,"column":4},"end":{"line":5,"column":61}},"2":{"start":{"line":7,"column":4},"end":{"line":7,"column":32}}},"fnMap":{"0":{"name":"notify","decl":{"start":{"line":3,"column":16},"end":{"line":3,"column":22}},"loc":{"start":{"line":3,"column":56},"end":{"line":9,"column":1}},"line":3}},"branchMap":{"0":{"loc":{"start":{"line":4,"column":2},"end":{"line":8,"column":3}},"type":"if","locations":[{"start":{"line":4,"column":2},"end":{"line":8,"column":3}},{"start":{"line":6,"column":9},"end":{"line":8,"column":3}}],"line":4},"1":{"loc":{"start":{"line":5,"column":17},"end":{"line":5,"column":59}},"type":"cond-expr","locations":[{"start":{"line":5,"column":27},"end":{"line":5,"column":51}},{"start":{"line":5,"column":54},"end":{"line":5,"column":59}}],"line":5}},"s":{"0":0,"1":0,"2":0},"f":{"0":0},"b":{"0":[0,0],"1":[0,0]}}
,"C:\\GentleBaby3000\\src\\utils\\planningRange.ts": {"path":"C:\\GentleBaby3000\\src\\utils\\planningRange.ts","statementMap":{"0":{"start":{"line":9,"column":14},"end":{"line":9,"column":24}},"1":{"start":{"line":11,"column":2},"end":{"line":15,"column":3}},"2":{"start":{"line":12,"column":17},"end":{"line":12,"column":20}},"3":{"start":{"line":13,"column":15},"end":{"line":13,"column":60}},"4":{"start":{"line":14,"column":4},"end":{"line":14,"column":24}},"5":{"start":{"line":17,"column":2},"end":{"line":29,"column":3}},"6":{"start":{"line":18,"column":17},"end":{"line":26,"column":5}},"7":{"start":{"line":27,"column":15},"end":{"line":27,"column":61}},"8":{"start":{"line":28,"column":4},"end":{"line":28,"column":24}},"9":{"start":{"line":32,"column":15},"end":{"line":40,"column":3}},"10":{"start":{"line":41,"column":13},"end":{"line":41,"column":63}},"11":{"start":{"line":42,"column":2},"end":{"line":42,"column":22}}},"fnMap":{"0":{"name":"getRangeForMode","decl":{"start":{"line":5,"column":16},"end":{"line":5,"column":31}},"loc":{"start":{"line":8,"column":28},"end":{"line":43,"column":1}},"line":8}},"branchMap":{"0":{"loc":{"start":{"line":11,"column":2},"end":{"line":15,"column":3}},"type":"if","locations":[{"start":{"line":11,"column":2},"end":{"line":15,"column":3}},{"start":{},"end":{}}],"line":11},"1":{"loc":{"start":{"line":17,"column":2},"end":{"line":29,"column":3}},"type":"if","locations":[{"start":{"line":17,"column":2},"end":{"line":29,"column":3}},{"start":{},"end":{}}],"line":17}},"s":{"0":0,"1":0,"2":0,"3":0,"4":0,"5":0,"6":0,"7":0,"8":0,"9":0,"10":0,"11":0},"f":{"0":0},"b":{"0":[0,0],"1":[0,0]}}
,"C:\\GentleBaby3000\\src\\utils\\validation.ts": {"path":"C:\\GentleBaby3000\\src\\utils\\validation.ts","statementMap":{"0":{"start":{"line":2,"column":2},"end":{"line":2,"column":46}},"1":{"start":{"line":6,"column":24},"end":{"line":6,"column":84}},"2":{"start":{"line":7,"column":2},"end":{"line":7,"column":38}}},"fnMap":{"0":{"name":"isValidEmail","decl":{"start":{"line":1,"column":16},"end":{"line":1,"column":28}},"loc":{"start":{"line":1,"column":40},"end":{"line":3,"column":1}},"line":1},"1":{"name":"verificationPassword","decl":{"start":{"line":5,"column":16},"end":{"line":5,"column":36}},"loc":{"start":{"line":5,"column":55},"end":{"line":8,"column":1}},"line":5}},"branchMap":{},"s":{"0":0,"1":0,"2":0},"f":{"0":0,"1":0},"b":{}}
,"C:\\GentleBaby3000\\src\\utils\\validators.ts": {"path":"C:\\GentleBaby3000\\src\\utils\\validators.ts","statementMap":{"0":{"start":{"line":1,"column":28},"end":{"line":18,"column":1}},"1":{"start":{"line":2,"column":2},"end":{"line":2,"column":45}},"2":{"start":{"line":2,"column":32},"end":{"line":2,"column":45}},"3":{"start":{"line":3,"column":2},"end":{"line":3,"column":37}},"4":{"start":{"line":3,"column":24},"end":{"line":3,"column":37}},"5":{"start":{"line":6,"column":20},"end":{"line":6,"column":40}},"6":{"start":{"line":7,"column":2},"end":{"line":7,"column":42}},"7":{"start":{"line":7,"column":29},"end":{"line":7,"column":42}},"8":{"start":{"line":10,"column":22},"end":{"line":10,"column":26}},"9":{"start":{"line":11,"column":2},"end":{"line":11,"column":43}},"10":{"start":{"line":11,"column":30},"end":{"line":11,"column":43}},"11":{"start":{"line":14,"column":27},"end":{"line":14,"column":45}},"12":{"start":{"line":15,"column":2},"end":{"line":15,"column":48}},"13":{"start":{"line":15,"column":35},"end":{"line":15,"column":48}},"14":{"start":{"line":17,"column":2},"end":{"line":17,"column":14}},"15":{"start":{"line":20,"column":28},"end":{"line":30,"column":1}},"16":{"start":{"line":21,"column":16},"end":{"line":21,"column":26}},"17":{"start":{"line":22,"column":12},"end":{"line":22,"column":57}},"18":{"start":{"line":23,"column":20},"end":{"line":23,"column":59}},"19":{"start":{"line":25,"column":2},"end":{"line":27,"column":3}},"20":{"start":{"line":26,"column":4},"end":{"line":26,"column":10}},"21":{"start":{"line":29,"column":2},"end":{"line":29,"column":13}},"22":{"start":{"line":32,"column":31},"end":{"line":35,"column":1}},"23":{"start":{"line":33,"column":14},"end":{"line":33,"column":37}},"24":{"start":{"line":34,"column":2},"end":{"line":34,"column":31}}},"fnMap":{"0":{"name":"(anonymous_0)","decl":{"start":{"line":1,"column":28},"end":{"line":1,"column":29}},"loc":{"start":{"line":1,"column":55},"end":{"line":18,"column":1}},"line":1},"1":{"name":"(anonymous_1)","decl":{"start":{"line":20,"column":28},"end":{"line":20,"column":29}},"loc":{"start":{"line":20,"column":57},"end":{"line":30,"column":1}},"line":20},"2":{"name":"(anonymous_2)","decl":{"start":{"line":32,"column":31},"end":{"line":32,"column":32}},"loc":{"start":{"line":32,"column":61},"end":{"line":35,"column":1}},"line":32}},"branchMap":{"0":{"loc":{"start":{"line":2,"column":2},"end":{"line":2,"column":45}},"type":"if","locations":[{"start":{"line":2,"column":2},"end":{"line":2,"column":45}},{"start":{},"end":{}}],"line":2},"1":{"loc":{"start":{"line":2,"column":6},"end":{"line":2,"column":30}},"type":"binary-expr","locations":[{"start":{"line":2,"column":6},"end":{"line":2,"column":11}},{"start":{"line":2,"column":15},"end":{"line":2,"column":30}}],"line":2},"2":{"loc":{"start":{"line":3,"column":2},"end":{"line":3,"column":37}},"type":"if","locations":[{"start":{"line":3,"column":2},"end":{"line":3,"column":37}},{"start":{},"end":{}}],"line":3},"3":{"loc":{"start":{"line":7,"column":2},"end":{"line":7,"column":42}},"type":"if","locations":[{"start":{"line":7,"column":2},"end":{"line":7,"column":42}},{"start":{},"end":{}}],"line":7},"4":{"loc":{"start":{"line":11,"column":2},"end":{"line":11,"column":43}},"type":"if","locations":[{"start":{"line":11,"column":2},"end":{"line":11,"column":43}},{"start":{},"end":{}}],"line":11},"5":{"loc":{"start":{"line":15,"column":2},"end":{"line":15,"column":48}},"type":"if","locations":[{"start":{"line":15,"column":2},"end":{"line":15,"column":48}},{"start":{},"end":{}}],"line":15},"6":{"loc":{"start":{"line":25,"column":2},"end":{"line":27,"column":3}},"type":"if","locations":[{"start":{"line":25,"column":2},"end":{"line":27,"column":3}},{"start":{},"end":{}}],"line":25},"7":{"loc":{"start":{"line":25,"column":6},"end":{"line":25,"column":81}},"type":"binary-expr","locations":[{"start":{"line":25,"column":6},"end":{"line":25,"column":19}},{"start":{"line":25,"column":24},"end":{"line":25,"column":39}},{"start":{"line":25,"column":43},"end":{"line":25,"column":80}}],"line":25},"8":{"loc":{"start":{"line":34,"column":9},"end":{"line":34,"column":30}},"type":"binary-expr","locations":[{"start":{"line":34,"column":9},"end":{"line":34,"column":17}},{"start":{"line":34,"column":21},"end":{"line":34,"column":30}}],"line":34}},"s":{"0":0,"1":0,"2":0,"3":0,"4":0,"5":0,"6":0,"7":0,"8":0,"9":0,"10":0,"11":0,"12":0,"13":0,"14":0,"15":0,"16":0,"17":0,"18":0,"19":0,"20":0,"21":0,"22":0,"23":0,"24":0},"f":{"0":0,"1":0,"2":0},"b":{"0":[0,0],"1":[0,0],"2":[0,0],"3":[0,0],"4":[0,0],"5":[0,0],"6":[0,0],"7":[0,0,0],"8":[0,0]}}
}
