TN:
SF:src\components\Button.tsx
FN:12,Button
FNF:1
FNH:0
FNDA:0,Button
DA:20,0
DA:22,0
DA:29,0
DA:36,0
DA:41,0
DA:46,0
LF:6
LH:0
BRDA:15,0,0,0
BRDA:16,1,0,0
BRDA:17,2,0,0
BRDA:50,3,0,0
BRDA:50,3,1,0
BRF:5
BRH:0
end_of_record
TN:
SF:src\components\EditProfileForm.tsx
FN:16,(anonymous_0)
FN:24,(anonymous_1)
FN:30,(anonymous_2)
FN:36,(anonymous_3)
FN:47,(anonymous_4)
FN:60,(anonymous_5)
FN:73,(anonymous_6)
FN:80,(anonymous_7)
FNF:8
FNH:0
FNDA:0,(anonymous_0)
FNDA:0,(anonymous_1)
FNDA:0,(anonymous_2)
FNDA:0,(anonymous_3)
FNDA:0,(anonymous_4)
FNDA:0,(anonymous_5)
FNDA:0,(anonymous_6)
FNDA:0,(anonymous_7)
DA:16,0
DA:17,0
DA:19,0
DA:24,0
DA:30,0
DA:36,0
DA:47,0
DA:60,0
DA:73,0
DA:80,0
DA:95,0
LF:11
LH:0
BRDA:23,0,0,0
BRDA:23,0,1,0
BRDA:29,1,0,0
BRDA:29,1,1,0
BRDA:35,2,0,0
BRDA:35,2,1,0
BRDA:40,3,0,0
BRDA:40,3,1,0
BRDA:52,4,0,0
BRDA:52,4,1,0
BRDA:57,5,0,0
BRDA:57,5,1,0
BRDA:66,6,0,0
BRDA:66,6,1,0
BRDA:85,7,0,0
BRDA:85,7,1,0
BRDA:85,7,2,0
BRF:17
BRH:0
end_of_record
TN:
SF:src\components\FamilyMember.tsx
FN:29,(anonymous_0)
FN:48,(anonymous_1)
FN:54,(anonymous_2)
FN:64,(anonymous_3)
FN:71,(anonymous_4)
FN:130,(anonymous_5)
FNF:6
FNH:6
FNDA:4,(anonymous_0)
FNDA:8,(anonymous_1)
FNDA:8,(anonymous_2)
FNDA:8,(anonymous_3)
FNDA:16,(anonymous_4)
FNDA:1,(anonymous_5)
DA:29,1
DA:30,4
DA:32,4
DA:48,8
DA:54,8
DA:65,8
DA:71,16
DA:130,1
LF:8
LH:8
BRDA:48,0,0,4
BRDA:48,0,1,4
BRDA:90,1,0,8
BRDA:90,1,1,4
BRDA:99,2,0,0
BRDA:99,2,1,4
BRDA:125,3,0,8
BRDA:125,3,1,4
BRF:8
BRH:7
end_of_record
TN:
SF:src\components\ROInput.tsx
FN:4,ROInput
FNF:1
FNH:0
FNDA:0,ROInput
DA:13,0
DA:27,0
LF:2
LH:0
BRDA:21,0,0,0
BRDA:21,0,1,0
BRF:2
BRH:0
end_of_record
TN:
SF:src\components\RoleListe.tsx
FN:9,(anonymous_0)
FN:14,(anonymous_1)
FN:15,(anonymous_2)
FN:20,(anonymous_3)
FNF:4
FNH:4
FNDA:3,(anonymous_0)
FNDA:8,(anonymous_1)
FNDA:1,(anonymous_2)
FNDA:10,(anonymous_3)
DA:9,1
DA:11,3
DA:15,8
DA:20,10
LF:4
LH:4
BRF:0
BRH:0
end_of_record
TN:
SF:src\components\backgroundShapes.tsx
FN:18,(anonymous_0)
FN:23,(anonymous_1)
FN:29,(anonymous_2)
FN:37,(anonymous_3)
FN:45,(anonymous_4)
FN:52,(anonymous_5)
FNF:6
FNH:6
FNDA:1,(anonymous_0)
FNDA:1,(anonymous_1)
FNDA:6,(anonymous_2)
FNDA:6,(anonymous_3)
FNDA:6,(anonymous_4)
FNDA:6,(anonymous_5)
DA:12,1
DA:18,1
DA:19,1
DA:20,1
DA:21,1
DA:23,1
DA:24,1
DA:25,1
DA:26,1
DA:29,6
DA:37,6
DA:45,6
DA:52,6
DA:60,1
LF:14
LH:14
BRF:0
BRH:0
end_of_record
TN:
SF:src\components\loadingScreen.tsx
FN:4,LoadingScreen
FNF:1
FNH:0
FNDA:0,LoadingScreen
DA:5,0
DA:13,0
LF:2
LH:0
BRF:0
BRH:0
end_of_record
TN:
SF:src\components\activity\taskCard.tsx
FN:13,(anonymous_0)
FN:20,(anonymous_1)
FN:29,(anonymous_2)
FN:73,(anonymous_3)
FN:83,(anonymous_4)
FN:93,(anonymous_5)
FN:101,(anonymous_6)
FN:109,(anonymous_7)
FNF:8
FNH:0
FNDA:0,(anonymous_0)
FNDA:0,(anonymous_1)
FNDA:0,(anonymous_2)
FNDA:0,(anonymous_3)
FNDA:0,(anonymous_4)
FNDA:0,(anonymous_5)
FNDA:0,(anonymous_6)
FNDA:0,(anonymous_7)
DA:13,0
DA:20,0
DA:21,0
DA:22,0
DA:23,0
DA:24,0
DA:25,0
DA:29,0
DA:30,0
DA:31,0
DA:32,0
DA:33,0
DA:34,0
DA:38,0
DA:73,0
DA:83,0
DA:93,0
DA:101,0
DA:109,0
DA:121,0
LF:20
LH:0
BRDA:21,0,0,0
BRDA:21,0,1,0
BRDA:21,0,2,0
BRDA:21,0,3,0
BRDA:30,1,0,0
BRDA:30,1,1,0
BRDA:30,1,2,0
BRDA:30,1,3,0
BRDA:39,2,0,0
BRDA:39,2,1,0
BRDA:46,3,0,0
BRDA:46,3,1,0
BRDA:47,4,0,0
BRDA:47,4,1,0
BRDA:48,5,0,0
BRDA:48,5,1,0
BRDA:61,6,0,0
BRDA:61,6,1,0
BRDA:64,7,0,0
BRDA:64,7,1,0
BRDA:64,7,2,0
BRDA:81,8,0,0
BRDA:81,8,1,0
BRDA:86,9,0,0
BRDA:86,9,1,0
BRDA:90,10,0,0
BRDA:90,10,1,0
BRF:27
BRH:0
end_of_record
TN:
SF:src\components\activity\taskFilters.tsx
FN:11,(anonymous_0)
FN:21,(anonymous_1)
FN:28,(anonymous_2)
FN:47,(anonymous_3)
FN:54,(anonymous_4)
FNF:5
FNH:0
FNDA:0,(anonymous_0)
FNDA:0,(anonymous_1)
FNDA:0,(anonymous_2)
FNDA:0,(anonymous_3)
FNDA:0,(anonymous_4)
DA:11,0
DA:17,0
DA:22,0
DA:28,0
DA:48,0
DA:54,0
DA:72,0
LF:7
LH:0
BRDA:26,0,0,0
BRDA:26,0,1,0
BRDA:32,1,0,0
BRDA:32,1,1,0
BRDA:34,2,0,0
BRDA:34,2,1,0
BRDA:35,3,0,0
BRDA:35,3,1,0
BRDA:36,4,0,0
BRDA:36,4,1,0
BRDA:37,5,0,0
BRDA:37,5,1,0
BRDA:52,6,0,0
BRDA:52,6,1,0
BRDA:58,7,0,0
BRDA:58,7,1,0
BRDA:60,8,0,0
BRDA:60,8,1,0
BRDA:61,9,0,0
BRDA:61,9,1,0
BRDA:62,10,0,0
BRDA:62,10,1,0
BRDA:63,11,0,0
BRDA:63,11,1,0
BRF:24
BRH:0
end_of_record
TN:
SF:src\components\auth\protectedRoute.tsx
FNF:0
FNH:0
LF:0
LH:0
BRF:0
BRH:0
end_of_record
TN:
SF:src\components\child\childForm.tsx
FN:34,(anonymous_0)
FN:56,(anonymous_1)
FN:60,(anonymous_2)
FN:68,(anonymous_3)
FN:83,(anonymous_4)
FN:86,(anonymous_5)
FN:91,(anonymous_6)
FN:102,(anonymous_7)
FNF:8
FNH:0
FNDA:0,(anonymous_0)
FNDA:0,(anonymous_1)
FNDA:0,(anonymous_2)
FNDA:0,(anonymous_3)
FNDA:0,(anonymous_4)
FNDA:0,(anonymous_5)
FNDA:0,(anonymous_6)
FNDA:0,(anonymous_7)
DA:34,0
DA:37,0
DA:56,0
DA:57,0
DA:61,0
DA:68,0
DA:83,0
DA:84,0
DA:86,0
DA:87,0
DA:88,0
DA:91,0
DA:93,0
DA:102,0
DA:122,0
LF:15
LH:0
BRDA:42,0,0,0
BRDA:42,0,1,0
BRDA:42,0,2,0
BRDA:43,1,0,0
BRDA:43,1,1,0
BRDA:43,1,2,0
BRDA:43,1,3,0
BRDA:51,2,0,0
BRDA:51,2,1,0
BRDA:51,2,2,0
BRDA:52,3,0,0
BRDA:52,3,1,0
BRDA:52,3,2,0
BRDA:52,3,3,0
BRDA:65,4,0,0
BRDA:65,4,1,0
BRDA:66,5,0,0
BRDA:66,5,1,0
BRDA:66,5,2,0
BRDA:72,6,0,0
BRDA:72,6,1,0
BRDA:74,7,0,0
BRDA:74,7,1,0
BRDA:74,8,0,0
BRDA:74,8,1,0
BRDA:79,9,0,0
BRDA:79,9,1,0
BRDA:79,9,2,0
BRDA:88,10,0,0
BRDA:88,10,1,0
BRDA:99,11,0,0
BRDA:99,11,1,0
BRDA:99,11,2,0
BRDA:100,12,0,0
BRDA:100,12,1,0
BRDA:100,12,2,0
BRDA:107,13,0,0
BRDA:107,13,1,0
BRDA:117,14,0,0
BRDA:117,14,1,0
BRDA:117,14,2,0
BRF:41
BRH:0
end_of_record
TN:
SF:src\components\family\activityCard.tsx
FN:10,(anonymous_0)
FNF:1
FNH:0
FNDA:0,(anonymous_0)
DA:10,0
DA:14,0
DA:29,0
LF:3
LH:0
BRF:0
BRH:0
end_of_record
TN:
SF:src\components\family\welcomeHeader.tsx
FN:9,(anonymous_0)
FNF:1
FNH:0
FNDA:0,(anonymous_0)
DA:9,0
DA:13,0
DA:20,0
LF:3
LH:0
BRF:0
BRH:0
end_of_record
TN:
SF:src\components\form\formLink.tsx
FN:10,FormLink
FNF:1
FNH:0
FNDA:0,FormLink
DA:11,0
DA:20,0
LF:2
LH:0
BRF:0
BRH:0
end_of_record
TN:
SF:src\components\form\inputField.tsx
FN:9,InputField
FNF:1
FNH:0
FNDA:0,InputField
DA:10,0
DA:27,0
LF:2
LH:0
BRDA:16,0,0,0
BRDA:16,0,1,0
BRDA:22,1,0,0
BRDA:22,1,1,0
BRF:4
BRH:0
end_of_record
TN:
SF:src\components\form\primaryButton.tsx
FN:11,PrimaryButton
FNF:1
FNH:0
FNDA:0,PrimaryButton
DA:17,0
DA:35,0
LF:2
LH:0
BRDA:14,0,0,0
BRDA:15,1,0,0
BRDA:21,2,0,0
BRDA:21,2,1,0
BRDA:21,2,2,0
BRDA:24,3,0,0
BRDA:24,3,1,0
BRDA:26,4,0,0
BRDA:26,4,1,0
BRF:9
BRH:0
end_of_record
TN:
SF:src\components\task\memberSelector.tsx
FN:14,(anonymous_0)
FN:31,(anonymous_1)
FN:38,(anonymous_2)
FNF:3
FNH:0
FNDA:0,(anonymous_0)
FNDA:0,(anonymous_1)
FNDA:0,(anonymous_2)
DA:14,0
DA:15,0
DA:16,0
DA:19,0
DA:20,0
DA:28,0
DA:32,0
DA:38,0
DA:54,0
LF:9
LH:0
BRDA:15,0,0,0
BRDA:15,0,1,0
BRDA:19,1,0,0
BRDA:19,1,1,0
BRDA:36,2,0,0
BRDA:36,2,1,0
BRDA:42,3,0,0
BRDA:42,3,1,0
BRDA:49,4,0,0
BRDA:49,4,1,0
BRF:10
BRH:0
end_of_record
TN:
SF:src\components\timeline\timelineItemCard.tsx
FN:12,(anonymous_0)
FN:22,(anonymous_1)
FN:54,(anonymous_2)
FNF:3
FNH:3
FNDA:13,(anonymous_0)
FNDA:13,(anonymous_1)
FNDA:1,(anonymous_2)
DA:12,1
DA:17,13
DA:19,13
DA:20,13
DA:22,13
DA:23,13
DA:26,12
DA:28,12
DA:31,12
DA:32,2
DA:33,2
DA:34,1
DA:35,1
DA:36,1
DA:38,1
DA:41,10
DA:43,9
DA:44,3
DA:46,2
DA:48,1
DA:51,13
DA:54,1
DA:101,1
LF:23
LH:23
BRDA:23,0,0,1
BRDA:23,0,1,12
BRDA:23,1,0,13
BRDA:23,1,1,13
BRDA:26,2,0,12
BRDA:26,2,1,11
BRDA:31,3,0,2
BRDA:31,3,1,10
BRDA:33,4,0,1
BRDA:33,4,1,1
BRDA:41,5,0,1
BRDA:41,5,1,9
BRDA:43,6,0,6
BRDA:43,6,1,3
BRDA:44,7,0,1
BRDA:44,7,1,2
BRDA:46,8,0,1
BRDA:46,8,1,1
BRDA:68,9,0,13
BRDA:68,9,1,11
BRDA:69,10,0,13
BRDA:69,10,1,1
BRDA:70,11,0,13
BRDA:70,11,1,1
BRDA:77,12,0,13
BRDA:77,12,1,13
BRDA:77,12,2,13
BRDA:83,13,0,13
BRDA:83,13,1,2
BRDA:92,14,0,13
BRDA:92,14,1,1
BRDA:92,14,2,1
BRF:32
BRH:32
end_of_record
TN:
SF:src\components\timeline\weatherTimelineBar.tsx
FN:11,(anonymous_0)
FN:18,(anonymous_1)
FN:46,(anonymous_2)
FN:57,(anonymous_3)
FN:61,(anonymous_4)
FNF:5
FNH:5
FNDA:7,(anonymous_0)
FNDA:12,(anonymous_1)
FNDA:8,(anonymous_2)
FNDA:2,(anonymous_3)
FNDA:4,(anonymous_4)
DA:11,1
DA:18,7
DA:19,12
DA:23,12
DA:26,7
DA:27,2
DA:34,5
DA:47,8
DA:48,8
DA:51,8
DA:53,8
DA:61,4
DA:62,2
DA:88,1
LF:14
LH:14
BRDA:23,0,0,12
BRDA:23,0,1,8
BRDA:26,1,0,2
BRDA:26,1,1,5
BRDA:56,2,0,8
BRDA:56,2,1,1
BRDA:74,3,0,8
BRDA:74,3,1,4
BRF:8
BRH:8
end_of_record
TN:
SF:src\hooks\useAuthRedirect.ts
FN:6,useAuthRedirect
FN:11,(anonymous_1)
FN:12,(anonymous_2)
FNF:3
FNH:0
FNDA:0,useAuthRedirect
FNDA:0,(anonymous_1)
FNDA:0,(anonymous_2)
DA:7,0
DA:8,0
DA:9,0
DA:11,0
DA:12,0
DA:13,0
DA:15,0
DA:16,0
DA:18,0
DA:20,0
DA:22,0
DA:26,0
DA:28,0
DA:33,0
DA:36,0
LF:15
LH:0
BRDA:18,0,0,0
BRDA:18,0,1,0
BRDA:20,1,0,0
BRDA:20,1,1,0
BRDA:20,2,0,0
BRDA:20,2,1,0
BRDA:26,3,0,0
BRDA:26,3,1,0
BRDA:26,4,0,0
BRDA:26,4,1,0
BRF:10
BRH:0
end_of_record
TN:
SF:src\hooks\useChild.ts
FN:5,(anonymous_0)
FN:9,(anonymous_1)
FNF:2
FNH:2
FNDA:5,(anonymous_0)
FNDA:3,(anonymous_1)
DA:5,1
DA:6,5
DA:7,5
DA:9,5
DA:10,3
DA:11,3
DA:12,3
DA:13,3
DA:14,1
DA:16,2
DA:17,2
DA:18,2
DA:20,3
DA:24,5
LF:14
LH:14
BRDA:16,0,0,2
BRDA:16,0,1,0
BRF:2
BRH:1
end_of_record
TN:
SF:src\hooks\useCreateChild.ts
FN:8,(anonymous_0)
FN:36,(anonymous_1)
FN:37,(anonymous_2)
FN:41,(anonymous_3)
FN:67,(anonymous_4)
FNF:5
FNH:4
FNDA:11,(anonymous_0)
FNDA:1,(anonymous_1)
FNDA:1,(anonymous_2)
FNDA:2,(anonymous_3)
FNDA:0,(anonymous_4)
DA:8,1
DA:10,11
DA:12,11
DA:14,11
DA:17,11
DA:18,11
DA:19,11
DA:20,11
DA:22,11
DA:30,11
DA:31,11
DA:32,11
DA:33,11
DA:34,11
DA:36,11
DA:37,1
DA:41,11
DA:42,2
DA:44,2
DA:47,2
DA:48,0
DA:49,0
DA:52,2
DA:53,2
DA:61,2
DA:63,1
DA:67,0
DA:72,1
DA:73,1
DA:77,11
LF:30
LH:27
BRDA:34,0,0,11
BRDA:34,0,1,5
BRDA:34,0,2,5
BRDA:34,0,3,5
BRDA:44,1,0,0
BRDA:44,1,1,2
BRDA:47,2,0,0
BRDA:47,2,1,2
BRDA:47,3,0,2
BRDA:47,3,1,2
BRDA:72,4,0,1
BRDA:72,4,1,0
BRF:12
BRH:9
end_of_record
TN:
SF:src\hooks\useCreateTask.ts
FN:36,(anonymous_0)
FN:58,(anonymous_1)
FN:59,(anonymous_2)
FN:72,(anonymous_3)
FN:96,(anonymous_4)
FN:97,(anonymous_5)
FN:99,(anonymous_6)
FN:103,(anonymous_7)
FN:106,(anonymous_8)
FN:120,(anonymous_9)
FN:120,(anonymous_10)
FN:122,(anonymous_11)
FN:132,(anonymous_12)
FN:146,(anonymous_13)
FN:146,(anonymous_14)
FN:173,(anonymous_15)
FN:205,(anonymous_16)
FN:205,(anonymous_17)
FN:217,(anonymous_18)
FN:227,(anonymous_19)
FN:235,(anonymous_20)
FN:235,(anonymous_21)
FN:238,(anonymous_22)
FNF:23
FNH:0
FNDA:0,(anonymous_0)
FNDA:0,(anonymous_1)
FNDA:0,(anonymous_2)
FNDA:0,(anonymous_3)
FNDA:0,(anonymous_4)
FNDA:0,(anonymous_5)
FNDA:0,(anonymous_6)
FNDA:0,(anonymous_7)
FNDA:0,(anonymous_8)
FNDA:0,(anonymous_9)
FNDA:0,(anonymous_10)
FNDA:0,(anonymous_11)
FNDA:0,(anonymous_12)
FNDA:0,(anonymous_13)
FNDA:0,(anonymous_14)
FNDA:0,(anonymous_15)
FNDA:0,(anonymous_16)
FNDA:0,(anonymous_17)
FNDA:0,(anonymous_18)
FNDA:0,(anonymous_19)
FNDA:0,(anonymous_20)
FNDA:0,(anonymous_21)
FNDA:0,(anonymous_22)
DA:36,0
DA:37,0
DA:40,0
DA:41,0
DA:42,0
DA:43,0
DA:44,0
DA:45,0
DA:46,0
DA:47,0
DA:48,0
DA:51,0
DA:52,0
DA:53,0
DA:54,0
DA:55,0
DA:58,0
DA:59,0
DA:60,0
DA:62,0
DA:63,0
DA:65,0
DA:67,0
DA:68,0
DA:71,0
DA:72,0
DA:73,0
DA:74,0
DA:82,0
DA:84,0
DA:85,0
DA:87,0
DA:91,0
DA:96,0
DA:97,0
DA:98,0
DA:99,0
DA:103,0
DA:106,0
DA:107,0
DA:109,0
DA:110,0
DA:112,0
DA:113,0
DA:114,0
DA:115,0
DA:119,0
DA:120,0
DA:121,0
DA:122,0
DA:124,0
DA:125,0
DA:128,0
DA:129,0
DA:132,0
DA:133,0
DA:135,0
DA:136,0
DA:137,0
DA:139,0
DA:140,0
DA:142,0
DA:145,0
DA:146,0
DA:147,0
DA:148,0
DA:151,0
DA:153,0
DA:154,0
DA:155,0
DA:156,0
DA:157,0
DA:158,0
DA:163,0
DA:164,0
DA:165,0
DA:166,0
DA:167,0
DA:170,0
DA:173,0
DA:174,0
DA:175,0
DA:176,0
DA:179,0
DA:180,0
DA:181,0
DA:184,0
DA:185,0
DA:187,0
DA:199,0
DA:200,0
DA:201,0
DA:204,0
DA:205,0
DA:208,0
DA:209,0
DA:210,0
DA:211,0
DA:214,0
DA:216,0
DA:217,0
DA:220,0
DA:221,0
DA:223,0
DA:227,0
DA:228,0
DA:229,0
DA:230,0
DA:235,0
DA:236,0
DA:237,0
DA:238,0
DA:242,0
LF:113
LH:0
BRDA:60,0,0,0
BRDA:60,0,1,0
BRDA:67,1,0,0
BRDA:67,1,1,0
BRDA:76,2,0,0
BRDA:76,2,1,0
BRDA:76,2,2,0
BRDA:76,2,3,0
BRDA:77,3,0,0
BRDA:77,3,1,0
BRDA:77,3,2,0
BRDA:78,4,0,0
BRDA:78,4,1,0
BRDA:98,5,0,0
BRDA:98,5,1,0
BRDA:103,6,0,0
BRDA:103,6,1,0
BRDA:109,7,0,0
BRDA:109,7,1,0
BRDA:110,8,0,0
BRDA:110,8,1,0
BRDA:112,9,0,0
BRDA:112,9,1,0
BRDA:114,10,0,0
BRDA:114,10,1,0
BRDA:114,11,0,0
BRDA:114,11,1,0
BRDA:119,12,0,0
BRDA:119,12,1,0
BRDA:124,13,0,0
BRDA:124,13,1,0
BRDA:125,14,0,0
BRDA:125,14,1,0
BRDA:135,15,0,0
BRDA:135,15,1,0
BRDA:145,16,0,0
BRDA:145,16,1,0
BRDA:154,17,0,0
BRDA:154,17,1,0
BRDA:174,18,0,0
BRDA:174,18,1,0
BRDA:179,19,0,0
BRDA:179,19,1,0
BRDA:199,20,0,0
BRDA:199,20,1,0
BRDA:204,21,0,0
BRDA:204,21,1,0
BRDA:208,22,0,0
BRDA:208,22,1,0
BRDA:229,23,0,0
BRDA:229,23,1,0
BRDA:237,24,0,0
BRDA:237,24,1,0
BRDA:237,25,0,0
BRDA:237,25,1,0
BRF:55
BRH:0
end_of_record
TN:
SF:src\hooks\useCurrentUserProfile.ts
FN:9,useCurrentUserProfile
FN:20,(anonymous_1)
FN:42,(anonymous_2)
FN:81,(anonymous_3)
FN:82,(anonymous_4)
FN:91,(anonymous_5)
FN:97,(anonymous_6)
FNF:7
FNH:0
FNDA:0,useCurrentUserProfile
FNDA:0,(anonymous_1)
FNDA:0,(anonymous_2)
FNDA:0,(anonymous_3)
FNDA:0,(anonymous_4)
FNDA:0,(anonymous_5)
FNDA:0,(anonymous_6)
DA:11,0
DA:12,0
DA:13,0
DA:14,0
DA:15,0
DA:17,0
DA:18,0
DA:20,0
DA:21,0
DA:22,0
DA:23,0
DA:26,0
DA:27,0
DA:29,0
DA:30,0
DA:31,0
DA:33,0
DA:34,0
DA:35,0
DA:37,0
DA:38,0
DA:42,0
DA:43,0
DA:44,0
DA:45,0
DA:46,0
DA:47,0
DA:49,0
DA:50,0
DA:51,0
DA:52,0
DA:54,0
DA:55,0
DA:56,0
DA:57,0
DA:58,0
DA:61,0
DA:62,0
DA:63,0
DA:65,0
DA:66,0
DA:67,0
DA:68,0
DA:69,0
DA:71,0
DA:72,0
DA:73,0
DA:75,0
DA:77,0
DA:81,0
DA:82,0
DA:83,0
DA:84,0
DA:86,0
DA:90,0
DA:92,0
DA:93,0
DA:97,0
DA:98,0
DA:99,0
DA:101,0
DA:102,0
DA:104,0
DA:105,0
DA:108,0
DA:109,0
DA:111,0
DA:112,0
DA:114,0
DA:116,0
DA:117,0
DA:118,0
DA:119,0
DA:120,0
DA:122,0
DA:125,0
DA:128,0
DA:129,0
DA:131,0
DA:135,0
LF:80
LH:0
BRDA:21,0,0,0
BRDA:21,0,1,0
BRDA:23,1,0,0
BRDA:23,1,1,0
BRDA:30,2,0,0
BRDA:30,2,1,0
BRDA:33,3,0,0
BRDA:33,3,1,0
BRDA:43,4,0,0
BRDA:43,4,1,0
BRDA:49,5,0,0
BRDA:49,5,1,0
BRDA:50,6,0,0
BRDA:50,6,1,0
BRDA:51,7,0,0
BRDA:51,7,1,0
BRDA:52,8,0,0
BRDA:52,8,1,0
BRDA:52,8,2,0
BRDA:55,9,0,0
BRDA:55,9,1,0
BRDA:55,10,0,0
BRDA:55,10,1,0
BRDA:55,10,2,0
BRDA:57,11,0,0
BRDA:57,11,1,0
BRDA:58,12,0,0
BRDA:58,12,1,0
BRDA:66,13,0,0
BRDA:66,13,1,0
BRDA:68,14,0,0
BRDA:68,14,1,0
BRDA:69,15,0,0
BRDA:69,15,1,0
BRDA:73,16,0,0
BRDA:73,16,1,0
BRDA:83,17,0,0
BRDA:83,17,1,0
BRDA:92,18,0,0
BRDA:92,18,1,0
BRDA:99,19,0,0
BRDA:99,19,1,0
BRDA:99,20,0,0
BRDA:99,20,1,0
BRDA:109,21,0,0
BRDA:109,21,1,0
BRDA:114,22,0,0
BRDA:114,22,1,0
BRDA:114,23,0,0
BRDA:114,23,1,0
BRDA:117,24,0,0
BRDA:117,24,1,0
BRF:52
BRH:0
end_of_record
TN:
SF:src\hooks\useEditProfile.ts
FN:8,(anonymous_0)
FN:21,(anonymous_1)
FN:49,(anonymous_2)
FN:54,(anonymous_3)
FN:115,(anonymous_4)
FNF:5
FNH:0
FNDA:0,(anonymous_0)
FNDA:0,(anonymous_1)
FNDA:0,(anonymous_2)
FNDA:0,(anonymous_3)
FNDA:0,(anonymous_4)
DA:8,0
DA:10,0
DA:11,0
DA:12,0
DA:13,0
DA:14,0
DA:15,0
DA:16,0
DA:17,0
DA:18,0
DA:19,0
DA:21,0
DA:22,0
DA:23,0
DA:24,0
DA:25,0
DA:26,0
DA:28,0
DA:29,0
DA:31,0
DA:36,0
DA:37,0
DA:38,0
DA:39,0
DA:43,0
DA:44,0
DA:49,0
DA:50,0
DA:54,0
DA:55,0
DA:56,0
DA:57,0
DA:59,0
DA:60,0
DA:61,0
DA:63,0
DA:64,0
DA:65,0
DA:69,0
DA:70,0
DA:71,0
DA:72,0
DA:75,0
DA:76,0
DA:77,0
DA:81,0
DA:82,0
DA:83,0
DA:85,0
DA:86,0
DA:87,0
DA:88,0
DA:90,0
DA:95,0
DA:96,0
DA:98,0
DA:99,0
DA:100,0
DA:101,0
DA:102,0
DA:105,0
DA:107,0
DA:110,0
DA:115,0
DA:116,0
DA:117,0
DA:118,0
DA:119,0
DA:120,0
DA:123,0
DA:127,0
LF:71
LH:0
BRDA:24,0,0,0
BRDA:24,0,1,0
BRDA:55,1,0,0
BRDA:55,1,1,0
BRDA:59,2,0,0
BRDA:59,2,1,0
BRDA:59,3,0,0
BRDA:59,3,1,0
BRDA:63,4,0,0
BRDA:63,4,1,0
BRDA:69,5,0,0
BRDA:69,5,1,0
BRDA:70,6,0,0
BRDA:70,6,1,0
BRDA:75,7,0,0
BRDA:75,7,1,0
BRDA:81,8,0,0
BRDA:81,8,1,0
BRDA:81,9,0,0
BRDA:81,9,1,0
BRDA:85,10,0,0
BRDA:85,10,1,0
BRDA:86,11,0,0
BRDA:86,11,1,0
BRDA:98,12,0,0
BRDA:98,12,1,0
BRDA:117,13,0,0
BRDA:117,13,1,0
BRF:28
BRH:0
end_of_record
TN:
SF:src\hooks\useFamilyManagement.ts
FN:6,(anonymous_0)
FN:12,(anonymous_1)
FN:34,(anonymous_2)
FNF:3
FNH:3
FNDA:8,(anonymous_0)
FNDA:3,(anonymous_1)
FNDA:2,(anonymous_2)
DA:6,1
DA:7,8
DA:9,8
DA:10,8
DA:12,8
DA:13,3
DA:15,0
DA:18,3
DA:19,3
DA:20,3
DA:21,2
DA:22,2
DA:25,1
DA:26,1
DA:28,3
DA:33,8
DA:35,2
DA:36,2
DA:37,2
DA:40,0
DA:49,8
LF:21
LH:19
BRDA:13,0,0,0
BRDA:13,0,1,3
BRDA:35,1,0,2
BRDA:35,1,1,0
BRF:4
BRH:2
end_of_record
TN:
SF:src\hooks\useFamilyTasks.ts
FN:5,(anonymous_0)
FN:12,(anonymous_1)
FN:18,(anonymous_2)
FN:39,(anonymous_3)
FN:44,(anonymous_4)
FN:53,(anonymous_5)
FN:58,(anonymous_6)
FN:62,(anonymous_7)
FN:66,(anonymous_8)
FN:78,(anonymous_9)
FN:83,(anonymous_10)
FNF:11
FNH:6
FNDA:15,(anonymous_0)
FNDA:5,(anonymous_1)
FNDA:5,(anonymous_2)
FNDA:1,(anonymous_3)
FNDA:1,(anonymous_4)
FNDA:5,(anonymous_5)
FNDA:0,(anonymous_6)
FNDA:0,(anonymous_7)
FNDA:0,(anonymous_8)
FNDA:0,(anonymous_9)
FNDA:0,(anonymous_10)
DA:5,1
DA:6,15
DA:7,15
DA:8,15
DA:9,15
DA:12,15
DA:13,5
DA:14,5
DA:15,5
DA:18,15
DA:22,5
DA:23,0
DA:24,0
DA:25,0
DA:26,0
DA:29,5
DA:30,0
DA:33,5
DA:34,5
DA:37,5
DA:40,1
DA:41,1
DA:42,1
DA:45,1
DA:46,1
DA:47,1
DA:48,1
DA:53,5
DA:54,5
DA:58,15
DA:59,0
DA:62,0
DA:66,15
DA:67,0
DA:69,0
DA:70,0
DA:71,0
DA:73,0
DA:74,0
DA:78,15
DA:79,0
DA:80,0
DA:83,15
DA:84,0
DA:85,0
DA:88,15
LF:46
LH:29
BRDA:13,0,0,0
BRDA:13,0,1,5
BRDA:14,1,0,0
BRDA:14,1,1,5
BRDA:22,2,0,0
BRDA:22,2,1,5
BRDA:22,3,0,5
BRDA:22,3,1,5
BRDA:22,3,2,5
BRDA:29,4,0,0
BRDA:29,4,1,5
BRDA:67,5,0,0
BRDA:67,5,1,0
BRDA:79,6,0,0
BRDA:79,6,1,0
BRDA:84,7,0,0
BRDA:84,7,1,0
BRF:17
BRH:7
end_of_record
TN:
SF:src\hooks\useFamilyTimeline.ts
FN:5,(anonymous_0)
FN:12,(anonymous_1)
FN:13,(anonymous_2)
FN:17,(anonymous_3)
FN:21,(anonymous_4)
FNF:5
FNH:5
FNDA:15,(anonymous_0)
FNDA:5,(anonymous_1)
FNDA:1,(anonymous_2)
FNDA:5,(anonymous_3)
FNDA:7,(anonymous_4)
DA:5,1
DA:6,15
DA:7,15
DA:8,15
DA:9,15
DA:12,15
DA:13,5
DA:14,1
DA:17,5
DA:21,15
DA:22,7
DA:23,1
DA:28,1
DA:30,1
DA:31,1
DA:33,6
DA:34,6
DA:38,15
LF:18
LH:18
BRDA:5,0,0,15
BRDA:22,1,0,1
BRDA:22,1,1,6
BRF:3
BRH:3
end_of_record
TN:
SF:src\hooks\useModifyRole.ts
FN:5,(anonymous_0)
FN:14,(anonymous_1)
FN:45,(anonymous_2)
FN:50,(anonymous_3)
FN:54,(anonymous_4)
FNF:5
FNH:0
FNDA:0,(anonymous_0)
FNDA:0,(anonymous_1)
FNDA:0,(anonymous_2)
FNDA:0,(anonymous_3)
FNDA:0,(anonymous_4)
DA:5,0
DA:6,0
DA:9,0
DA:10,0
DA:11,0
DA:12,0
DA:14,0
DA:15,0
DA:16,0
DA:17,0
DA:18,0
DA:20,0
DA:21,0
DA:23,0
DA:24,0
DA:26,0
DA:27,0
DA:30,0
DA:34,0
DA:35,0
DA:40,0
DA:41,0
DA:45,0
DA:46,0
DA:50,0
DA:55,0
DA:61,0
LF:27
LH:0
BRDA:9,0,0,0
BRDA:9,0,1,0
BRDA:10,1,0,0
BRDA:10,1,1,0
BRDA:11,2,0,0
BRDA:11,2,1,0
BRDA:12,3,0,0
BRDA:12,3,1,0
BRDA:17,4,0,0
BRDA:17,4,1,0
BRDA:20,5,0,0
BRDA:20,5,1,0
BRDA:23,6,0,0
BRDA:23,6,1,0
BRDA:26,7,0,0
BRDA:26,7,1,0
BRDA:34,8,0,0
BRDA:34,8,1,0
BRF:18
BRH:0
end_of_record
TN:
SF:src\hooks\useSignUp.ts
FN:13,useSignUp
FN:21,onSubmit
FN:94,(anonymous_2)
FNF:3
FNH:0
FNDA:0,useSignUp
FNDA:0,onSubmit
FNDA:0,(anonymous_2)
DA:14,0
DA:15,0
DA:16,0
DA:17,0
DA:18,0
DA:19,0
DA:22,0
DA:24,0
DA:25,0
DA:26,0
DA:27,0
DA:28,0
DA:33,0
DA:35,0
DA:36,0
DA:39,0
DA:40,0
DA:41,0
DA:42,0
DA:43,0
DA:47,0
DA:51,0
DA:54,0
DA:55,0
DA:56,0
DA:58,0
DA:62,0
DA:63,0
DA:65,0
DA:69,0
DA:70,0
DA:78,0
DA:82,0
DA:87,0
DA:88,0
DA:89,0
DA:91,0
DA:94,0
DA:98,0
DA:101,0
DA:102,0
DA:103,0
DA:105,0
DA:106,0
DA:107,0
DA:108,0
DA:109,0
DA:110,0
DA:112,0
DA:115,0
DA:116,0
DA:120,0
LF:52
LH:0
BRDA:24,0,0,0
BRDA:24,0,1,0
BRDA:25,1,0,0
BRDA:25,1,1,0
BRDA:26,2,0,0
BRDA:26,2,1,0
BRDA:27,3,0,0
BRDA:27,3,1,0
BRDA:33,4,0,0
BRDA:33,4,1,0
BRDA:41,5,0,0
BRDA:41,5,1,0
BRDA:72,6,0,0
BRDA:72,6,1,0
BRDA:82,7,0,0
BRDA:82,7,1,0
BRDA:82,7,2,0
BRDA:82,7,3,0
BRDA:87,8,0,0
BRDA:87,8,1,0
BRDA:93,9,0,0
BRDA:93,9,1,0
BRDA:101,10,0,0
BRDA:101,10,1,0
BRDA:101,11,0,0
BRDA:101,11,1,0
BRDA:105,12,0,0
BRDA:105,12,1,0
BRDA:107,13,0,0
BRDA:107,13,1,0
BRDA:109,14,0,0
BRDA:109,14,1,0
BRDA:112,15,0,0
BRDA:112,15,1,0
BRF:34
BRH:0
end_of_record
TN:
SF:src\models\child.ts
FNF:0
FNH:0
LF:0
LH:0
BRF:0
BRH:0
end_of_record
TN:
SF:src\models\device.ts
FNF:0
FNH:0
LF:0
LH:0
BRF:0
BRH:0
end_of_record
TN:
SF:src\models\family.ts
FNF:0
FNH:0
LF:0
LH:0
BRF:0
BRH:0
end_of_record
TN:
SF:src\models\index.ts
FNF:0
FNH:0
LF:0
LH:0
BRF:0
BRH:0
end_of_record
TN:
SF:src\models\invitation.ts
FNF:0
FNH:0
LF:0
LH:0
BRF:0
BRH:0
end_of_record
TN:
SF:src\models\notification.ts
FNF:0
FNH:0
LF:0
LH:0
BRF:0
BRH:0
end_of_record
TN:
SF:src\models\planning.ts
FNF:0
FNH:0
LF:0
LH:0
BRF:0
BRH:0
end_of_record
TN:
SF:src\models\session.ts
FNF:0
FNH:0
LF:0
LH:0
BRF:0
BRH:0
end_of_record
TN:
SF:src\models\task.ts
FNF:0
FNH:0
LF:0
LH:0
BRF:0
BRH:0
end_of_record
TN:
SF:src\models\user.ts
FNF:0
FNH:0
LF:0
LH:0
BRF:0
BRH:0
end_of_record
TN:
SF:src\screens\familyRegistrationScreen.tsx
FN:18,FamilyRegistrationScreen
FN:26,(anonymous_1)
FN:27,(anonymous_2)
FN:40,(anonymous_3)
FN:48,(anonymous_4)
FN:83,(anonymous_5)
FN:90,(anonymous_6)
FN:122,(anonymous_7)
FN:157,(anonymous_8)
FN:176,(anonymous_9)
FN:177,(anonymous_10)
FN:179,(anonymous_11)
FN:213,(anonymous_12)
FNF:13
FNH:0
FNDA:0,FamilyRegistrationScreen
FNDA:0,(anonymous_1)
FNDA:0,(anonymous_2)
FNDA:0,(anonymous_3)
FNDA:0,(anonymous_4)
FNDA:0,(anonymous_5)
FNDA:0,(anonymous_6)
FNDA:0,(anonymous_7)
FNDA:0,(anonymous_8)
FNDA:0,(anonymous_9)
FNDA:0,(anonymous_10)
FNDA:0,(anonymous_11)
FNDA:0,(anonymous_12)
DA:19,0
DA:20,0
DA:21,0
DA:22,0
DA:24,0
DA:26,0
DA:27,0
DA:28,0
DA:29,0
DA:36,0
DA:40,0
DA:45,0
DA:48,0
DA:50,0
DA:51,0
DA:52,0
DA:53,0
DA:58,0
DA:61,0
DA:68,0
DA:69,0
DA:70,0
DA:71,0
DA:74,0
DA:75,0
DA:83,0
DA:84,0
DA:85,0
DA:88,0
DA:90,0
DA:91,0
DA:92,0
DA:97,0
DA:100,0
DA:102,0
DA:103,0
DA:108,0
DA:113,0
DA:114,0
DA:116,0
DA:122,0
DA:123,0
DA:129,0
DA:130,0
DA:131,0
DA:134,0
DA:135,0
DA:136,0
DA:144,0
DA:148,0
DA:157,0
DA:176,0
DA:178,0
DA:180,0
DA:181,0
DA:213,0
DA:223,0
LF:57
LH:0
BRDA:28,0,0,0
BRDA:28,0,1,0
BRDA:52,1,0,0
BRDA:52,1,1,0
BRDA:68,2,0,0
BRDA:68,2,1,0
BRDA:68,3,0,0
BRDA:68,3,1,0
BRDA:68,3,2,0
BRDA:91,4,0,0
BRDA:91,4,1,0
BRDA:102,5,0,0
BRDA:102,5,1,0
BRDA:113,6,0,0
BRDA:113,6,1,0
BRDA:139,7,0,0
BRDA:139,7,1,0
BRDA:144,8,0,0
BRDA:144,8,1,0
BRDA:146,9,0,0
BRDA:146,9,1,0
BRDA:165,10,0,0
BRDA:165,10,1,0
BRDA:188,11,0,0
BRDA:188,11,1,0
BRF:25
BRH:0
end_of_record
TN:
SF:src\screens\homeScreen.tsx
FN:16,HomeScreen
FN:22,(anonymous_1)
FN:23,(anonymous_2)
FN:34,(anonymous_3)
FN:35,(anonymous_4)
FN:42,(anonymous_5)
FN:47,(anonymous_6)
FN:54,(anonymous_7)
FN:57,(anonymous_8)
FN:66,(anonymous_9)
FN:87,(anonymous_10)
FN:112,(anonymous_11)
FN:116,(anonymous_12)
FNF:13
FNH:0
FNDA:0,HomeScreen
FNDA:0,(anonymous_1)
FNDA:0,(anonymous_2)
FNDA:0,(anonymous_3)
FNDA:0,(anonymous_4)
FNDA:0,(anonymous_5)
FNDA:0,(anonymous_6)
FNDA:0,(anonymous_7)
FNDA:0,(anonymous_8)
FNDA:0,(anonymous_9)
FNDA:0,(anonymous_10)
FNDA:0,(anonymous_11)
FNDA:0,(anonymous_12)
DA:17,0
DA:18,0
DA:19,0
DA:20,0
DA:22,0
DA:23,0
DA:24,0
DA:26,0
DA:29,0
DA:34,0
DA:35,0
DA:40,0
DA:41,0
DA:43,0
DA:44,0
DA:47,0
DA:49,0
DA:50,0
DA:54,0
DA:57,0
DA:58,0
DA:59,0
DA:60,0
DA:62,0
DA:66,0
DA:67,0
DA:70,0
DA:87,0
DA:113,0
DA:116,0
DA:140,0
LF:31
LH:0
BRDA:26,0,0,0
BRDA:26,0,1,0
BRDA:77,1,0,0
BRDA:77,1,1,0
BRDA:98,2,0,0
BRDA:98,2,1,0
BRDA:103,3,0,0
BRDA:103,3,1,0
BRDA:107,4,0,0
BRDA:107,4,1,0
BRDA:119,5,0,0
BRDA:119,5,1,0
BRF:12
BRH:0
end_of_record
TN:
SF:src\screens\loginScreen.tsx
FN:10,LoginScreen
FN:16,(anonymous_1)
FN:71,(anonymous_2)
FNF:3
FNH:0
FNDA:0,LoginScreen
FNDA:0,(anonymous_1)
FNDA:0,(anonymous_2)
DA:11,0
DA:12,0
DA:13,0
DA:14,0
DA:16,0
DA:17,0
DA:18,0
DA:19,0
DA:22,0
DA:23,0
DA:24,0
DA:25,0
DA:27,0
DA:28,0
DA:30,0
DA:33,0
DA:37,0
DA:71,0
DA:77,0
LF:19
LH:0
BRDA:17,0,0,0
BRDA:17,0,1,0
BRDA:17,1,0,0
BRDA:17,1,1,0
BRDA:27,2,0,0
BRDA:27,2,1,0
BRDA:65,3,0,0
BRDA:65,3,1,0
BRF:8
BRH:0
end_of_record
TN:
SF:src\screens\signupScreen.tsx
FN:9,SignUpScreen
FN:84,(anonymous_1)
FNF:2
FNH:0
FNDA:0,SignUpScreen
FNDA:0,(anonymous_1)
DA:14,0
DA:16,0
DA:18,0
DA:20,0
DA:84,0
DA:90,0
LF:6
LH:0
BRDA:18,0,0,0
BRDA:18,0,1,0
BRDA:18,0,2,0
BRDA:18,0,3,0
BRDA:18,0,4,0
BRF:5
BRH:0
end_of_record
TN:
SF:src\screens\welcomeScreen.tsx
FN:8,WelcomeScreen
FN:30,(anonymous_1)
FN:38,(anonymous_2)
FNF:3
FNH:0
FNDA:0,WelcomeScreen
FNDA:0,(anonymous_1)
FNDA:0,(anonymous_2)
DA:9,0
DA:11,0
DA:30,0
DA:38,0
DA:49,0
LF:5
LH:0
BRF:0
BRH:0
end_of_record
TN:
SF:src\screens\child\childProfileScreen.tsx
FN:33,ChildProfileScreen
FN:45,(anonymous_1)
FN:48,(anonymous_2)
FN:66,(anonymous_3)
FN:84,(anonymous_4)
FN:173,(anonymous_5)
FNF:6
FNH:4
FNDA:8,ChildProfileScreen
FNDA:5,(anonymous_1)
FNDA:5,(anonymous_2)
FNDA:2,(anonymous_3)
FNDA:0,(anonymous_4)
FNDA:0,(anonymous_5)
DA:34,8
DA:36,8
DA:37,8
DA:38,8
DA:39,8
DA:42,8
DA:45,8
DA:46,5
DA:48,5
DA:49,5
DA:50,5
DA:51,5
DA:53,3
DA:54,1
DA:55,1
DA:58,2
DA:59,2
DA:60,2
DA:62,2
DA:66,2
DA:68,2
DA:69,1
DA:70,1
DA:73,1
DA:75,1
DA:77,2
DA:80,5
DA:84,8
DA:85,0
DA:86,0
DA:87,0
DA:90,0
DA:95,0
DA:96,0
DA:100,8
DA:101,7
DA:108,1
DA:114,1
DA:174,0
DA:190,1
LF:40
LH:33
BRDA:46,0,0,0
BRDA:46,0,1,5
BRDA:46,1,0,5
BRDA:46,1,1,5
BRDA:53,2,0,1
BRDA:53,2,1,2
BRDA:59,3,0,2
BRDA:59,3,1,0
BRDA:60,4,0,2
BRDA:60,4,1,0
BRDA:62,5,0,2
BRDA:62,5,1,0
BRDA:64,6,0,0
BRDA:64,6,1,0
BRDA:68,7,0,1
BRDA:68,7,1,1
BRDA:86,8,0,0
BRDA:86,8,1,0
BRDA:95,9,0,0
BRDA:95,9,1,0
BRDA:100,10,0,7
BRDA:100,10,1,1
BRDA:100,11,0,8
BRDA:100,11,1,2
BRDA:108,12,0,0
BRDA:108,12,1,1
BRDA:110,13,0,1
BRDA:110,13,1,0
BRDA:161,14,0,0
BRDA:161,14,1,1
BRDA:166,15,0,0
BRDA:166,15,1,1
BRF:32
BRH:18
end_of_record
TN:
SF:src\screens\child\createChildProfileScreen.tsx
FN:9,CreateChildProfileScreen
FN:41,(anonymous_1)
FN:52,(anonymous_2)
FN:60,(anonymous_3)
FN:70,(anonymous_4)
FNF:5
FNH:1
FNDA:5,CreateChildProfileScreen
FNDA:0,(anonymous_1)
FNDA:0,(anonymous_2)
FNDA:0,(anonymous_3)
FNDA:0,(anonymous_4)
DA:23,5
DA:25,5
DA:41,0
DA:52,0
DA:61,0
DA:62,0
DA:71,0
DA:72,0
DA:103,1
LF:9
LH:3
BRDA:83,0,0,5
BRDA:83,0,1,1
BRDA:83,0,2,4
BRDA:86,1,0,5
BRDA:86,1,1,1
BRDA:89,2,0,1
BRDA:89,2,1,4
BRF:7
BRH:7
end_of_record
TN:
SF:src\screens\family\ModifyRoleScreen.tsx
FN:8,ModifyRole
FNF:1
FNH:0
FNDA:0,ModifyRole
DA:9,0
DA:11,0
DA:14,0
LF:3
LH:0
BRF:0
BRH:0
end_of_record
TN:
SF:src\screens\family\familyActivityScreen.tsx
FN:22,FamilyActivityScreen
FN:61,(anonymous_1)
FN:77,(anonymous_2)
FN:109,(anonymous_3)
FN:116,(anonymous_4)
FN:125,(anonymous_5)
FN:138,(anonymous_6)
FN:150,(anonymous_7)
FN:159,(anonymous_8)
FN:164,(anonymous_9)
FN:198,(anonymous_10)
FN:201,(anonymous_11)
FN:207,(anonymous_12)
FNF:13
FNH:0
FNDA:0,FamilyActivityScreen
FNDA:0,(anonymous_1)
FNDA:0,(anonymous_2)
FNDA:0,(anonymous_3)
FNDA:0,(anonymous_4)
FNDA:0,(anonymous_5)
FNDA:0,(anonymous_6)
FNDA:0,(anonymous_7)
FNDA:0,(anonymous_8)
FNDA:0,(anonymous_9)
FNDA:0,(anonymous_10)
FNDA:0,(anonymous_11)
FNDA:0,(anonymous_12)
DA:25,0
DA:28,0
DA:29,0
DA:34,0
DA:42,0
DA:45,0
DA:46,0
DA:58,0
DA:61,0
DA:65,0
DA:66,0
DA:77,0
DA:86,0
DA:87,0
DA:96,0
DA:97,0
DA:109,0
DA:110,0
DA:111,0
DA:112,0
DA:116,0
DA:117,0
DA:126,0
DA:127,0
DA:128,0
DA:130,0
DA:138,0
DA:139,0
DA:140,0
DA:141,0
DA:146,0
DA:150,0
DA:151,0
DA:152,0
DA:153,0
DA:155,0
DA:159,0
DA:161,0
DA:164,0
DA:166,0
DA:169,0
DA:199,0
DA:201,0
DA:207,0
DA:249,0
LF:45
LH:0
BRDA:22,0,0,0
BRDA:34,1,0,0
BRDA:34,1,1,0
BRDA:34,1,2,0
BRDA:34,1,3,0
BRDA:34,1,4,0
BRDA:42,2,0,0
BRDA:42,2,1,0
BRDA:65,3,0,0
BRDA:65,3,1,0
BRDA:65,4,0,0
BRDA:65,4,1,0
BRDA:86,5,0,0
BRDA:86,5,1,0
BRDA:96,6,0,0
BRDA:96,6,1,0
BRDA:110,7,0,0
BRDA:110,7,1,0
BRDA:110,8,0,0
BRDA:110,8,1,0
BRDA:111,9,0,0
BRDA:111,9,1,0
BRDA:111,10,0,0
BRDA:111,10,1,0
BRDA:143,11,0,0
BRDA:143,11,1,0
BRDA:210,12,0,0
BRDA:210,12,1,0
BRDA:236,13,0,0
BRDA:236,13,1,0
BRF:30
BRH:0
end_of_record
TN:
SF:src\screens\family\familyDashboardScreen.tsx
FN:35,FamilyDashboardScreen
FN:46,(anonymous_1)
FN:50,(anonymous_2)
FN:56,(anonymous_3)
FN:73,(anonymous_4)
FN:74,(anonymous_5)
FN:91,(anonymous_6)
FN:98,(anonymous_7)
FN:131,(anonymous_8)
FN:133,(anonymous_9)
FN:151,(anonymous_10)
FN:172,(anonymous_11)
FN:189,(anonymous_12)
FN:193,(anonymous_13)
FN:213,(anonymous_14)
FN:217,(anonymous_15)
FN:233,(anonymous_16)
FN:245,(anonymous_17)
FN:262,(anonymous_18)
FNF:19
FNH:0
FNDA:0,FamilyDashboardScreen
FNDA:0,(anonymous_1)
FNDA:0,(anonymous_2)
FNDA:0,(anonymous_3)
FNDA:0,(anonymous_4)
FNDA:0,(anonymous_5)
FNDA:0,(anonymous_6)
FNDA:0,(anonymous_7)
FNDA:0,(anonymous_8)
FNDA:0,(anonymous_9)
FNDA:0,(anonymous_10)
FNDA:0,(anonymous_11)
FNDA:0,(anonymous_12)
FNDA:0,(anonymous_13)
FNDA:0,(anonymous_14)
FNDA:0,(anonymous_15)
FNDA:0,(anonymous_16)
FNDA:0,(anonymous_17)
FNDA:0,(anonymous_18)
DA:36,0
DA:37,0
DA:39,0
DA:40,0
DA:41,0
DA:42,0
DA:43,0
DA:44,0
DA:46,0
DA:47,0
DA:50,0
DA:51,0
DA:55,0
DA:56,0
DA:57,0
DA:58,0
DA:59,0
DA:68,0
DA:72,0
DA:73,0
DA:74,0
DA:75,0
DA:76,0
DA:78,0
DA:87,0
DA:88,0
DA:91,0
DA:92,0
DA:93,0
DA:94,0
DA:98,0
DA:99,0
DA:100,0
DA:104,0
DA:105,0
DA:113,0
DA:114,0
DA:122,0
DA:131,0
DA:132,0
DA:133,0
DA:136,0
DA:137,0
DA:139,0
DA:151,0
DA:173,0
DA:189,0
DA:194,0
DA:214,0
DA:217,0
DA:233,0
DA:245,0
DA:246,0
DA:250,0
DA:252,0
DA:254,0
DA:256,0
DA:258,0
DA:262,0
DA:263,0
DA:264,0
DA:268,0
DA:269,0
DA:270,0
DA:272,0
DA:273,0
DA:275,0
DA:278,0
LF:68
LH:0
BRDA:47,0,0,0
BRDA:47,0,1,0
BRDA:57,1,0,0
BRDA:57,1,1,0
BRDA:64,2,0,0
BRDA:64,2,1,0
BRDA:65,3,0,0
BRDA:65,3,1,0
BRDA:76,4,0,0
BRDA:76,4,1,0
BRDA:80,5,0,0
BRDA:80,5,1,0
BRDA:81,6,0,0
BRDA:81,6,1,0
BRDA:81,7,0,0
BRDA:81,7,1,0
BRDA:82,8,0,0
BRDA:82,8,1,0
BRDA:99,9,0,0
BRDA:99,9,1,0
BRDA:99,10,0,0
BRDA:99,10,1,0
BRDA:104,11,0,0
BRDA:104,11,1,0
BRDA:113,12,0,0
BRDA:113,12,1,0
BRDA:124,13,0,0
BRDA:124,13,1,0
BRDA:132,14,0,0
BRDA:132,14,1,0
BRDA:132,15,0,0
BRDA:132,15,1,0
BRDA:137,16,0,0
BRDA:137,16,1,0
BRDA:137,16,2,0
BRDA:145,17,0,0
BRDA:145,17,1,0
BRDA:210,18,0,0
BRDA:210,18,1,0
BRDA:246,19,0,0
BRDA:246,19,1,0
BRDA:246,19,2,0
BRDA:246,19,3,0
BRDA:246,19,4,0
BRDA:246,19,5,0
BRDA:246,19,6,0
BRDA:263,20,0,0
BRDA:263,20,1,0
BRDA:264,21,0,0
BRDA:264,21,1,0
BRDA:272,22,0,0
BRDA:272,22,1,0
BRDA:272,23,0,0
BRDA:272,23,1,0
BRDA:272,23,2,0
BRF:55
BRH:0
end_of_record
TN:
SF:src\screens\family\familyManagementScreen.tsx
FN:11,FamilyManagement
FNF:1
FNH:0
FNDA:0,FamilyManagement
DA:12,0
DA:14,0
DA:15,0
DA:21,0
DA:22,0
DA:28,0
LF:6
LH:0
BRDA:14,0,0,0
BRDA:14,0,1,0
BRDA:21,1,0,0
BRDA:21,1,1,0
BRDA:28,2,0,0
BRDA:28,2,1,0
BRF:6
BRH:0
end_of_record
TN:
SF:src\screens\family\familyPlanningScreen.tsx
FN:20,PlanningScreen
FN:44,(anonymous_1)
FN:73,(anonymous_2)
FN:78,(anonymous_3)
FN:85,(anonymous_4)
FN:103,(anonymous_5)
FN:107,(anonymous_6)
FN:108,(anonymous_7)
FN:109,(anonymous_8)
FN:128,(anonymous_9)
FN:129,(anonymous_10)
FN:135,(anonymous_11)
FN:170,(anonymous_12)
FN:207,(anonymous_13)
FN:221,(anonymous_14)
FNF:15
FNH:0
FNDA:0,PlanningScreen
FNDA:0,(anonymous_1)
FNDA:0,(anonymous_2)
FNDA:0,(anonymous_3)
FNDA:0,(anonymous_4)
FNDA:0,(anonymous_5)
FNDA:0,(anonymous_6)
FNDA:0,(anonymous_7)
FNDA:0,(anonymous_8)
FNDA:0,(anonymous_9)
FNDA:0,(anonymous_10)
FNDA:0,(anonymous_11)
FNDA:0,(anonymous_12)
FNDA:0,(anonymous_13)
FNDA:0,(anonymous_14)
DA:21,0
DA:22,0
DA:23,0
DA:25,0
DA:26,0
DA:27,0
DA:37,0
DA:40,0
DA:41,0
DA:44,0
DA:51,0
DA:52,0
DA:60,0
DA:61,0
DA:73,0
DA:74,0
DA:75,0
DA:78,0
DA:79,0
DA:80,0
DA:85,0
DA:91,0
DA:103,0
DA:107,0
DA:108,0
DA:109,0
DA:128,0
DA:130,0
DA:136,0
DA:170,0
DA:207,0
DA:221,0
DA:222,0
DA:231,0
LF:34
LH:0
BRDA:40,0,0,0
BRDA:40,0,1,0
BRDA:51,1,0,0
BRDA:51,1,1,0
BRDA:60,2,0,0
BRDA:60,2,1,0
BRDA:79,3,0,0
BRDA:79,3,1,0
BRDA:174,4,0,0
BRDA:174,4,1,0
BRDA:183,5,0,0
BRDA:183,5,1,0
BRDA:184,6,0,0
BRDA:184,6,1,0
BRDA:188,7,0,0
BRDA:188,7,1,0
BRDA:191,8,0,0
BRDA:191,8,1,0
BRDA:194,9,0,0
BRDA:194,9,1,0
BRDA:199,10,0,0
BRDA:199,10,1,0
BRDA:199,10,2,0
BRF:23
BRH:0
end_of_record
TN:
SF:src\screens\family\familySettingScreen.tsx
FN:1,FamilySettingScreen
FNF:1
FNH:0
FNDA:0,FamilySettingScreen
DA:2,0
LF:1
LH:0
BRF:0
BRH:0
end_of_record
TN:
SF:src\screens\family\familyShiftScreen.tsx
FN:38,(anonymous_0)
FN:65,(anonymous_1)
FN:69,(anonymous_2)
FN:91,(anonymous_3)
FN:95,(anonymous_4)
FN:99,(anonymous_5)
FN:107,(anonymous_6)
FN:110,(anonymous_7)
FN:116,(anonymous_8)
FN:119,(anonymous_9)
FN:130,(anonymous_10)
FN:203,(anonymous_11)
FN:211,(anonymous_12)
FNF:13
FNH:0
FNDA:0,(anonymous_0)
FNDA:0,(anonymous_1)
FNDA:0,(anonymous_2)
FNDA:0,(anonymous_3)
FNDA:0,(anonymous_4)
FNDA:0,(anonymous_5)
FNDA:0,(anonymous_6)
FNDA:0,(anonymous_7)
FNDA:0,(anonymous_8)
FNDA:0,(anonymous_9)
FNDA:0,(anonymous_10)
FNDA:0,(anonymous_11)
FNDA:0,(anonymous_12)
DA:18,0
DA:38,0
DA:40,0
DA:41,0
DA:46,0
DA:58,0
DA:59,0
DA:60,0
DA:61,0
DA:62,0
DA:63,0
DA:65,0
DA:66,0
DA:69,0
DA:70,0
DA:72,0
DA:73,0
DA:74,0
DA:75,0
DA:76,0
DA:82,0
DA:84,0
DA:85,0
DA:87,0
DA:91,0
DA:92,0
DA:95,0
DA:96,0
DA:97,0
DA:99,0
DA:107,0
DA:108,0
DA:110,0
DA:117,0
DA:119,0
DA:130,0
DA:131,0
DA:132,0
DA:134,0
DA:136,0
DA:137,0
DA:138,0
DA:140,0
DA:141,0
DA:143,0
DA:175,0
DA:203,0
DA:221,0
LF:48
LH:0
BRDA:41,0,0,0
BRDA:41,0,1,0
BRDA:70,1,0,0
BRDA:70,1,1,0
BRDA:85,2,0,0
BRDA:85,2,1,0
BRDA:100,3,0,0
BRDA:100,3,1,0
BRDA:102,4,0,0
BRDA:102,4,1,0
BRDA:111,5,0,0
BRDA:111,5,1,0
BRDA:113,6,0,0
BRDA:113,6,1,0
BRDA:116,7,0,0
BRDA:116,7,1,0
BRDA:120,8,0,0
BRDA:120,8,1,0
BRDA:122,9,0,0
BRDA:122,9,1,0
BRDA:134,10,0,0
BRDA:134,10,1,0
BRDA:134,11,0,0
BRDA:134,11,1,0
BRDA:138,12,0,0
BRDA:138,12,1,0
BRDA:145,13,0,0
BRDA:145,13,1,0
BRDA:193,14,0,0
BRDA:193,14,1,0
BRDA:194,15,0,0
BRDA:194,15,1,0
BRDA:195,16,0,0
BRDA:195,16,1,0
BRDA:195,16,2,0
BRDA:195,16,3,0
BRF:36
BRH:0
end_of_record
TN:
SF:src\screens\profile\EditProfileScreen.tsx
FN:8,(anonymous_0)
FN:10,(anonymous_1)
FNF:2
FNH:0
FNDA:0,(anonymous_0)
FNDA:0,(anonymous_1)
DA:8,0
DA:9,0
DA:10,0
DA:11,0
DA:15,0
DA:32,0
LF:6
LH:0
BRF:0
BRH:0
end_of_record
TN:
SF:src\screens\profile\profileSreen.tsx
FN:12,Profil
FN:16,handleLogout
FN:42,(anonymous_2)
FNF:3
FNH:0
FNDA:0,Profil
FNDA:0,handleLogout
FNDA:0,(anonymous_2)
DA:14,0
DA:17,0
DA:18,0
DA:19,0
DA:22,0
DA:26,0
DA:27,0
DA:34,0
DA:42,0
DA:73,0
LF:10
LH:0
BRDA:26,0,0,0
BRDA:26,0,1,0
BRDA:52,1,0,0
BRDA:52,1,1,0
BRDA:59,2,0,0
BRDA:59,2,1,0
BRF:6
BRH:0
end_of_record
TN:
SF:src\screens\task\createTaskScreen.tsx
FN:13,CreateTaskScreen
FN:37,(anonymous_1)
FN:55,(anonymous_2)
FN:59,(anonymous_3)
FN:85,(anonymous_4)
FN:86,(anonymous_5)
FN:108,(anonymous_6)
FN:150,(anonymous_7)
FN:154,(anonymous_8)
FNF:9
FNH:0
FNDA:0,CreateTaskScreen
FNDA:0,(anonymous_1)
FNDA:0,(anonymous_2)
FNDA:0,(anonymous_3)
FNDA:0,(anonymous_4)
FNDA:0,(anonymous_5)
FNDA:0,(anonymous_6)
FNDA:0,(anonymous_7)
FNDA:0,(anonymous_8)
DA:14,0
DA:15,0
DA:16,0
DA:24,0
DA:26,0
DA:33,0
DA:37,0
DA:56,0
DA:59,0
DA:86,0
DA:108,0
DA:151,0
DA:154,0
DA:182,0
LF:14
LH:0
BRDA:16,0,0,0
BRDA:16,0,1,0
BRDA:45,1,0,0
BRDA:45,1,1,0
BRDA:50,2,0,0
BRDA:50,2,1,0
BRDA:58,3,0,0
BRDA:58,3,1,0
BRDA:87,4,0,0
BRDA:87,4,1,0
BRDA:96,5,0,0
BRDA:96,5,1,0
BRDA:99,6,0,0
BRDA:99,6,1,0
BRDA:105,7,0,0
BRDA:105,7,1,0
BRDA:112,8,0,0
BRDA:112,8,1,0
BRDA:118,9,0,0
BRDA:118,9,1,0
BRDA:124,10,0,0
BRDA:124,10,1,0
BRDA:127,11,0,0
BRDA:127,11,1,0
BRDA:132,12,0,0
BRDA:132,12,1,0
BRDA:137,13,0,0
BRDA:137,13,1,0
BRDA:153,14,0,0
BRDA:153,14,1,0
BRDA:156,15,0,0
BRDA:156,15,1,0
BRDA:168,16,0,0
BRDA:168,16,1,0
BRDA:172,17,0,0
BRDA:172,17,1,0
BRF:36
BRH:0
end_of_record
TN:
SF:src\services\EditProfileService.ts
FN:12,getVerificationPassword
FN:38,updateThePassword
FN:61,updateTheEmail
FN:78,getProfileUser
FN:95,updateProfileUser
FN:124,(anonymous_5)
FNF:6
FNH:0
FNDA:0,getVerificationPassword
FNDA:0,updateThePassword
FNDA:0,updateTheEmail
FNDA:0,getProfileUser
FNDA:0,updateProfileUser
FNDA:0,(anonymous_5)
DA:5,0
DA:14,0
DA:16,0
DA:18,0
DA:19,0
DA:21,0
DA:26,0
DA:28,0
DA:32,0
DA:33,0
DA:39,0
DA:42,0
DA:43,0
DA:45,0
DA:47,0
DA:50,0
DA:51,0
DA:55,0
DA:56,0
DA:63,0
DA:65,0
DA:66,0
DA:68,0
DA:72,0
DA:73,0
DA:80,0
DA:82,0
DA:84,0
DA:87,0
DA:89,0
DA:97,0
DA:100,0
DA:103,0
DA:104,0
DA:105,0
DA:106,0
DA:109,0
DA:110,0
DA:112,0
DA:113,0
DA:115,0
DA:116,0
DA:118,0
DA:119,0
DA:121,0
DA:122,0
DA:123,0
DA:124,0
DA:125,0
DA:126,0
DA:129,0
DA:130,0
DA:133,0
DA:134,0
DA:138,0
DA:139,0
DA:141,0
DA:145,0
DA:146,0
DA:147,0
DA:150,0
DA:151,0
DA:153,0
DA:154,0
DA:157,0
DA:161,0
DA:162,0
LF:67
LH:0
BRDA:16,0,0,0
BRDA:16,0,1,0
BRDA:19,1,0,0
BRDA:19,1,1,0
BRDA:42,2,0,0
BRDA:42,2,1,0
BRDA:43,3,0,0
BRDA:43,3,1,0
BRDA:63,4,0,0
BRDA:63,4,1,0
BRDA:82,5,0,0
BRDA:82,5,1,0
BRDA:100,6,0,0
BRDA:100,6,1,0
BRDA:105,7,0,0
BRDA:105,7,1,0
BRDA:115,8,0,0
BRDA:115,8,1,0
BRDA:118,9,0,0
BRDA:118,9,1,0
BRDA:121,10,0,0
BRDA:121,10,1,0
BRDA:125,11,0,0
BRDA:125,11,1,0
BRDA:129,12,0,0
BRDA:129,12,1,0
BRDA:138,13,0,0
BRDA:138,13,1,0
BRDA:145,14,0,0
BRDA:145,14,1,0
BRDA:147,15,0,0
BRDA:147,15,1,0
BRDA:150,16,0,0
BRDA:150,16,1,0
BRDA:153,17,0,0
BRDA:153,17,1,0
BRF:36
BRH:0
end_of_record
TN:
SF:src\services\FamilyMangement.ts
FN:12,getFamilySelectedService
FNF:1
FNH:0
FNDA:0,getFamilySelectedService
DA:7,0
DA:8,0
DA:9,0
DA:13,0
DA:15,0
DA:17,0
DA:20,0
DA:22,0
DA:23,0
DA:24,0
DA:27,0
DA:28,0
DA:31,0
DA:35,0
DA:36,0
DA:38,0
DA:56,0
DA:66,0
DA:68,0
DA:69,0
DA:70,0
DA:74,0
DA:78,0
DA:79,0
DA:81,0
DA:99,0
DA:108,0
DA:113,0
DA:114,0
LF:29
LH:0
BRDA:36,0,0,0
BRDA:36,0,1,0
BRDA:38,1,0,0
BRDA:38,1,1,0
BRDA:79,2,0,0
BRDA:79,2,1,0
BRDA:81,3,0,0
BRDA:81,3,1,0
BRF:8
BRH:0
end_of_record
TN:
SF:src\services\ModifyRoleService.ts
FN:7,verificationTutor
FN:33,updateRoleUser
FNF:2
FNH:0
FNDA:0,verificationTutor
FNDA:0,updateRoleUser
DA:5,0
DA:8,0
DA:9,0
DA:11,0
DA:15,0
DA:17,0
DA:18,0
DA:21,0
DA:22,0
DA:23,0
DA:28,0
DA:29,0
DA:34,0
DA:35,0
DA:37,0
DA:39,0
DA:40,0
DA:43,0
DA:44,0
DA:47,0
DA:51,0
DA:53,0
DA:54,0
DA:57,0
DA:58,0
DA:60,0
DA:61,0
DA:64,0
DA:65,0
DA:68,0
DA:70,0
DA:75,0
DA:76,0
LF:33
LH:0
BRDA:17,0,0,0
BRDA:17,0,1,0
BRDA:39,1,0,0
BRDA:39,1,1,0
BRDA:43,2,0,0
BRDA:43,2,1,0
BRDA:43,3,0,0
BRDA:43,3,1,0
BRDA:43,3,2,0
BRDA:53,4,0,0
BRDA:53,4,1,0
BRDA:60,5,0,0
BRDA:60,5,1,0
BRDA:64,6,0,0
BRDA:64,6,1,0
BRF:15
BRH:0
end_of_record
TN:
SF:src\services\auth.ts
FN:6,signUp
FN:11,(anonymous_1)
FN:18,getCurrentAuthUser
FN:28,logout
FNF:4
FNH:0
FNDA:0,signUp
FNDA:0,(anonymous_1)
FNDA:0,getCurrentAuthUser
FNDA:0,logout
DA:7,0
DA:8,0
DA:11,0
DA:12,0
DA:13,0
DA:20,0
DA:22,0
DA:24,0
DA:29,0
DA:30,0
DA:31,0
DA:32,0
DA:34,0
DA:35,0
LF:14
LH:0
BRDA:13,0,0,0
BRDA:13,0,1,0
BRDA:22,1,0,0
BRDA:22,1,1,0
BRF:4
BRH:0
end_of_record
TN:
SF:src\services\childService.ts
FN:15,addChildToFamily
FNF:1
FNH:0
FNDA:0,addChildToFamily
DA:16,0
DA:17,0
DA:18,0
DA:20,0
DA:24,0
DA:27,0
DA:30,0
DA:41,0
DA:53,0
DA:56,0
DA:61,0
DA:63,0
LF:12
LH:0
BRDA:17,0,0,0
BRDA:17,0,1,0
BRDA:18,1,0,0
BRDA:18,1,1,0
BRF:4
BRH:0
end_of_record
TN:
SF:src\services\familyService.ts
FN:30,createFamily
FN:88,deleteFamilyPhoto
FNF:2
FNH:0
FNDA:0,createFamily
FNDA:0,deleteFamilyPhoto
DA:31,0
DA:32,0
DA:34,0
DA:37,0
DA:38,0
DA:39,0
DA:41,0
DA:42,0
DA:43,0
DA:47,0
DA:50,0
DA:54,0
DA:57,0
DA:70,0
DA:78,0
DA:79,0
DA:82,0
DA:84,0
DA:89,0
DA:90,0
DA:91,0
DA:92,0
DA:93,0
DA:97,0
LF:24
LH:0
BRDA:32,0,0,0
BRDA:32,0,1,0
BRDA:37,1,0,0
BRDA:37,1,1,0
BRDA:61,2,0,0
BRDA:61,2,1,0
BRDA:74,3,0,0
BRDA:74,3,1,0
BRDA:89,4,0,0
BRDA:89,4,1,0
BRF:10
BRH:0
end_of_record
TN:
SF:src\services\planning.ts
FN:31,getPlanningSlots
FN:53,(anonymous_1)
FNF:2
FNH:0
FNDA:0,getPlanningSlots
FNDA:0,(anonymous_1)
DA:37,0
DA:39,0
DA:46,0
DA:47,0
DA:50,0
DA:51,0
DA:53,0
DA:54,0
DA:56,0
DA:68,0
LF:10
LH:0
BRDA:46,0,0,0
BRDA:46,0,1,0
BRF:2
BRH:0
end_of_record
TN:
SF:src\services\taskService.ts
FN:7,(anonymous_0)
FN:16,(anonymous_1)
FN:18,(anonymous_2)
FN:30,(anonymous_3)
FN:40,(anonymous_4)
FN:46,(anonymous_5)
FN:52,(anonymous_6)
FNF:7
FNH:0
FNDA:0,(anonymous_0)
FNDA:0,(anonymous_1)
FNDA:0,(anonymous_2)
FNDA:0,(anonymous_3)
FNDA:0,(anonymous_4)
FNDA:0,(anonymous_5)
FNDA:0,(anonymous_6)
DA:5,0
DA:12,0
DA:13,0
DA:15,0
DA:17,0
DA:18,0
DA:19,0
DA:24,0
DA:31,0
DA:32,0
DA:36,0
DA:41,0
DA:42,0
DA:47,0
DA:48,0
DA:53,0
DA:54,0
LF:17
LH:0
BRF:0
BRH:0
end_of_record
TN:
SF:src\services\timelineService.ts
FN:23,(anonymous_0)
FN:44,(anonymous_1)
FN:52,(anonymous_2)
FN:93,(anonymous_3)
FN:106,(anonymous_4)
FN:114,(anonymous_5)
FN:144,(anonymous_6)
FN:163,(anonymous_7)
FN:171,(anonymous_8)
FN:178,(anonymous_9)
FN:186,(anonymous_10)
FN:195,(anonymous_11)
FN:205,(anonymous_12)
FNF:13
FNH:13
FNDA:14,(anonymous_0)
FNDA:14,(anonymous_1)
FNDA:14,(anonymous_2)
FNDA:12,(anonymous_3)
FNDA:6,(anonymous_4)
FNDA:11,(anonymous_5)
FNDA:6,(anonymous_6)
FNDA:2,(anonymous_7)
FNDA:2,(anonymous_8)
FNDA:8,(anonymous_9)
FNDA:27,(anonymous_10)
FNDA:1,(anonymous_11)
FNDA:22,(anonymous_12)
DA:24,14
DA:26,13
DA:30,3
DA:31,1
DA:35,2
DA:36,1
DA:40,1
DA:45,14
DA:46,10
DA:47,3
DA:48,1
DA:54,14
DA:56,3
DA:57,3
DA:59,3
DA:60,6
DA:61,6
DA:62,6
DA:66,6
DA:67,2
DA:72,1
DA:73,1
DA:74,1
DA:75,1
DA:76,1
DA:80,11
DA:81,8
DA:85,3
DA:86,1
DA:89,2
DA:98,12
DA:100,12
DA:101,9
DA:102,4
DA:111,6
DA:112,6
DA:114,6
DA:116,11
DA:119,9
DA:121,9
DA:124,8
DA:126,8
DA:127,8
DA:128,8
DA:130,8
DA:132,8
DA:144,6
DA:145,6
DA:146,5
DA:147,2
DA:151,6
DA:152,8
DA:153,6
DA:154,6
DA:158,6
DA:164,2
DA:171,2
DA:172,2
DA:173,2
DA:178,2
DA:179,8
DA:182,2
DA:187,27
DA:188,25
DA:196,1
DA:202,1
DA:206,22
DA:207,16
DA:208,15
DA:209,12
LF:70
LH:70
BRDA:24,0,0,1
BRDA:24,0,1,13
BRDA:26,1,0,10
BRDA:26,1,1,3
BRDA:30,2,0,1
BRDA:30,2,1,2
BRDA:35,3,0,1
BRDA:35,3,1,1
BRDA:35,4,0,2
BRDA:35,4,1,1
BRDA:35,4,2,1
BRDA:45,5,0,4
BRDA:45,5,1,10
BRDA:45,6,0,14
BRDA:45,6,1,14
BRDA:46,7,0,7
BRDA:46,7,1,3
BRDA:46,8,0,10
BRDA:46,8,1,10
BRDA:47,9,0,2
BRDA:47,9,1,1
BRDA:47,10,0,3
BRDA:47,10,1,3
BRDA:54,11,0,3
BRDA:54,11,1,11
BRDA:54,12,0,14
BRDA:54,12,1,3
BRDA:54,12,2,3
BRDA:66,13,0,2
BRDA:66,13,1,4
BRDA:80,14,0,8
BRDA:80,14,1,3
BRDA:80,15,0,11
BRDA:80,15,1,9
BRDA:85,16,0,1
BRDA:85,16,1,2
BRDA:85,17,0,3
BRDA:85,17,1,1
BRDA:96,18,0,0
BRDA:100,19,0,3
BRDA:100,19,1,9
BRDA:101,20,0,5
BRDA:101,20,1,4
BRDA:108,21,0,0
BRDA:109,22,0,3
BRDA:116,23,0,2
BRDA:116,23,1,9
BRDA:116,24,0,11
BRDA:116,24,1,10
BRDA:121,25,0,1
BRDA:121,25,1,8
BRDA:126,26,0,8
BRDA:126,26,1,0
BRDA:145,27,0,1
BRDA:145,27,1,5
BRDA:145,28,0,6
BRDA:145,28,1,1
BRDA:146,29,0,3
BRDA:146,29,1,2
BRDA:146,30,0,5
BRDA:146,30,1,5
BRDA:152,31,0,6
BRDA:152,31,1,2
BRDA:152,32,0,8
BRDA:152,32,1,5
BRDA:154,33,0,4
BRDA:154,33,1,2
BRDA:172,34,0,2
BRDA:172,34,1,0
BRDA:179,35,0,6
BRDA:179,35,1,2
BRDA:187,36,0,2
BRDA:187,36,1,25
BRDA:187,37,0,27
BRDA:187,37,1,27
BRDA:202,38,0,1
BRDA:202,38,1,1
BRDA:206,39,0,6
BRDA:206,39,1,16
BRDA:207,40,0,1
BRDA:207,40,1,15
BRDA:208,41,0,3
BRDA:208,41,1,12
BRF:83
BRH:79
end_of_record
TN:
SF:src\services\user.ts
FN:4,upsertUser
FNF:1
FNH:0
FNDA:0,upsertUser
DA:7,0
LF:1
LH:0
BRF:0
BRH:0
end_of_record
TN:
SF:src\styles\FamilyManagementStyle.ts
FNF:0
FNH:0
DA:3,0
LF:1
LH:0
BRF:0
BRH:0
end_of_record
TN:
SF:src\styles\globalStyles.ts
FNF:0
FNH:0
DA:3,0
LF:1
LH:0
BRF:0
BRH:0
end_of_record
TN:
SF:src\types\images.d.ts
FNF:0
FNH:0
LF:0
LH:0
BRF:0
BRH:0
end_of_record
TN:
SF:src\utils\familyUtils.ts
FN:1,(anonymous_0)
FN:9,(anonymous_1)
FN:17,(anonymous_2)
FN:26,(anonymous_3)
FNF:4
FNH:4
FNDA:3,(anonymous_0)
FNDA:3,(anonymous_1)
FNDA:4,(anonymous_2)
FNDA:4,(anonymous_3)
DA:1,1
DA:2,3
DA:3,1
DA:4,1
DA:5,1
DA:9,1
DA:10,3
DA:11,1
DA:12,1
DA:13,1
DA:17,1
DA:18,4
DA:19,1
DA:20,1
DA:21,1
DA:22,1
DA:26,1
DA:27,4
DA:28,3
DA:29,2
LF:20
LH:20
BRDA:2,0,0,1
BRDA:2,0,1,1
BRDA:2,0,2,1
BRDA:10,1,0,1
BRDA:10,1,1,1
BRDA:10,1,2,1
BRDA:18,2,0,1
BRDA:18,2,1,1
BRDA:18,2,2,1
BRDA:18,2,3,1
BRDA:27,3,0,1
BRDA:27,3,1,3
BRDA:28,4,0,1
BRDA:28,4,1,2
BRF:14
BRH:14
end_of_record
TN:
SF:src\utils\notify.ts
FN:3,notify
FNF:1
FNH:0
FNDA:0,notify
DA:4,0
DA:5,0
DA:7,0
LF:3
LH:0
BRDA:4,0,0,0
BRDA:4,0,1,0
BRDA:5,1,0,0
BRDA:5,1,1,0
BRF:4
BRH:0
end_of_record
TN:
SF:src\utils\planningRange.ts
FN:5,getRangeForMode
FNF:1
FNH:0
FNDA:0,getRangeForMode
DA:9,0
DA:11,0
DA:12,0
DA:13,0
DA:14,0
DA:17,0
DA:18,0
DA:27,0
DA:28,0
DA:32,0
DA:41,0
DA:42,0
LF:12
LH:0
BRDA:11,0,0,0
BRDA:11,0,1,0
BRDA:17,1,0,0
BRDA:17,1,1,0
BRF:4
BRH:0
end_of_record
TN:
SF:src\utils\validation.ts
FN:1,isValidEmail
FN:5,verificationPassword
FNF:2
FNH:0
FNDA:0,isValidEmail
FNDA:0,verificationPassword
DA:2,0
DA:6,0
DA:7,0
LF:3
LH:0
BRF:0
BRH:0
end_of_record
TN:
SF:src\utils\validators.ts
FN:1,(anonymous_0)
FN:20,(anonymous_1)
FN:32,(anonymous_2)
FNF:3
FNH:0
FNDA:0,(anonymous_0)
FNDA:0,(anonymous_1)
FNDA:0,(anonymous_2)
DA:1,0
DA:2,0
DA:3,0
DA:6,0
DA:7,0
DA:10,0
DA:11,0
DA:14,0
DA:15,0
DA:17,0
DA:20,0
DA:21,0
DA:22,0
DA:23,0
DA:25,0
DA:26,0
DA:29,0
DA:32,0
DA:33,0
DA:34,0
LF:20
LH:0
BRDA:2,0,0,0
BRDA:2,0,1,0
BRDA:2,1,0,0
BRDA:2,1,1,0
BRDA:3,2,0,0
BRDA:3,2,1,0
BRDA:7,3,0,0
BRDA:7,3,1,0
BRDA:11,4,0,0
BRDA:11,4,1,0
BRDA:15,5,0,0
BRDA:15,5,1,0
BRDA:25,6,0,0
BRDA:25,6,1,0
BRDA:25,7,0,0
BRDA:25,7,1,0
BRDA:25,7,2,0
BRDA:34,8,0,0
BRDA:34,8,1,0
BRF:19
BRH:0
end_of_record
